#
# There is insufficient memory for the Java Runtime Environment to continue.
# Native memory allocation (malloc) failed to allocate 60384 bytes for Chunk::new
# Possible reasons:
#   The system is out of physical RAM or swap space
#   In 32 bit mode, the process size limit was hit
# Possible solutions:
#   Reduce memory load on the system
#   Increase physical memory or swap space
#   Check if swap backing store is full
#   Use 64 bit Java on a 64 bit OS
#   Decrease Java heap size (-Xmx/-Xms)
#   Decrease number of Java threads
#   Decrease Java thread stack sizes (-Xss)
#   Set larger code cache with -XX:ReservedCodeCacheSize=
# This output file may be truncated or incomplete.
#
#  Out of Memory Error (allocation.cpp:390), pid=18956, tid=0x0000000000003b74
#
# JRE version: OpenJDK Runtime Environment (8.0_76-b03) (build 1.8.0_76-release-b03)
# Java VM: OpenJDK 64-Bit Server VM (25.76-b03 mixed mode windows-amd64 compressed oops)
# Failed to write core dump. Minidumps are not enabled by default on client versions of Windows
#

---------------  T H R E A D  ---------------

Current thread (0x000000001e06c800):  JavaThread "C2 CompilerThread2" daemon [_thread_in_native, id=15220, stack(0x000000001e950000,0x000000001ea50000)]

Stack: [0x000000001e950000,0x000000001ea50000]
[error occurred during error reporting (printing stack bounds), id 0xc0000005]

Native frames: (J=compiled Java code, j=interpreted, Vv=VM code, C=native code)


Current CompileTask:
C2:   2866 1400       4       com.android.dx.ssa.SCCP::simulateStmt (481 bytes)


---------------  P R O C E S S  ---------------

Java Threads: ( => current thread )
  0x000000001ed78800 JavaThread "pool-1-thread-4" [_thread_blocked, id=5016, stack(0x000000001f950000,0x000000001fa50000)]
  0x000000001e3a5000 JavaThread "pool-1-thread-3" [_thread_blocked, id=1168, stack(0x000000001f850000,0x000000001f950000)]
  0x000000001e39e000 JavaThread "pool-1-thread-2" [_thread_blocked, id=18008, stack(0x000000001f750000,0x000000001f850000)]
  0x000000001ed6f800 JavaThread "pool-2-thread-1" [_thread_blocked, id=7484, stack(0x000000001f650000,0x000000001f750000)]
  0x000000001e32a000 JavaThread "pool-1-thread-1" [_thread_blocked, id=15760, stack(0x000000001f550000,0x000000001f650000)]
  0x000000001e11e000 JavaThread "Service Thread" daemon [_thread_blocked, id=18852, stack(0x000000001eb50000,0x000000001ec50000)]
  0x000000001e07b800 JavaThread "C1 CompilerThread3" daemon [_thread_blocked, id=2224, stack(0x000000001ea50000,0x000000001eb50000)]
=>0x000000001e06c800 JavaThread "C2 CompilerThread2" daemon [_thread_in_native, id=15220, stack(0x000000001e950000,0x000000001ea50000)]
  0x000000001e06a000 JavaThread "C2 CompilerThread1" daemon [_thread_blocked, id=4900, stack(0x000000001e850000,0x000000001e950000)]
  0x000000001c11a000 JavaThread "C2 CompilerThread0" daemon [_thread_in_native, id=15540, stack(0x000000001e750000,0x000000001e850000)]
  0x000000001e067800 JavaThread "Attach Listener" daemon [_thread_blocked, id=15792, stack(0x000000001e650000,0x000000001e750000)]
  0x000000001e01c000 JavaThread "Signal Dispatcher" daemon [_thread_blocked, id=15132, stack(0x000000001e550000,0x000000001e650000)]
  0x0000000002598800 JavaThread "Finalizer" daemon [_thread_blocked, id=9052, stack(0x000000001e3e0000,0x000000001e4e0000)]
  0x0000000002595000 JavaThread "Reference Handler" daemon [_thread_blocked, id=3908, stack(0x000000001dee0000,0x000000001dfe0000)]
  0x00000000024a2800 JavaThread "main" [_thread_blocked, id=7084, stack(0x00000000023a0000,0x00000000024a0000)]

Other Threads:
  0x000000001c107000 VMThread [stack: 0x000000001dde0000,0x000000001dee0000] [id=12456]
  0x000000001e11e800 WatcherThread [stack: 0x000000001ec50000,0x000000001ed50000] [id=4856]

VM state:at safepoint (normal execution)

VM Mutex/Monitor currently owned by a thread:  ([mutex/lock_event])
[0x000000000235ddf0] Threads_lock - owner thread: 0x000000001c107000
[0x000000000235e1f0] Heap_lock - owner thread: 0x000000001ed78800

Heap:
 PSYoungGen      total 37888K, used 37883K [0x000000076ab00000, 0x000000076d500000, 0x00000007c0000000)
  eden space 32768K, 100% used [0x000000076ab00000,0x000000076cb00000,0x000000076cb00000)
  from space 5120K, 99% used [0x000000076cb00000,0x000000076cffef78,0x000000076d000000)
  to   space 5120K, 38% used [0x000000076d000000,0x000000076d1ea298,0x000000076d500000)
 ParOldGen       total 86016K, used 191K [0x00000006c0000000, 0x00000006c5400000, 0x000000076ab00000)
  object space 86016K, 0% used [0x00000006c0000000,0x00000006c002fd18,0x00000006c5400000)
 Metaspace       used 6118K, capacity 7024K, committed 7296K, reserved 1056768K
  class space    used 580K, capacity 616K, committed 640K, reserved 1048576K

Card table byte_map: [0x0000000011960000,0x0000000012170000] byte_map_base: 0x000000000e360000

Marking Bits: (ParMarkBitMap*) 0x0000000063b69d00
 Begin Bits: [0x0000000012ed0000, 0x0000000016ed0000)
 End Bits:   [0x0000000016ed0000, 0x000000001aed0000)

Polling page: 0x00000000007b0000

CodeCache: size=245760Kb used=5759Kb max_used=5759Kb free=240000Kb
 bounds [0x00000000025a0000, 0x0000000002b50000, 0x00000000115a0000]
 total_blobs=1703 nmethods=1435 adapters=182
 compilation: enabled

Compilation events (10 events):
Event: 2.853 Thread 0x000000001e07b800 1454   !   3       com.android.dx.cf.code.ExecutionStack::merge (31 bytes)
Event: 2.854 Thread 0x000000001e07b800 nmethod 1454 0x0000000002b43a50 code [0x0000000002b43c00, 0x0000000002b440a8]
Event: 2.854 Thread 0x000000001e07b800 1456       3       com.android.dx.cf.code.Frame::mergeSubroutineLists (90 bytes)
Event: 2.854 Thread 0x000000001e07b800 nmethod 1456 0x0000000002b44210 code [0x0000000002b443e0, 0x0000000002b44cc8]
Event: 2.854 Thread 0x000000001e07b800 1457       3       com.android.dx.util.IntList::equals (82 bytes)
Event: 2.855 Thread 0x000000001e07b800 nmethod 1457 0x0000000002b44fd0 code [0x0000000002b45160, 0x0000000002b45710]
Event: 2.855 Thread 0x000000001e07b800 1453       3       com.android.dx.rop.annotation.Annotations::getAnnotations (11 bytes)
Event: 2.855 Thread 0x000000001e07b800 nmethod 1453 0x0000000002b45910 code [0x0000000002b45ac0, 0x0000000002b46108]
Event: 2.856 Thread 0x000000001e07b800 1459       2       com.android.dx.cf.code.ConcreteMethod::getMaxStack (8 bytes)
Event: 2.856 Thread 0x000000001e07b800 nmethod 1459 0x0000000002b46450 code [0x0000000002b465a0, 0x0000000002b466f0]

GC Heap History (3 events):
Event: 2.044 GC heap before
{Heap before GC invocations=1 (full 0):
 PSYoungGen      total 37888K, used 32768K [0x000000076ab00000, 0x000000076d500000, 0x00000007c0000000)
  eden space 32768K, 100% used [0x000000076ab00000,0x000000076cb00000,0x000000076cb00000)
  from space 5120K, 0% used [0x000000076d000000,0x000000076d000000,0x000000076d500000)
  to   space 5120K, 0% used [0x000000076cb00000,0x000000076cb00000,0x000000076d000000)
 ParOldGen       total 86016K, used 0K [0x00000006c0000000, 0x00000006c5400000, 0x000000076ab00000)
  object space 86016K, 0% used [0x00000006c0000000,0x00000006c0000000,0x00000006c5400000)
 Metaspace       used 5882K, capacity 6832K, committed 7040K, reserved 1056768K
  class space    used 578K, capacity 616K, committed 640K, reserved 1048576K
Event: 2.251 GC heap after
Heap after GC invocations=1 (full 0):
 PSYoungGen      total 37888K, used 5115K [0x000000076ab00000, 0x000000076d500000, 0x00000007c0000000)
  eden space 32768K, 0% used [0x000000076ab00000,0x000000076ab00000,0x000000076cb00000)
  from space 5120K, 99% used [0x000000076cb00000,0x000000076cffef78,0x000000076d000000)
  to   space 5120K, 0% used [0x000000076d000000,0x000000076d000000,0x000000076d500000)
 ParOldGen       total 86016K, used 191K [0x00000006c0000000, 0x00000006c5400000, 0x000000076ab00000)
  object space 86016K, 0% used [0x00000006c0000000,0x00000006c002fd18,0x00000006c5400000)
 Metaspace       used 5882K, capacity 6832K, committed 7040K, reserved 1056768K
  class space    used 578K, capacity 616K, committed 640K, reserved 1048576K
}
Event: 2.859 GC heap before
{Heap before GC invocations=2 (full 0):
 PSYoungGen      total 37888K, used 37883K [0x000000076ab00000, 0x000000076d500000, 0x00000007c0000000)
  eden space 32768K, 100% used [0x000000076ab00000,0x000000076cb00000,0x000000076cb00000)
  from space 5120K, 99% used [0x000000076cb00000,0x000000076cffef78,0x000000076d000000)
  to   space 5120K, 0% used [0x000000076d000000,0x000000076d000000,0x000000076d500000)
 ParOldGen       total 86016K, used 191K [0x00000006c0000000, 0x00000006c5400000, 0x000000076ab00000)
  object space 86016K, 0% used [0x00000006c0000000,0x00000006c002fd18,0x00000006c5400000)
 Metaspace       used 6118K, capacity 7024K, committed 7296K, reserved 1056768K
  class space    used 580K, capacity 616K, committed 640K, reserved 1048576K

Deoptimization events (10 events):
Event: 2.802 Thread 0x00000000024a2800 Uncommon trap: reason=unstable_if action=reinterpret pc=0x00000000029eff30 method=com.android.dx.rop.code.RegisterSpec.equals(ILcom/android/dx/rop/type/TypeBearer;Lcom/android/dx/rop/code/LocalItem;)Z @ 42
Event: 2.816 Thread 0x000000001e32a000 Uncommon trap: reason=unstable_if action=reinterpret pc=0x000000000287119c method=com.android.dx.rop.cst.Constant.compareTo(Lcom/android/dx/rop/cst/Constant;)I @ 12
Event: 2.833 Thread 0x00000000024a2800 Uncommon trap: reason=unstable_if action=reinterpret pc=0x0000000002a73f5c method=com.android.dx.ssa.SsaMethod.updateOneDefinition(Lcom/android/dx/ssa/SsaInsn;Lcom/android/dx/rop/code/RegisterSpec;)V @ 4
Event: 2.840 Thread 0x000000001ed78800 Uncommon trap: reason=bimorphic action=maybe_recompile pc=0x00000000029feb10 method=java.util.HashMap.getNode(ILjava/lang/Object;)Ljava/util/HashMap$Node; @ 126
Event: 2.840 Thread 0x000000001ed78800 Uncommon trap: reason=class_check action=maybe_recompile pc=0x0000000002a5324c method=java.util.HashMap.putVal(ILjava/lang/Object;Ljava/lang/Object;ZZ)Ljava/lang/Object; @ 203
Event: 2.840 Thread 0x000000001ed78800 Uncommon trap: reason=bimorphic action=maybe_recompile pc=0x00000000029feb10 method=java.util.HashMap.getNode(ILjava/lang/Object;)Ljava/util/HashMap$Node; @ 126
Event: 2.841 Thread 0x000000001ed78800 Uncommon trap: reason=class_check action=maybe_recompile pc=0x0000000002a5324c method=java.util.HashMap.putVal(ILjava/lang/Object;Ljava/lang/Object;ZZ)Ljava/lang/Object; @ 203
Event: 2.841 Thread 0x000000001ed78800 Uncommon trap: reason=bimorphic action=maybe_recompile pc=0x00000000029feb10 method=java.util.HashMap.getNode(ILjava/lang/Object;)Ljava/util/HashMap$Node; @ 126
Event: 2.841 Thread 0x000000001ed78800 Uncommon trap: reason=bimorphic action=maybe_recompile pc=0x00000000029feb10 method=java.util.HashMap.getNode(ILjava/lang/Object;)Ljava/util/HashMap$Node; @ 126
Event: 2.841 Thread 0x000000001ed78800 Uncommon trap: reason=class_check action=maybe_recompile pc=0x0000000002a5324c method=java.util.HashMap.putVal(ILjava/lang/Object;Ljava/lang/Object;ZZ)Ljava/lang/Object; @ 203

Internal exceptions (2 events):
Event: 0.099 Thread 0x00000000024a2800 Exception <a 'java/lang/NoSuchMethodError': Method sun.misc.Unsafe.defineClass(Ljava/lang/String;[BII)Ljava/lang/Class; name or signature does not match> (0x000000076ab07cc0) thrown at [C:\src\android\AOSP-openjdk\external\jetbrains\jdk\hotspot\src\share\vD"‹Æ¨|¹?
Event: 0.100 Thread 0x00000000024a2800 Exception <a 'java/lang/NoSuchMethodError': Method sun.misc.Unsafe.prefetchRead(Ljava/lang/Object;J)V name or signature does not match> (0x000000076ab07fa8) thrown at [C:\src\android\AOSP-openjdk\external\jetbrains\jdk\hotspot\src\share\vm\prims\jni.cpp, l

Events (10 events):
Event: 2.841 Thread 0x000000001ed78800 Uncommon trap: trap_request=0xffffffc6 fr.pc=0x00000000029feb10
Event: 2.841 Thread 0x000000001ed78800 DEOPT PACKING pc=0x00000000029feb10 sp=0x000000001fa4e6a0
Event: 2.841 Thread 0x000000001ed78800 DEOPT UNPACKING pc=0x00000000025e556a sp=0x000000001fa4e620 mode 2
Event: 2.841 Thread 0x000000001ed78800 Uncommon trap: trap_request=0xffffffc6 fr.pc=0x00000000029feb10
Event: 2.841 Thread 0x000000001ed78800 DEOPT PACKING pc=0x00000000029feb10 sp=0x000000001fa4e6a0
Event: 2.841 Thread 0x000000001ed78800 DEOPT UNPACKING pc=0x00000000025e556a sp=0x000000001fa4e620 mode 2
Event: 2.841 Thread 0x000000001ed78800 Uncommon trap: trap_request=0xffffffde fr.pc=0x0000000002a5324c
Event: 2.841 Thread 0x000000001ed78800 DEOPT PACKING pc=0x0000000002a5324c sp=0x000000001fa4ea90
Event: 2.841 Thread 0x000000001ed78800 DEOPT UNPACKING pc=0x00000000025e556a sp=0x000000001fa4ea18 mode 2
Event: 2.858 Executing VM operation: ParallelGCFailedAllocation


Dynamic libraries:
0x00007ff6f3b30000 - 0x00007ff6f3b61000 	D:\andriod-studio\Android Studio\jre\bin\java.exe
0x00007ffb5ab90000 - 0x00007ffb5ad61000 	C:\WINDOWS\SYSTEM32\ntdll.dll
0x00007ffb58490000 - 0x00007ffb5853b000 	C:\WINDOWS\System32\KERNEL32.DLL
0x00007ffb57b70000 - 0x00007ffb57d8d000 	C:\WINDOWS\System32\KERNELBASE.dll
0x00007ffb57fd0000 - 0x00007ffb58072000 	C:\WINDOWS\System32\ADVAPI32.dll
0x00007ffb58080000 - 0x00007ffb5811e000 	C:\WINDOWS\System32\msvcrt.dll
0x00007ffb58400000 - 0x00007ffb58459000 	C:\WINDOWS\System32\sechost.dll
0x00007ffb58a70000 - 0x00007ffb58b91000 	C:\WINDOWS\System32\RPCRT4.dll
0x00007ffb58220000 - 0x00007ffb58385000 	C:\WINDOWS\System32\USER32.dll
0x00007ffb579d0000 - 0x00007ffb579ee000 	C:\WINDOWS\System32\win32u.dll
0x00007ffb58640000 - 0x00007ffb58674000 	C:\WINDOWS\System32\GDI32.dll
0x00007ffb56f30000 - 0x00007ffb570b2000 	C:\WINDOWS\System32\gdi32full.dll
0x00007ffb4f630000 - 0x00007ffb4f8a9000 	C:\WINDOWS\WinSxS\amd64_microsoft.windows.common-controls_6595b64144ccf1df_6.0.14393.447_none_42191651c6827bb3\COMCTL32.dll
0x00007ffb58790000 - 0x00007ffb58a58000 	C:\WINDOWS\System32\combase.dll
0x00007ffb57110000 - 0x00007ffb57205000 	C:\WINDOWS\System32\ucrtbase.dll
0x00007ffb57aa0000 - 0x00007ffb57b0a000 	C:\WINDOWS\System32\bcryptPrimitives.dll
0x00007ffb58460000 - 0x00007ffb5848e000 	C:\WINDOWS\System32\IMM32.DLL
0x0000000064600000 - 0x00000000646d2000 	D:\andriod-studio\Android Studio\jre\jre\bin\msvcr100.dll
0x00000000633b0000 - 0x0000000063be4000 	D:\andriod-studio\Android Studio\jre\jre\bin\server\jvm.dll
0x00007ffb57210000 - 0x00007ffb57233000 	C:\WINDOWS\System32\WINMM.dll
0x00007ffb56dc0000 - 0x00007ffb56deb000 	C:\WINDOWS\System32\WINMMBASE.dll
0x00007ffb570c0000 - 0x00007ffb57102000 	C:\WINDOWS\System32\cfgmgr32.dll
0x00007ffb5a660000 - 0x00007ffb5a668000 	C:\WINDOWS\System32\PSAPI.DLL
0x00007ffb52ed0000 - 0x00007ffb52ed9000 	C:\WINDOWS\SYSTEM32\WSOCK32.dll
0x00007ffb57f60000 - 0x00007ffb57fca000 	C:\WINDOWS\System32\WS2_32.dll
0x00007ffb51fb0000 - 0x00007ffb51fba000 	C:\WINDOWS\SYSTEM32\VERSION.dll
0x00007ffb53770000 - 0x00007ffb5377f000 	D:\andriod-studio\Android Studio\jre\jre\bin\verify.dll
0x00007ffb4dbe0000 - 0x00007ffb4dc09000 	D:\andriod-studio\Android Studio\jre\jre\bin\java.dll
0x00007ffb521a0000 - 0x00007ffb521b6000 	D:\andriod-studio\Android Studio\jre\jre\bin\zip.dll
0x00007ffb58ba0000 - 0x00007ffb5a0a9000 	C:\WINDOWS\System32\SHELL32.dll
0x00007ffb57240000 - 0x00007ffb5791a000 	C:\WINDOWS\System32\windows.storage.dll
0x00007ffb56ee0000 - 0x00007ffb56f2c000 	C:\WINDOWS\System32\powrprof.dll
0x00007ffb5a0d0000 - 0x00007ffb5a122000 	C:\WINDOWS\System32\shlwapi.dll
0x00007ffb56df0000 - 0x00007ffb56dff000 	C:\WINDOWS\System32\kernel.appcore.dll
0x00007ffb56e30000 - 0x00007ffb56ed9000 	C:\WINDOWS\System32\shcore.dll
0x00007ffb56e00000 - 0x00007ffb56e14000 	C:\WINDOWS\System32\profapi.dll

VM Arguments:
jvm_args: -Djava.awt.headless=true -Xmx4g -Dfile.encoding=GBK -Duser.country=CN -Duser.language=zh -Duser.variant 
java_command: com.android.dx.command.Main --dex --force-jumbo --num-threads=4 --output D:\andriod-studio\workspace\wenhuaijun-SearchPictureTool-6e61917\app\build\intermediates\pre-dexed\build\debug\com.android.support-support-v4-24.1.1_f7630233f841050061e01cff3b73ba4ccc593254.jar D:\andriod-studio\workspace\wenhuaijun-SearchPictureTool-6e61917\app\build\intermediates\exploded-aar\com.android.support\support-v4\24.1.1\jars\classes.jar
java_class_path (initial): D:\androidstudio\Sdk\build-tools\24.0.0\lib\dx.jar
Launcher Type: SUN_STANDARD

Environment Variables:
JAVA_HOME=C:\Program Files\Java\jdk1.8.0_91
CLASSPATH=.;C:\Program Files\Java\jdk1.8.0_91\lib\dt.jar;C:\Program Files\Java\jdk1.8.0_91\lib\tools.jar
PATH=C:\Program Files\NVIDIA GPU Computing Toolkit\CUDA\v7.5\bin;C:\Program Files\NVIDIA GPU Computing Toolkit\CUDA\v7.5\libnvvp;C:;C:\Program Files\Java\jdk1.8.0_91\bin;C:\Program Files\Java\jdk1.8.0_91\jre\bin;\ProgramData\Oracle\Java\javapath;C:\Program Files (x86)\Intel\iCLS Client\;C:\Program Files\Intel\iCLS Client\;C:\windows\system32;C:\windows;C:\windows\System32\Wbem;C:\windows\System32\WindowsPowerShell\v1.0\;C:\Program Files (x86)\Intel\Intel(R) Management Engine Components\DAL;C:\Program Files\Intel\Intel(R) Management Engine Components\DAL;C:\Program Files (x86)\Intel\Intel(R) Management Engine Components\IPT;C:\Program Files\Intel\Intel(R) Management Engine Components\IPT;C:\Program Files (x86)\NVIDIA Corporation\PhysX\Common;C:\Program Files\Intel\IntelSGXPSW\bin\x64\Release\;C:\Program Files\Intel\IntelSGXPSW\bin\win32\Release\;C:\Program Files\Intel\WiFi\bin\;C:\Program Files\Common Files\Intel\WirelessCommon\;C:\WINDOWS\system32;C:\WINDOWS;C:\WINDOWS\System32\Wbem;C:\WINDOWS\System32\WindowsPowerShell\v1.0\;D:\mysql\bin;D:\openCV\Opencv\build\x64\vc12\bin;C:\Program Files (x86)\Windows Kits\8.1\Windows Performance Toolkit\;C:\Program Files (x86)\Microsoft SDKs\TypeScript\1.0\;D:\opencv\opencv\build\x86\vc12\bin;D:\opencv\opencv\build\x64\vc12\bin;C:\Program Files (x86)\Autodesk\Backburner\;C:\Program Files\Common Files\Autodesk Shared\;C:\Program Files\Microsoft SQL Server\Client SDK\ODBC\110\Tools\Binn\;C:\Program Files (x86)\Microsoft SQL Server\120\Tools\Binn\;C:\Program Files\Microsoft SQL Server\120\Tools\Binn\;C:\Program Files\Microsoft SQL Server\120\DTS\Binn\;C:\Program Files (x86)\Microsoft SQL Server\120\Tools\Binn\ManagementStudio\;C:\Program Files (x86)\Microsoft SQL Server\120\DTS\Binn\;C:\Program Files\Microsoft SQL Server\110\Tools\Binn\;D:\MATLAB\v901\runtime\win64;C:\Program Files (x86)\GtkSharp\2.12\bin;D:\SDK\android-studio\tools;D:\SDK\android-studio\platform-tools;D:\git\Git\cmd;C:\Users\raozhi\AppData\Local\Microsoft\WindowsApps
USERNAME=raozhi
OS=Windows_NT
PROCESSOR_IDENTIFIER=Intel64 Family 6 Model 94 Stepping 3, GenuineIntel



---------------  S Y S T E M  ---------------

OS: Windows 10.0 , 64 bit Build 14393 (10.0.14393.0)

CPU:total 8 (4 cores per cpu, 2 threads per core) family 6 model 94 stepping 3, cmov, cx8, fxsr, mmx, sse, sse2, sse3, ssse3, sse4.1, sse4.2, popcnt, avx, avx2, aes, clmul, erms, rtm, 3dnowpref, lzcnt, ht, tsc, tscinvbit, bmi1, bmi2, adx

Memory: 4k page, physical 8223456k(1543384k free), swap 11796628k(5300k free)

vm_info: OpenJDK 64-Bit Server VM (25.76-b03) for windows-amd64 JRE (1.8.0_76-release-b03), built on Jun 29 2016 19:09:20 by "ralucas" with MS VC++ 10.0 (VS2010)

time: Fri May 26 19:28:50 2017
elapsed time: 2 seconds (0d 0h 0m 2s)

