#
# There is insufficient memory for the Java Runtime Environment to continue.
# Native memory allocation (malloc) failed to allocate 142096 bytes for Chunk::new
# Possible reasons:
#   The system is out of physical RAM or swap space
#   In 32 bit mode, the process size limit was hit
# Possible solutions:
#   Reduce memory load on the system
#   Increase physical memory or swap space
#   Check if swap backing store is full
#   Use 64 bit Java on a 64 bit OS
#   Decrease Java heap size (-Xmx/-Xms)
#   Decrease number of Java threads
#   Decrease Java thread stack sizes (-Xss)
#   Set larger code cache with -XX:ReservedCodeCacheSize=
# This output file may be truncated or incomplete.
#
#  Out of Memory Error (allocation.cpp:390), pid=12348, tid=0x00000000000011ac
#
# JRE version: OpenJDK Runtime Environment (8.0_76-b03) (build 1.8.0_76-release-b03)
# Java VM: OpenJDK 64-Bit Server VM (25.76-b03 mixed mode windows-amd64 compressed oops)
# Failed to write core dump. Minidumps are not enabled by default on client versions of Windows
#

---------------  T H R E A D  ---------------

Current thread (0x000000001e393000):  JavaThread "C2 CompilerThread2" daemon [_thread_in_native, id=4524, stack(0x000000001ed00000,0x000000001ee00000)]

Stack: [0x000000001ed00000,0x000000001ee00000]
[error occurred during error reporting (printing stack bounds), id 0xc0000005]

Native frames: (J=compiled Java code, j=interpreted, Vv=VM code, C=native code)


Current CompileTask:
C2:   2729 1463       4       com.android.dx.rop.code.LocalVariableInfo::mergeStarts (75 bytes)


---------------  P R O C E S S  ---------------

Java Threads: ( => current thread )
  0x000000001e692000 JavaThread "pool-1-thread-4" [_thread_blocked, id=12832, stack(0x000000001fd00000,0x000000001fe00000)]
  0x000000001e65c000 JavaThread "pool-1-thread-3" [_thread_in_Java, id=852, stack(0x000000001fc00000,0x000000001fd00000)]
  0x000000001e659800 JavaThread "pool-1-thread-2" [_thread_blocked, id=4148, stack(0x000000001fb00000,0x000000001fc00000)]
  0x000000001e6e4800 JavaThread "pool-2-thread-1" [_thread_blocked, id=16700, stack(0x000000001fa00000,0x000000001fb00000)]
  0x000000001e6dd800 JavaThread "pool-1-thread-1" [_thread_blocked, id=5784, stack(0x000000001f900000,0x000000001fa00000)]
  0x000000001e42b800 JavaThread "Service Thread" daemon [_thread_blocked, id=1280, stack(0x000000001ef00000,0x000000001f000000)]
  0x000000001e3b7000 JavaThread "C1 CompilerThread3" daemon [_thread_in_native, id=4180, stack(0x000000001ee00000,0x000000001ef00000)]
=>0x000000001e393000 JavaThread "C2 CompilerThread2" daemon [_thread_in_native, id=4524, stack(0x000000001ed00000,0x000000001ee00000)]
  0x000000001e38b000 JavaThread "C2 CompilerThread1" daemon [_thread_in_vm, id=15928, stack(0x000000001ec00000,0x000000001ed00000)]
  0x000000001c43b000 JavaThread "C2 CompilerThread0" daemon [_thread_in_native, id=2304, stack(0x000000001eb00000,0x000000001ec00000)]
  0x000000001e388800 JavaThread "Attach Listener" daemon [_thread_blocked, id=11228, stack(0x000000001ea00000,0x000000001eb00000)]
  0x000000001e33d800 JavaThread "Signal Dispatcher" daemon [_thread_blocked, id=13096, stack(0x000000001e900000,0x000000001ea00000)]
  0x000000000290e000 JavaThread "Finalizer" daemon [_thread_blocked, id=8036, stack(0x000000001e700000,0x000000001e800000)]
  0x000000001c42b800 JavaThread "Reference Handler" daemon [_thread_blocked, id=16248, stack(0x000000001e200000,0x000000001e300000)]
  0x000000000280e800 JavaThread "main" [_thread_blocked, id=4140, stack(0x0000000002690000,0x0000000002790000)]

Other Threads:
  0x000000001c427000 VMThread [stack: 0x000000001e100000,0x000000001e200000] [id=6512]
  0x000000001e42c800 WatcherThread [stack: 0x000000001f000000,0x000000001f100000] [id=13088]

VM state:not at safepoint (normal execution)

VM Mutex/Monitor currently owned by a thread: None

Heap:
 PSYoungGen      total 37888K, used 25612K [0x000000076ab00000, 0x000000076f500000, 0x00000007c0000000)
  eden space 32768K, 62% used [0x000000076ab00000,0x000000076bf06700,0x000000076cb00000)
  from space 5120K, 99% used [0x000000076cb00000,0x000000076cffcab0,0x000000076d000000)
  to   space 5120K, 0% used [0x000000076f000000,0x000000076f000000,0x000000076f500000)
 ParOldGen       total 86016K, used 2270K [0x00000006c0000000, 0x00000006c5400000, 0x000000076ab00000)
  object space 86016K, 2% used [0x00000006c0000000,0x00000006c0237ae0,0x00000006c5400000)
 Metaspace       used 6054K, capacity 6960K, committed 7040K, reserved 1056768K
  class space    used 573K, capacity 616K, committed 640K, reserved 1048576K

Card table byte_map: [0x0000000011cd0000,0x00000000124e0000] byte_map_base: 0x000000000e6d0000

Marking Bits: (ParMarkBitMap*) 0x0000000063b69d00
 Begin Bits: [0x0000000013240000, 0x0000000017240000)
 End Bits:   [0x0000000017240000, 0x000000001b240000)

Polling page: 0x0000000000b80000

CodeCache: size=245760Kb used=6029Kb max_used=6029Kb free=239730Kb
 bounds [0x0000000002910000, 0x0000000002f00000, 0x0000000011910000]
 total_blobs=1732 nmethods=1461 adapters=182
 compilation: enabled

Compilation events (10 events):
Event: 2.721 Thread 0x000000001e3b7000 nmethod 1461 0x0000000002eebdd0 code [0x0000000002eebf40, 0x0000000002eec128]
Event: 2.721 Thread 0x000000001c43b000 1462       4       com.android.dx.rop.code.Insn::getLocalAssignment (48 bytes)
Event: 2.722 Thread 0x000000001e38b000 nmethod 1460 0x0000000002ef1dd0 code [0x0000000002ef1f20, 0x0000000002ef2158]
Event: 2.722 Thread 0x000000001e393000 1463       4       com.android.dx.rop.code.LocalVariableInfo::mergeStarts (75 bytes)
Event: 2.722 Thread 0x000000001c43b000 nmethod 1462 0x0000000002ef2410 code [0x0000000002ef2560, 0x0000000002ef2678]
Event: 2.724 Thread 0x000000001e3b7000 1466       3       com.android.dx.ssa.PhiTypeResolver::equalsHandlesNulls (23 bytes)
Event: 2.724 Thread 0x000000001e38b000 1464       4       com.android.dx.ssa.SCCP::simulateStmt (481 bytes)
Event: 2.724 Thread 0x000000001c43b000 1465       4       com.android.dx.ssa.SCCP::simulateBranch (666 bytes)
Event: 2.726 Thread 0x000000001e3b7000 nmethod 1466 0x0000000002ef16d0 code [0x0000000002ef1860, 0x0000000002ef1ca8]
Event: 2.726 Thread 0x000000001e3b7000 1467       3       com.android.dx.rop.code.Rops::opGetField (97 bytes)

GC Heap History (2 events):
Event: 1.634 GC heap before
{Heap before GC invocations=1 (full 0):
 PSYoungGen      total 37888K, used 32768K [0x000000076ab00000, 0x000000076d500000, 0x00000007c0000000)
  eden space 32768K, 100% used [0x000000076ab00000,0x000000076cb00000,0x000000076cb00000)
  from space 5120K, 0% used [0x000000076d000000,0x000000076d000000,0x000000076d500000)
  to   space 5120K, 0% used [0x000000076cb00000,0x000000076cb00000,0x000000076d000000)
 ParOldGen       total 86016K, used 0K [0x00000006c0000000, 0x00000006c5400000, 0x000000076ab00000)
  object space 86016K, 0% used [0x00000006c0000000,0x00000006c0000000,0x00000006c5400000)
 Metaspace       used 5957K, capacity 6896K, committed 7040K, reserved 1056768K
  class space    used 573K, capacity 616K, committed 640K, reserved 1048576K
Event: 1.855 GC heap after
Heap after GC invocations=1 (full 0):
 PSYoungGen      total 37888K, used 5106K [0x000000076ab00000, 0x000000076f500000, 0x00000007c0000000)
  eden space 32768K, 0% used [0x000000076ab00000,0x000000076ab00000,0x000000076cb00000)
  from space 5120K, 99% used [0x000000076cb00000,0x000000076cffcab0,0x000000076d000000)
  to   space 5120K, 0% used [0x000000076f000000,0x000000076f000000,0x000000076f500000)
 ParOldGen       total 86016K, used 2270K [0x00000006c0000000, 0x00000006c5400000, 0x000000076ab00000)
  object space 86016K, 2% used [0x00000006c0000000,0x00000006c0237ae0,0x00000006c5400000)
 Metaspace       used 5957K, capacity 6896K, committed 7040K, reserved 1056768K
  class space    used 573K, capacity 616K, committed 640K, reserved 1048576K
}

Deoptimization events (10 events):
Event: 1.499 Thread 0x000000001e65c000 Uncommon trap: reason=class_check action=maybe_recompile pc=0x0000000002b64c30 method=com.android.dx.ssa.NormalSsaInsn.accept(Lcom/android/dx/ssa/SsaInsn$Visitor;)V @ 9
Event: 1.880 Thread 0x000000000280e800 Uncommon trap: reason=bimorphic action=maybe_recompile pc=0x0000000002b657a4 method=java.util.HashMap.getNode(ILjava/lang/Object;)Ljava/util/HashMap$Node; @ 126
Event: 1.880 Thread 0x000000000280e800 Uncommon trap: reason=class_check action=maybe_recompile pc=0x0000000002cce4f4 method=java.util.HashMap.putVal(ILjava/lang/Object;Ljava/lang/Object;ZZ)Ljava/lang/Object; @ 203
Event: 1.889 Thread 0x000000001e6dd800 Uncommon trap: reason=unstable_if action=reinterpret pc=0x0000000002dd5b68 method=com.android.dx.ssa.SCCP.simulateStmt(Lcom/android/dx/ssa/SsaInsn;)V @ 53
Event: 2.112 Thread 0x000000001e65c000 Uncommon trap: reason=bimorphic action=maybe_recompile pc=0x0000000002b657a4 method=java.util.HashMap.getNode(ILjava/lang/Object;)Ljava/util/HashMap$Node; @ 126
Event: 2.112 Thread 0x000000001e65c000 Uncommon trap: reason=class_check action=maybe_recompile pc=0x0000000002cce4f4 method=java.util.HashMap.putVal(ILjava/lang/Object;Ljava/lang/Object;ZZ)Ljava/lang/Object; @ 203
Event: 2.545 Thread 0x000000001e65c000 Uncommon trap: reason=bimorphic action=maybe_recompile pc=0x0000000002b657a4 method=java.util.HashMap.getNode(ILjava/lang/Object;)Ljava/util/HashMap$Node; @ 126
Event: 2.545 Thread 0x000000001e65c000 Uncommon trap: reason=class_check action=maybe_recompile pc=0x0000000002cce4f4 method=java.util.HashMap.putVal(ILjava/lang/Object;Ljava/lang/Object;ZZ)Ljava/lang/Object; @ 203
Event: 2.545 Thread 0x000000001e65c000 Uncommon trap: reason=bimorphic action=maybe_recompile pc=0x0000000002b657a4 method=java.util.HashMap.getNode(ILjava/lang/Object;)Ljava/util/HashMap$Node; @ 126
Event: 2.545 Thread 0x000000001e65c000 Uncommon trap: reason=class_check action=maybe_recompile pc=0x0000000002cce4f4 method=java.util.HashMap.putVal(ILjava/lang/Object;Ljava/lang/Object;ZZ)Ljava/lang/Object; @ 203

Internal exceptions (3 events):
Event: 0.084 Thread 0x000000000280e800 Exception <a 'java/lang/NoSuchMethodError': Method sun.misc.Unsafe.defineClass(Ljava/lang/String;[BII)Ljava/lang/Class; name or signature does not match> (0x000000076ab07cc0) thrown at [C:\src\android\AOSP-openjdk\external\jetbrains\jdk\hotspot\src\share\vää‚2c~µ?
Event: 0.084 Thread 0x000000000280e800 Exception <a 'java/lang/NoSuchMethodError': Method sun.misc.Unsafe.prefetchRead(Ljava/lang/Object;J)V name or signature does not match> (0x000000076ab07fa8) thrown at [C:\src\android\AOSP-openjdk\external\jetbrains\jdk\hotspot\src\share\vm\prims\jni.cpp, laJéÕ­ö?
Event: 1.417 Thread 0x000000001e65c000 Implicit null exception at 0x0000000002c35ab1 to 0x0000000002c38149

Events (10 events):
Event: 2.545 Thread 0x000000001e65c000 DEOPT UNPACKING pc=0x000000000295556a sp=0x000000001fcfeaa0 mode 2
Event: 2.545 Thread 0x000000001e65c000 Uncommon trap: trap_request=0xffffffde fr.pc=0x0000000002cce4f4
Event: 2.545 Thread 0x000000001e65c000 DEOPT PACKING pc=0x0000000002cce4f4 sp=0x000000001fcfeaf0
Event: 2.545 Thread 0x000000001e65c000 DEOPT UNPACKING pc=0x000000000295556a sp=0x000000001fcfea78 mode 2
Event: 2.545 Thread 0x000000001e65c000 Uncommon trap: trap_request=0xffffffc6 fr.pc=0x0000000002b657a4
Event: 2.545 Thread 0x000000001e65c000 DEOPT PACKING pc=0x0000000002b657a4 sp=0x000000001fcfeb30
Event: 2.545 Thread 0x000000001e65c000 DEOPT UNPACKING pc=0x000000000295556a sp=0x000000001fcfeaa0 mode 2
Event: 2.545 Thread 0x000000001e65c000 Uncommon trap: trap_request=0xffffffde fr.pc=0x0000000002cce4f4
Event: 2.545 Thread 0x000000001e65c000 DEOPT PACKING pc=0x0000000002cce4f4 sp=0x000000001fcfeaf0
Event: 2.545 Thread 0x000000001e65c000 DEOPT UNPACKING pc=0x000000000295556a sp=0x000000001fcfea78 mode 2


Dynamic libraries:
0x00007ff6f3b30000 - 0x00007ff6f3b61000 	D:\andriod-studio\Android Studio\jre\bin\java.exe
0x00007ffb5ab90000 - 0x00007ffb5ad61000 	C:\WINDOWS\SYSTEM32\ntdll.dll
0x00007ffb58490000 - 0x00007ffb5853b000 	C:\WINDOWS\System32\KERNEL32.DLL
0x00007ffb57b70000 - 0x00007ffb57d8d000 	C:\WINDOWS\System32\KERNELBASE.dll
0x00007ffb57fd0000 - 0x00007ffb58072000 	C:\WINDOWS\System32\ADVAPI32.dll
0x00007ffb58080000 - 0x00007ffb5811e000 	C:\WINDOWS\System32\msvcrt.dll
0x00007ffb58400000 - 0x00007ffb58459000 	C:\WINDOWS\System32\sechost.dll
0x00007ffb58a70000 - 0x00007ffb58b91000 	C:\WINDOWS\System32\RPCRT4.dll
0x00007ffb58220000 - 0x00007ffb58385000 	C:\WINDOWS\System32\USER32.dll
0x00007ffb579d0000 - 0x00007ffb579ee000 	C:\WINDOWS\System32\win32u.dll
0x00007ffb58640000 - 0x00007ffb58674000 	C:\WINDOWS\System32\GDI32.dll
0x00007ffb56f30000 - 0x00007ffb570b2000 	C:\WINDOWS\System32\gdi32full.dll
0x00007ffb4f630000 - 0x00007ffb4f8a9000 	C:\WINDOWS\WinSxS\amd64_microsoft.windows.common-controls_6595b64144ccf1df_6.0.14393.447_none_42191651c6827bb3\COMCTL32.dll
0x00007ffb58790000 - 0x00007ffb58a58000 	C:\WINDOWS\System32\combase.dll
0x00007ffb57110000 - 0x00007ffb57205000 	C:\WINDOWS\System32\ucrtbase.dll
0x00007ffb57aa0000 - 0x00007ffb57b0a000 	C:\WINDOWS\System32\bcryptPrimitives.dll
0x00007ffb58460000 - 0x00007ffb5848e000 	C:\WINDOWS\System32\IMM32.DLL
0x0000000064600000 - 0x00000000646d2000 	D:\andriod-studio\Android Studio\jre\jre\bin\msvcr100.dll
0x00000000633b0000 - 0x0000000063be4000 	D:\andriod-studio\Android Studio\jre\jre\bin\server\jvm.dll
0x00007ffb57210000 - 0x00007ffb57233000 	C:\WINDOWS\System32\WINMM.dll
0x00007ffb56dc0000 - 0x00007ffb56deb000 	C:\WINDOWS\System32\WINMMBASE.dll
0x00007ffb570c0000 - 0x00007ffb57102000 	C:\WINDOWS\System32\cfgmgr32.dll
0x00007ffb5a660000 - 0x00007ffb5a668000 	C:\WINDOWS\System32\PSAPI.DLL
0x00007ffb52ed0000 - 0x00007ffb52ed9000 	C:\WINDOWS\SYSTEM32\WSOCK32.dll
0x00007ffb57f60000 - 0x00007ffb57fca000 	C:\WINDOWS\System32\WS2_32.dll
0x00007ffb51fb0000 - 0x00007ffb51fba000 	C:\WINDOWS\SYSTEM32\VERSION.dll
0x00007ffb53770000 - 0x00007ffb5377f000 	D:\andriod-studio\Android Studio\jre\jre\bin\verify.dll
0x00007ffb4dbe0000 - 0x00007ffb4dc09000 	D:\andriod-studio\Android Studio\jre\jre\bin\java.dll
0x00007ffb521a0000 - 0x00007ffb521b6000 	D:\andriod-studio\Android Studio\jre\jre\bin\zip.dll
0x00007ffb58ba0000 - 0x00007ffb5a0a9000 	C:\WINDOWS\System32\SHELL32.dll
0x00007ffb57240000 - 0x00007ffb5791a000 	C:\WINDOWS\System32\windows.storage.dll
0x00007ffb56ee0000 - 0x00007ffb56f2c000 	C:\WINDOWS\System32\powrprof.dll
0x00007ffb5a0d0000 - 0x00007ffb5a122000 	C:\WINDOWS\System32\shlwapi.dll
0x00007ffb56df0000 - 0x00007ffb56dff000 	C:\WINDOWS\System32\kernel.appcore.dll
0x00007ffb56e30000 - 0x00007ffb56ed9000 	C:\WINDOWS\System32\shcore.dll
0x00007ffb56e00000 - 0x00007ffb56e14000 	C:\WINDOWS\System32\profapi.dll

VM Arguments:
jvm_args: -Djava.awt.headless=true -Xmx4g -Dfile.encoding=GBK -Duser.country=CN -Duser.language=zh -Duser.variant 
java_command: com.android.dx.command.Main --dex --force-jumbo --num-threads=4 --output D:\andriod-studio\workspace\wenhuaijun-SearchPictureTool-6e61917\app\build\intermediates\pre-dexed\build\debug\okhttp-3.0.1_02be5fcad6ef6a677933adf07c974b4c3c2717dc.jar C:\Users\raozhi\.gradle\caches\modules-2\files-2.1\com.squareup.okhttp3\okhttp\3.0.1\b34c1f2d993044656e87f88970b6818e99e886ba\okhttp-3.0.1.jar
java_class_path (initial): D:\androidstudio\Sdk\build-tools\24.0.0\lib\dx.jar
Launcher Type: SUN_STANDARD

Environment Variables:
JAVA_HOME=C:\Program Files\Java\jdk1.8.0_91
CLASSPATH=.;C:\Program Files\Java\jdk1.8.0_91\lib\dt.jar;C:\Program Files\Java\jdk1.8.0_91\lib\tools.jar
PATH=C:\Program Files\NVIDIA GPU Computing Toolkit\CUDA\v7.5\bin;C:\Program Files\NVIDIA GPU Computing Toolkit\CUDA\v7.5\libnvvp;C:;C:\Program Files\Java\jdk1.8.0_91\bin;C:\Program Files\Java\jdk1.8.0_91\jre\bin;\ProgramData\Oracle\Java\javapath;C:\Program Files (x86)\Intel\iCLS Client\;C:\Program Files\Intel\iCLS Client\;C:\windows\system32;C:\windows;C:\windows\System32\Wbem;C:\windows\System32\WindowsPowerShell\v1.0\;C:\Program Files (x86)\Intel\Intel(R) Management Engine Components\DAL;C:\Program Files\Intel\Intel(R) Management Engine Components\DAL;C:\Program Files (x86)\Intel\Intel(R) Management Engine Components\IPT;C:\Program Files\Intel\Intel(R) Management Engine Components\IPT;C:\Program Files (x86)\NVIDIA Corporation\PhysX\Common;C:\Program Files\Intel\IntelSGXPSW\bin\x64\Release\;C:\Program Files\Intel\IntelSGXPSW\bin\win32\Release\;C:\Program Files\Intel\WiFi\bin\;C:\Program Files\Common Files\Intel\WirelessCommon\;C:\WINDOWS\system32;C:\WINDOWS;C:\WINDOWS\System32\Wbem;C:\WINDOWS\System32\WindowsPowerShell\v1.0\;D:\mysql\bin;D:\openCV\Opencv\build\x64\vc12\bin;C:\Program Files (x86)\Windows Kits\8.1\Windows Performance Toolkit\;C:\Program Files (x86)\Microsoft SDKs\TypeScript\1.0\;D:\opencv\opencv\build\x86\vc12\bin;D:\opencv\opencv\build\x64\vc12\bin;C:\Program Files (x86)\Autodesk\Backburner\;C:\Program Files\Common Files\Autodesk Shared\;C:\Program Files\Microsoft SQL Server\Client SDK\ODBC\110\Tools\Binn\;C:\Program Files (x86)\Microsoft SQL Server\120\Tools\Binn\;C:\Program Files\Microsoft SQL Server\120\Tools\Binn\;C:\Program Files\Microsoft SQL Server\120\DTS\Binn\;C:\Program Files (x86)\Microsoft SQL Server\120\Tools\Binn\ManagementStudio\;C:\Program Files (x86)\Microsoft SQL Server\120\DTS\Binn\;C:\Program Files\Microsoft SQL Server\110\Tools\Binn\;D:\MATLAB\v901\runtime\win64;C:\Program Files (x86)\GtkSharp\2.12\bin;D:\SDK\android-studio\tools;D:\SDK\android-studio\platform-tools;C:\Users\raozhi\AppData\Local\Microsoft\WindowsApps;
USERNAME=raozhi
OS=Windows_NT
PROCESSOR_IDENTIFIER=Intel64 Family 6 Model 94 Stepping 3, GenuineIntel



---------------  S Y S T E M  ---------------

OS: Windows 10.0 , 64 bit Build 14393 (10.0.14393.0)

CPU:total 8 (4 cores per cpu, 2 threads per core) family 6 model 94 stepping 3, cmov, cx8, fxsr, mmx, sse, sse2, sse3, ssse3, sse4.1, sse4.2, popcnt, avx, avx2, aes, clmul, erms, rtm, 3dnowpref, lzcnt, ht, tsc, tscinvbit, bmi1, bmi2, adx

Memory: 4k page, physical 8223456k(1708212k free), swap 11795664k(5152k free)

vm_info: OpenJDK 64-Bit Server VM (25.76-b03) for windows-amd64 JRE (1.8.0_76-release-b03), built on Jun 29 2016 19:09:20 by "ralucas" with MS VC++ 10.0 (VS2010)

time: Fri May 26 19:26:18 2017
elapsed time: 2 seconds (0d 0h 0m 2s)

