#
# There is insufficient memory for the Java Runtime Environment to continue.
# Native memory allocation (malloc) failed to allocate 819856 bytes for Chunk::new
# Possible reasons:
#   The system is out of physical RAM or swap space
#   In 32 bit mode, the process size limit was hit
# Possible solutions:
#   Reduce memory load on the system
#   Increase physical memory or swap space
#   Check if swap backing store is full
#   Use 64 bit Java on a 64 bit OS
#   Decrease Java heap size (-Xmx/-Xms)
#   Decrease number of Java threads
#   Decrease Java thread stack sizes (-Xss)
#   Set larger code cache with -XX:ReservedCodeCacheSize=
# This output file may be truncated or incomplete.
#
#  Out of Memory Error (allocation.cpp:390), pid=11420, tid=0x0000000000001b4c
#
# JRE version: OpenJDK Runtime Environment (8.0_76-b03) (build 1.8.0_76-release-b03)
# Java VM: OpenJDK 64-Bit Server VM (25.76-b03 mixed mode windows-amd64 compressed oops)
# Failed to write core dump. Minidumps are not enabled by default on client versions of Windows
#

---------------  T H R E A D  ---------------

Current thread (0x000000001e9da000):  JavaThread "C2 CompilerThread1" daemon [_thread_in_native, id=6988, stack(0x000000001f1b0000,0x000000001f2b0000)]

Stack: [0x000000001f1b0000,0x000000001f2b0000]
[error occurred during error reporting (printing stack bounds), id 0xc0000005]

Native frames: (J=compiled Java code, j=interpreted, Vv=VM code, C=native code)


Current CompileTask:
C2:  23085 2884       4       com.android.dx.dex.code.DalvCode::finishProcessingIfNecessary (69 bytes)


---------------  P R O C E S S  ---------------

Java Threads: ( => current thread )
  0x000000001ea5b000 JavaThread "Service Thread" daemon [_thread_blocked, id=5680, stack(0x000000001f4b0000,0x000000001f5b0000)]
  0x000000001e9e0800 JavaThread "C1 CompilerThread3" daemon [_thread_blocked, id=15820, stack(0x000000001f3b0000,0x000000001f4b0000)]
  0x000000001e9da800 JavaThread "C2 CompilerThread2" daemon [_thread_blocked, id=5988, stack(0x000000001f2b0000,0x000000001f3b0000)]
=>0x000000001e9da000 JavaThread "C2 CompilerThread1" daemon [_thread_in_native, id=6988, stack(0x000000001f1b0000,0x000000001f2b0000)]
  0x000000001ca4a000 JavaThread "C2 CompilerThread0" daemon [_thread_blocked, id=9740, stack(0x000000001f0b0000,0x000000001f1b0000)]
  0x000000001e9d7800 JavaThread "Attach Listener" daemon [_thread_blocked, id=19068, stack(0x000000001efb0000,0x000000001f0b0000)]
  0x000000001e98c000 JavaThread "Signal Dispatcher" daemon [_thread_blocked, id=11992, stack(0x000000001eeb0000,0x000000001efb0000)]
  0x0000000002f1e000 JavaThread "Finalizer" daemon [_thread_blocked, id=19028, stack(0x000000001ed50000,0x000000001ee50000)]
  0x0000000002f15000 JavaThread "Reference Handler" daemon [_thread_blocked, id=18804, stack(0x000000001e850000,0x000000001e950000)]
  0x0000000002c1e800 JavaThread "main" [_thread_in_vm, id=16944, stack(0x0000000002c20000,0x0000000002d20000)]

Other Threads:
  0x000000001ca37000 VMThread [stack: 0x000000001e750000,0x000000001e850000] [id=4288]
  0x000000001ea5b800 WatcherThread [stack: 0x000000001f5b0000,0x000000001f6b0000] [id=5684]

VM state:not at safepoint (normal execution)

VM Mutex/Monitor currently owned by a thread: None

Heap:
 PSYoungGen      total 151552K, used 53964K [0x000000076ab00000, 0x0000000775500000, 0x00000007c0000000)
  eden space 130560K, 29% used [0x000000076ab00000,0x000000076d064cb0,0x0000000772a80000)
  from space 20992K, 74% used [0x0000000773f80000,0x0000000774ece5b0,0x0000000775400000)
  to   space 21504K, 0% used [0x0000000772a80000,0x0000000772a80000,0x0000000773f80000)
 ParOldGen       total 86016K, used 34240K [0x00000006c0000000, 0x00000006c5400000, 0x000000076ab00000)
  object space 86016K, 39% used [0x00000006c0000000,0x00000006c2170310,0x00000006c5400000)
 Metaspace       used 6879K, capacity 7576K, committed 7936K, reserved 1056768K
  class space    used 618K, capacity 656K, committed 768K, reserved 1048576K

Card table byte_map: [0x00000000122e0000,0x0000000012af0000] byte_map_base: 0x000000000ece0000

Marking Bits: (ParMarkBitMap*) 0x0000000063b69d00
 Begin Bits: [0x0000000013850000, 0x0000000017850000)
 End Bits:   [0x0000000017850000, 0x000000001b850000)

Polling page: 0x0000000000d30000

CodeCache: size=245760Kb used=14710Kb max_used=14744Kb free=231049Kb
 bounds [0x0000000002f20000, 0x0000000003da0000, 0x0000000011f20000]
 total_blobs=3099 nmethods=2829 adapters=183
 compilation: enabled

Compilation events (10 events):
Event: 22.888 Thread 0x000000001e9da000 nmethod 2876 0x0000000003d79b50 code [0x0000000003d79f40, 0x0000000003d7d0d0]
Event: 22.889 Thread 0x000000001e9da000 2886       4       com.android.dx.dex.file.DebugInfoEncoder::emitLocalsAtAddress (150 bytes)
Event: 22.904 Thread 0x000000001e9da000 nmethod 2886 0x0000000003d66850 code [0x0000000003d669e0, 0x0000000003d66d30]
Event: 22.904 Thread 0x000000001e9da000 2901       4       com.android.dx.util.ByteArrayAnnotatedOutput::writeUleb128 (34 bytes)
Event: 22.912 Thread 0x000000001e9da000 nmethod 2901 0x0000000003d66210 code [0x0000000003d66360, 0x0000000003d665d8]
Event: 22.912 Thread 0x000000001e9da000 2888       4       com.android.dx.dex.file.DebugInfoEncoder::emitPosition (214 bytes)
Event: 22.928 Thread 0x000000001e9da000 nmethod 2888 0x0000000003d69610 code [0x0000000003d697c0, 0x0000000003d6a050]
Event: 22.928 Thread 0x000000001e9da000 2884       4       com.android.dx.dex.code.DalvCode::finishProcessingIfNecessary (69 bytes)
Event: 22.929 Thread 0x000000001ca4a000 nmethod 2887 0x0000000003d82d90 code [0x0000000003d82f60, 0x0000000003d83e68]
Event: 22.953 Thread 0x000000001e9da800 nmethod 2818 0x0000000003d8c2d0 code [0x0000000003d8c780, 0x0000000003d92088]

GC Heap History (10 events):
Event: 6.683 GC heap before
{Heap before GC invocations=2 (full 0):
 PSYoungGen      total 37888K, used 37869K [0x000000076ab00000, 0x000000076f500000, 0x00000007c0000000)
  eden space 32768K, 100% used [0x000000076ab00000,0x000000076cb00000,0x000000076cb00000)
  from space 5120K, 99% used [0x000000076cb00000,0x000000076cffb7b0,0x000000076d000000)
  to   space 5120K, 0% used [0x000000076f000000,0x000000076f000000,0x000000076f500000)
 ParOldGen       total 86016K, used 710K [0x00000006c0000000, 0x00000006c5400000, 0x000000076ab00000)
  object space 86016K, 0% used [0x00000006c0000000,0x00000006c00b1ad8,0x00000006c5400000)
 Metaspace       used 6130K, capacity 7024K, committed 7296K, reserved 1056768K
  class space    used 575K, capacity 616K, committed 640K, reserved 1048576K
Event: 6.776 GC heap after
Heap after GC invocations=2 (full 0):
 PSYoungGen      total 70656K, used 5092K [0x000000076ab00000, 0x000000076f500000, 0x00000007c0000000)
  eden space 65536K, 0% used [0x000000076ab00000,0x000000076ab00000,0x000000076eb00000)
  from space 5120K, 99% used [0x000000076f000000,0x000000076f4f93c0,0x000000076f500000)
  to   space 5120K, 0% used [0x000000076eb00000,0x000000076eb00000,0x000000076f000000)
 ParOldGen       total 86016K, used 4030K [0x00000006c0000000, 0x00000006c5400000, 0x000000076ab00000)
  object space 86016K, 4% used [0x00000006c0000000,0x00000006c03efae0,0x00000006c5400000)
 Metaspace       used 6130K, capacity 7024K, committed 7296K, reserved 1056768K
  class space    used 575K, capacity 616K, committed 640K, reserved 1048576K
}
Event: 10.247 GC heap before
{Heap before GC invocations=3 (full 0):
 PSYoungGen      total 70656K, used 70628K [0x000000076ab00000, 0x000000076f500000, 0x00000007c0000000)
  eden space 65536K, 100% used [0x000000076ab00000,0x000000076eb00000,0x000000076eb00000)
  from space 5120K, 99% used [0x000000076f000000,0x000000076f4f93c0,0x000000076f500000)
  to   space 5120K, 0% used [0x000000076eb00000,0x000000076eb00000,0x000000076f000000)
 ParOldGen       total 86016K, used 4030K [0x00000006c0000000, 0x00000006c5400000, 0x000000076ab00000)
  object space 86016K, 4% used [0x00000006c0000000,0x00000006c03efae0,0x00000006c5400000)
 Metaspace       used 6351K, capacity 7092K, committed 7296K, reserved 1056768K
  class space    used 597K, capacity 620K, committed 640K, reserved 1048576K
Event: 10.528 GC heap after
Heap after GC invocations=3 (full 0):
 PSYoungGen      total 70656K, used 5109K [0x000000076ab00000, 0x000000076f500000, 0x00000007c0000000)
  eden space 65536K, 0% used [0x000000076ab00000,0x000000076ab00000,0x000000076eb00000)
  from space 5120K, 99% used [0x000000076eb00000,0x000000076effd750,0x000000076f000000)
  to   space 5120K, 0% used [0x000000076f000000,0x000000076f000000,0x000000076f500000)
 ParOldGen       total 86016K, used 13090K [0x00000006c0000000, 0x00000006c5400000, 0x000000076ab00000)
  object space 86016K, 15% used [0x00000006c0000000,0x00000006c0cc8800,0x00000006c5400000)
 Metaspace       used 6351K, capacity 7092K, committed 7296K, reserved 1056768K
  class space    used 597K, capacity 620K, committed 640K, reserved 1048576K
}
Event: 13.530 GC heap before
{Heap before GC invocations=4 (full 0):
 PSYoungGen      total 70656K, used 70645K [0x000000076ab00000, 0x000000076f500000, 0x00000007c0000000)
  eden space 65536K, 100% used [0x000000076ab00000,0x000000076eb00000,0x000000076eb00000)
  from space 5120K, 99% used [0x000000076eb00000,0x000000076effd750,0x000000076f000000)
  to   space 5120K, 0% used [0x000000076f000000,0x000000076f000000,0x000000076f500000)
 ParOldGen       total 86016K, used 13090K [0x00000006c0000000, 0x00000006c5400000, 0x000000076ab00000)
  object space 86016K, 15% used [0x00000006c0000000,0x00000006c0cc8800,0x00000006c5400000)
 Metaspace       used 6411K, capacity 7156K, committed 7296K, reserved 1056768K
  class space    used 597K, capacity 620K, committed 640K, reserved 1048576K
Event: 13.852 GC heap after
Heap after GC invocations=4 (full 0):
 PSYoungGen      total 70656K, used 5117K [0x000000076ab00000, 0x0000000773500000, 0x00000007c0000000)
  eden space 65536K, 0% used [0x000000076ab00000,0x000000076ab00000,0x000000076eb00000)
  from space 5120K, 99% used [0x000000076f000000,0x000000076f4ff668,0x000000076f500000)
  to   space 5120K, 0% used [0x000000076eb00000,0x000000076eb00000,0x000000076f000000)
 ParOldGen       total 86016K, used 24000K [0x00000006c0000000, 0x00000006c5400000, 0x000000076ab00000)
  object space 86016K, 27% used [0x00000006c0000000,0x00000006c1770218,0x00000006c5400000)
 Metaspace       used 6411K, capacity 7156K, committed 7296K, reserved 1056768K
  class space    used 597K, capacity 620K, committed 640K, reserved 1048576K
}
Event: 16.545 GC heap before
{Heap before GC invocations=5 (full 0):
 PSYoungGen      total 70656K, used 70653K [0x000000076ab00000, 0x0000000773500000, 0x00000007c0000000)
  eden space 65536K, 100% used [0x000000076ab00000,0x000000076eb00000,0x000000076eb00000)
  from space 5120K, 99% used [0x000000076f000000,0x000000076f4ff668,0x000000076f500000)
  to   space 5120K, 0% used [0x000000076eb00000,0x000000076eb00000,0x000000076f000000)
 ParOldGen       total 86016K, used 24000K [0x00000006c0000000, 0x00000006c5400000, 0x000000076ab00000)
  object space 86016K, 27% used [0x00000006c0000000,0x00000006c1770218,0x00000006c5400000)
 Metaspace       used 6449K, capacity 7156K, committed 7296K, reserved 1056768K
  class space    used 597K, capacity 620K, committed 640K, reserved 1048576K
Event: 17.241 GC heap after
Heap after GC invocations=5 (full 0):
 PSYoungGen      total 70656K, used 5117K [0x000000076ab00000, 0x0000000775400000, 0x00000007c0000000)
  eden space 65536K, 0% used [0x000000076ab00000,0x000000076ab00000,0x000000076eb00000)
  from space 5120K, 99% used [0x000000076eb00000,0x000000076efff668,0x000000076f000000)
  to   space 20992K, 0% used [0x0000000773f80000,0x0000000773f80000,0x0000000775400000)
 ParOldGen       total 86016K, used 34240K [0x00000006c0000000, 0x00000006c5400000, 0x000000076ab00000)
  object space 86016K, 39% used [0x00000006c0000000,0x00000006c2170310,0x00000006c5400000)
 Metaspace       used 6449K, capacity 7156K, committed 7296K, reserved 1056768K
  class space    used 597K, capacity 620K, committed 640K, reserved 1048576K
}
Event: 20.966 GC heap before
{Heap before GC invocations=6 (full 0):
 PSYoungGen      total 70656K, used 70653K [0x000000076ab00000, 0x0000000775400000, 0x00000007c0000000)
  eden space 65536K, 100% used [0x000000076ab00000,0x000000076eb00000,0x000000076eb00000)
  from space 5120K, 99% used [0x000000076eb00000,0x000000076efff668,0x000000076f000000)
  to   space 20992K, 0% used [0x0000000773f80000,0x0000000773f80000,0x0000000775400000)
 ParOldGen       total 86016K, used 34240K [0x00000006c0000000, 0x00000006c5400000, 0x000000076ab00000)
  object space 86016K, 39% used [0x00000006c0000000,0x00000006c2170310,0x00000006c5400000)
 Metaspace       used 6488K, capacity 7156K, committed 7296K, reserved 1056768K
  class space    used 597K, capacity 620K, committed 640K, reserved 1048576K
Event: 21.119 GC heap after
Heap after GC invocations=6 (full 0):
 PSYoungGen      total 151552K, used 15673K [0x000000076ab00000, 0x0000000775500000, 0x00000007c0000000)
  eden space 130560K, 0% used [0x000000076ab00000,0x000000076ab00000,0x0000000772a80000)
  from space 20992K, 74% used [0x0000000773f80000,0x0000000774ece5b0,0x0000000775400000)
  to   space 21504K, 0% used [0x0000000772a80000,0x0000000772a80000,0x0000000773f80000)
 ParOldGen       total 86016K, used 34240K [0x00000006c0000000, 0x00000006c5400000, 0x000000076ab00000)
  object space 86016K, 39% used [0x00000006c0000000,0x00000006c2170310,0x00000006c5400000)
 Metaspace       used 6488K, capacity 7156K, committed 7296K, reserved 1056768K
  class space    used 597K, capacity 620K, committed 640K, reserved 1048576K
}

Deoptimization events (10 events):
Event: 21.826 Thread 0x0000000002c1e800 Uncommon trap: reason=speculate_class_check action=maybe_recompile pc=0x00000000032702e0 method=com.android.dx.util.FixedSizeList.equals(Ljava/lang/Object;)Z @ 25
Event: 21.826 Thread 0x0000000002c1e800 Uncommon trap: reason=class_check action=maybe_recompile pc=0x0000000003263e80 method=java.util.Arrays.equals([Ljava/lang/Object;[Ljava/lang/Object;)Z @ 62
Event: 21.833 Thread 0x0000000002c1e800 Uncommon trap: reason=unstable_if action=reinterpret pc=0x00000000037ada58 method=java.util.TreeMap.put(Ljava/lang/Object;Ljava/lang/Object;)Ljava/lang/Object; @ 163
Event: 22.166 Thread 0x0000000002c1e800 Uncommon trap: reason=unstable_if action=reinterpret pc=0x0000000003ca4aec method=com.android.dx.dex.code.LocalList$MakeState.snapshot(ILcom/android/dx/rop/code/RegisterSpecSet;)V @ 66
Event: 22.344 Thread 0x0000000002c1e800 Uncommon trap: reason=unstable_if action=reinterpret pc=0x0000000003cd9ff4 method=com.android.dx.dex.code.CatchHandlerList$Entry.equals(Ljava/lang/Object;)Z @ 15
Event: 22.630 Thread 0x0000000002c1e800 Uncommon trap: reason=unstable_if action=reinterpret pc=0x0000000003cdeda8 method=com.android.dx.dex.code.LocalList$MakeState.aboutToProcess(II)V @ 54
Event: 22.631 Thread 0x0000000002c1e800 Uncommon trap: reason=unstable_if action=reinterpret pc=0x0000000003d0c93c method=com.android.dx.rop.code.RegisterSpecSet.withOffset(I)Lcom/android/dx/rop/code/RegisterSpecSet; @ 37
Event: 22.650 Thread 0x0000000002c1e800 Uncommon trap: reason=null_check action=make_not_entrant pc=0x0000000003cf7e84 method=com.android.dx.dex.code.LocalList$MakeState.finish()Lcom/android/dx/dex/code/LocalList; @ 81
Event: 22.721 Thread 0x0000000002c1e800 Uncommon trap: reason=unstable_if action=reinterpret pc=0x000000000372aae8 method=java.util.ArrayList.<init>(I)V @ 5
Event: 22.823 Thread 0x0000000002c1e800 Uncommon trap: reason=unstable_if action=reinterpret pc=0x00000000035618f4 method=java.lang.Long.numberOfTrailingZeros(J)I @ 3

Internal exceptions (8 events):
Event: 0.708 Thread 0x0000000002c1e800 Exception <a 'java/lang/NoSuchMethodError': Method sun.misc.Unsafe.defineClass(Ljava/lang/String;[BII)Ljava/lang/Class; name or signature does not match> (0x000000076ab07cc0) thrown at [C:\src\android\AOSP-openjdk\external\jetbrains\jdk\hotspot\src\share\vŠf¡•¤æ?
Event: 0.708 Thread 0x0000000002c1e800 Exception <a 'java/lang/NoSuchMethodError': Method sun.misc.Unsafe.prefetchRead(Ljava/lang/Object;J)V name or signature does not match> (0x000000076ab07fa8) thrown at [C:\src\android\AOSP-openjdk\external\jetbrains\jdk\hotspot\src\share\vm\prims\jni.cpp, leóÇˆ@
Event: 5.022 Thread 0x000000001f6bd000 Implicit null exception at 0x000000000326aa22 to 0x000000000326ab22
Event: 8.426 Thread 0x0000000002c1e800 Exception <a 'java/lang/ArrayIndexOutOfBoundsException': 18> (0x000000076c7c1768) thrown at [C:\src\android\AOSP-openjdk\external\jetbrains\jdk\hotspot\src\share\vm\interpreter\interpreterRuntime.cpp, line 366]
Event: 8.426 Thread 0x0000000002c1e800 Exception <a 'java/lang/ArrayIndexOutOfBoundsException': 145> (0x000000076c7c32e8) thrown at [C:\src\android\AOSP-openjdk\external\jetbrains\jdk\hotspot\src\share\vm\interpreter\interpreterRuntime.cpp, line 366]
Event: 8.427 Thread 0x0000000002c1e800 Exception <a 'java/lang/ArrayIndexOutOfBoundsException'> (0x000000076c7c45d0) thrown at [C:\src\android\AOSP-openjdk\external\jetbrains\jdk\hotspot\src\share\vm\runtime\sharedRuntime.cpp, line 605]
Event: 18.939 Thread 0x000000001f6c0000 Implicit null exception at 0x000000000320bf4c to 0x000000000320df69
Event: 22.650 Thread 0x0000000002c1e800 Implicit null exception at 0x0000000003cf6f98 to 0x0000000003cf7e75

Events (10 events):
Event: 22.721 Thread 0x0000000002c1e800 Uncommon trap: trap_request=0xffffff65 fr.pc=0x000000000372aae8
Event: 22.721 Thread 0x0000000002c1e800 DEOPT PACKING pc=0x000000000372aae8 sp=0x0000000002d1f050
Event: 22.721 Thread 0x0000000002c1e800 DEOPT UNPACKING pc=0x0000000002f6556a sp=0x0000000002d1eff8 mode 2
Event: 22.722 loading class com/android/dx/dex/file/DebugInfoEncoder$2
Event: 22.722 loading class com/android/dx/dex/file/DebugInfoEncoder$2 done
Event: 22.817 loading class com/android/dex/EncodedValueCodec
Event: 22.817 loading class com/android/dex/EncodedValueCodec done
Event: 22.823 Thread 0x0000000002c1e800 Uncommon trap: trap_request=0xffffff65 fr.pc=0x00000000035618f4
Event: 22.823 Thread 0x0000000002c1e800 DEOPT PACKING pc=0x00000000035618f4 sp=0x0000000002d1f120
Event: 22.823 Thread 0x0000000002c1e800 DEOPT UNPACKING pc=0x0000000002f6556a sp=0x0000000002d1f0b0 mode 2


Dynamic libraries:
0x00007ff6f3b30000 - 0x00007ff6f3b61000 	D:\andriod-studio\Android Studio\jre\bin\java.exe
0x00007ffb5ab90000 - 0x00007ffb5ad61000 	C:\WINDOWS\SYSTEM32\ntdll.dll
0x00007ffb58490000 - 0x00007ffb5853b000 	C:\WINDOWS\System32\KERNEL32.DLL
0x00007ffb57b70000 - 0x00007ffb57d8d000 	C:\WINDOWS\System32\KERNELBASE.dll
0x00007ffb57fd0000 - 0x00007ffb58072000 	C:\WINDOWS\System32\ADVAPI32.dll
0x00007ffb58080000 - 0x00007ffb5811e000 	C:\WINDOWS\System32\msvcrt.dll
0x00007ffb58400000 - 0x00007ffb58459000 	C:\WINDOWS\System32\sechost.dll
0x00007ffb58a70000 - 0x00007ffb58b91000 	C:\WINDOWS\System32\RPCRT4.dll
0x00007ffb58220000 - 0x00007ffb58385000 	C:\WINDOWS\System32\USER32.dll
0x00007ffb579d0000 - 0x00007ffb579ee000 	C:\WINDOWS\System32\win32u.dll
0x00007ffb58640000 - 0x00007ffb58674000 	C:\WINDOWS\System32\GDI32.dll
0x00007ffb56f30000 - 0x00007ffb570b2000 	C:\WINDOWS\System32\gdi32full.dll
0x00007ffb4f630000 - 0x00007ffb4f8a9000 	C:\WINDOWS\WinSxS\amd64_microsoft.windows.common-controls_6595b64144ccf1df_6.0.14393.447_none_42191651c6827bb3\COMCTL32.dll
0x00007ffb58790000 - 0x00007ffb58a58000 	C:\WINDOWS\System32\combase.dll
0x00007ffb57110000 - 0x00007ffb57205000 	C:\WINDOWS\System32\ucrtbase.dll
0x00007ffb57aa0000 - 0x00007ffb57b0a000 	C:\WINDOWS\System32\bcryptPrimitives.dll
0x00007ffb58460000 - 0x00007ffb5848e000 	C:\WINDOWS\System32\IMM32.DLL
0x0000000064600000 - 0x00000000646d2000 	D:\andriod-studio\Android Studio\jre\jre\bin\msvcr100.dll
0x00000000633b0000 - 0x0000000063be4000 	D:\andriod-studio\Android Studio\jre\jre\bin\server\jvm.dll
0x00007ffb57210000 - 0x00007ffb57233000 	C:\WINDOWS\System32\WINMM.dll
0x00007ffb56dc0000 - 0x00007ffb56deb000 	C:\WINDOWS\System32\WINMMBASE.dll
0x00007ffb570c0000 - 0x00007ffb57102000 	C:\WINDOWS\System32\cfgmgr32.dll
0x00007ffb5a660000 - 0x00007ffb5a668000 	C:\WINDOWS\System32\PSAPI.DLL
0x00007ffb52ed0000 - 0x00007ffb52ed9000 	C:\WINDOWS\SYSTEM32\WSOCK32.dll
0x00007ffb57f60000 - 0x00007ffb57fca000 	C:\WINDOWS\System32\WS2_32.dll
0x00007ffb51fb0000 - 0x00007ffb51fba000 	C:\WINDOWS\SYSTEM32\VERSION.dll
0x00007ffb53770000 - 0x00007ffb5377f000 	D:\andriod-studio\Android Studio\jre\jre\bin\verify.dll
0x00007ffb4dbe0000 - 0x00007ffb4dc09000 	D:\andriod-studio\Android Studio\jre\jre\bin\java.dll
0x00007ffb521a0000 - 0x00007ffb521b6000 	D:\andriod-studio\Android Studio\jre\jre\bin\zip.dll
0x00007ffb58ba0000 - 0x00007ffb5a0a9000 	C:\WINDOWS\System32\SHELL32.dll
0x00007ffb57240000 - 0x00007ffb5791a000 	C:\WINDOWS\System32\windows.storage.dll
0x00007ffb56ee0000 - 0x00007ffb56f2c000 	C:\WINDOWS\System32\powrprof.dll
0x00007ffb5a0d0000 - 0x00007ffb5a122000 	C:\WINDOWS\System32\shlwapi.dll
0x00007ffb56df0000 - 0x00007ffb56dff000 	C:\WINDOWS\System32\kernel.appcore.dll
0x00007ffb56e30000 - 0x00007ffb56ed9000 	C:\WINDOWS\System32\shcore.dll
0x00007ffb56e00000 - 0x00007ffb56e14000 	C:\WINDOWS\System32\profapi.dll

VM Arguments:
jvm_args: -Djava.awt.headless=true -Xmx4g -Dfile.encoding=GBK -Duser.country=CN -Duser.language=zh -Duser.variant 
java_command: com.android.dx.command.Main --dex --force-jumbo --num-threads=4 --output D:\andriod-studio\workspace\wenhuaijun-SearchPictureTool-6e61917\app\build\intermediates\pre-dexed\build\debug\BmobSDK_V3.4.5_1111_797097c66f689ca15e1870fcd83ff8e53c4947e4.jar D:\andriod-studio\workspace\wenhuaijun-SearchPictureTool-6e61917\app\libs\BmobSDK_V3.4.5_1111.jar
java_class_path (initial): D:\androidstudio\Sdk\build-tools\24.0.0\lib\dx.jar
Launcher Type: SUN_STANDARD

Environment Variables:
JAVA_HOME=C:\Program Files\Java\jdk1.8.0_91
CLASSPATH=.;C:\Program Files\Java\jdk1.8.0_91\lib\dt.jar;C:\Program Files\Java\jdk1.8.0_91\lib\tools.jar
PATH=C:\Program Files\NVIDIA GPU Computing Toolkit\CUDA\v7.5\bin;C:\Program Files\NVIDIA GPU Computing Toolkit\CUDA\v7.5\libnvvp;C:;C:\Program Files\Java\jdk1.8.0_91\bin;C:\Program Files\Java\jdk1.8.0_91\jre\bin;\ProgramData\Oracle\Java\javapath;C:\Program Files (x86)\Intel\iCLS Client\;C:\Program Files\Intel\iCLS Client\;C:\windows\system32;C:\windows;C:\windows\System32\Wbem;C:\windows\System32\WindowsPowerShell\v1.0\;C:\Program Files (x86)\Intel\Intel(R) Management Engine Components\DAL;C:\Program Files\Intel\Intel(R) Management Engine Components\DAL;C:\Program Files (x86)\Intel\Intel(R) Management Engine Components\IPT;C:\Program Files\Intel\Intel(R) Management Engine Components\IPT;C:\Program Files (x86)\NVIDIA Corporation\PhysX\Common;C:\Program Files\Intel\IntelSGXPSW\bin\x64\Release\;C:\Program Files\Intel\IntelSGXPSW\bin\win32\Release\;C:\Program Files\Intel\WiFi\bin\;C:\Program Files\Common Files\Intel\WirelessCommon\;C:\WINDOWS\system32;C:\WINDOWS;C:\WINDOWS\System32\Wbem;C:\WINDOWS\System32\WindowsPowerShell\v1.0\;D:\mysql\bin;D:\openCV\Opencv\build\x64\vc12\bin;C:\Program Files (x86)\Windows Kits\8.1\Windows Performance Toolkit\;C:\Program Files (x86)\Microsoft SDKs\TypeScript\1.0\;D:\opencv\opencv\build\x86\vc12\bin;D:\opencv\opencv\build\x64\vc12\bin;C:\Program Files (x86)\Autodesk\Backburner\;C:\Program Files\Common Files\Autodesk Shared\;C:\Program Files\Microsoft SQL Server\Client SDK\ODBC\110\Tools\Binn\;C:\Program Files (x86)\Microsoft SQL Server\120\Tools\Binn\;C:\Program Files\Microsoft SQL Server\120\Tools\Binn\;C:\Program Files\Microsoft SQL Server\120\DTS\Binn\;C:\Program Files (x86)\Microsoft SQL Server\120\Tools\Binn\ManagementStudio\;C:\Program Files (x86)\Microsoft SQL Server\120\DTS\Binn\;C:\Program Files\Microsoft SQL Server\110\Tools\Binn\;D:\MATLAB\v901\runtime\win64;C:\Program Files (x86)\GtkSharp\2.12\bin;D:\SDK\android-studio\tools;D:\SDK\android-studio\platform-tools;C:\Users\raozhi\AppData\Local\Microsoft\WindowsApps;
USERNAME=raozhi
OS=Windows_NT
PROCESSOR_IDENTIFIER=Intel64 Family 6 Model 94 Stepping 3, GenuineIntel



---------------  S Y S T E M  ---------------

OS: Windows 10.0 , 64 bit Build 14393 (10.0.14393.0)

CPU:total 8 (4 cores per cpu, 2 threads per core) family 6 model 94 stepping 3, cmov, cx8, fxsr, mmx, sse, sse2, sse3, ssse3, sse4.1, sse4.2, popcnt, avx, avx2, aes, clmul, erms, rtm, 3dnowpref, lzcnt, ht, tsc, tscinvbit, bmi1, bmi2, adx

Memory: 4k page, physical 8223456k(1498064k free), swap 11852924k(4096k free)

vm_info: OpenJDK 64-Bit Server VM (25.76-b03) for windows-amd64 JRE (1.8.0_76-release-b03), built on Jun 29 2016 19:09:20 by "ralucas" with MS VC++ 10.0 (VS2010)

time: Fri May 26 19:29:38 2017
elapsed time: 23 seconds (0d 0h 0m 23s)

