#
# There is insufficient memory for the Java Runtime Environment to continue.
# Native memory allocation (malloc) failed to allocate 318736 bytes for Chunk::new
# Possible reasons:
#   The system is out of physical RAM or swap space
#   In 32 bit mode, the process size limit was hit
# Possible solutions:
#   Reduce memory load on the system
#   Increase physical memory or swap space
#   Check if swap backing store is full
#   Use 64 bit Java on a 64 bit OS
#   Decrease Java heap size (-Xmx/-Xms)
#   Decrease number of Java threads
#   Decrease Java thread stack sizes (-Xss)
#   Set larger code cache with -XX:ReservedCodeCacheSize=
# This output file may be truncated or incomplete.
#
#  Out of Memory Error (allocation.cpp:390), pid=2220, tid=0x0000000000000268
#
# JRE version: OpenJDK Runtime Environment (8.0_76-b03) (build 1.8.0_76-release-b03)
# Java VM: OpenJDK 64-Bit Server VM (25.76-b03 mixed mode windows-amd64 compressed oops)
# Failed to write core dump. Minidumps are not enabled by default on client versions of Windows
#

---------------  T H R E A D  ---------------

Current thread (0x000000001e41b000):  JavaThread "C2 CompilerThread2" daemon [_thread_in_native, id=616, stack(0x000000001ec90000,0x000000001ed90000)]

Stack: [0x000000001ec90000,0x000000001ed90000]
[error occurred during error reporting (printing stack bounds), id 0xc0000005]

Native frames: (J=compiled Java code, j=interpreted, Vv=VM code, C=native code)


Current CompileTask:
C2:   2895 1534   !   4       com.android.dx.cf.code.BytecodeArray::parseInstruction (2764 bytes)


---------------  P R O C E S S  ---------------

Java Threads: ( => current thread )
  0x000000001e6a9000 JavaThread "pool-1-thread-4" [_thread_blocked, id=7428, stack(0x000000001f490000,0x000000001f590000)]
  0x000000001e6ac800 JavaThread "pool-1-thread-3" [_thread_blocked, id=18812, stack(0x000000001f390000,0x000000001f490000)]
  0x000000001e6a4800 JavaThread "pool-1-thread-2" [_thread_blocked, id=19432, stack(0x000000001f290000,0x000000001f390000)]
  0x000000001e69d000 JavaThread "pool-2-thread-1" [_thread_blocked, id=17932, stack(0x000000001f190000,0x000000001f290000)]
  0x000000001e69a800 JavaThread "pool-1-thread-1" [_thread_in_native, id=11428, stack(0x000000001f090000,0x000000001f190000)]
  0x000000001e430000 JavaThread "Service Thread" daemon [_thread_blocked, id=19260, stack(0x000000001ee90000,0x000000001ef90000)]
  0x000000001e421000 JavaThread "C1 CompilerThread3" daemon [_thread_blocked, id=11416, stack(0x000000001ed90000,0x000000001ee90000)]
=>0x000000001e41b000 JavaThread "C2 CompilerThread2" daemon [_thread_in_native, id=616, stack(0x000000001ec90000,0x000000001ed90000)]
  0x000000001e41a000 JavaThread "C2 CompilerThread1" daemon [_thread_in_native, id=4472, stack(0x000000001eb90000,0x000000001ec90000)]
  0x000000001c4ba000 JavaThread "C2 CompilerThread0" daemon [_thread_in_native, id=19408, stack(0x000000001ea90000,0x000000001eb90000)]
  0x000000001e417800 JavaThread "Attach Listener" daemon [_thread_blocked, id=15028, stack(0x000000001e990000,0x000000001ea90000)]
  0x000000001e3cc000 JavaThread "Signal Dispatcher" daemon [_thread_blocked, id=18544, stack(0x000000001e890000,0x000000001e990000)]
  0x000000000298e000 JavaThread "Finalizer" daemon [_thread_blocked, id=10080, stack(0x000000001e790000,0x000000001e890000)]
  0x000000001c4ab800 JavaThread "Reference Handler" daemon [_thread_blocked, id=10928, stack(0x000000001e290000,0x000000001e390000)]
  0x000000000288e800 JavaThread "main" [_thread_blocked, id=4072, stack(0x00000000026a0000,0x00000000027a0000)]

Other Threads:
  0x000000001c4a7000 VMThread [stack: 0x000000001e190000,0x000000001e290000] [id=9720]
  0x000000001e431000 WatcherThread [stack: 0x000000001ef90000,0x000000001f090000] [id=1916]

VM state:not at safepoint (normal execution)

VM Mutex/Monitor currently owned by a thread: None

Heap:
 PSYoungGen      total 70656K, used 19183K [0x000000076ab00000, 0x000000076f500000, 0x00000007c0000000)
  eden space 65536K, 21% used [0x000000076ab00000,0x000000076b8bcf90,0x000000076eb00000)
  from space 5120K, 99% used [0x000000076f000000,0x000000076f4fece8,0x000000076f500000)
  to   space 5120K, 0% used [0x000000076eb00000,0x000000076eb00000,0x000000076f000000)
 ParOldGen       total 86016K, used 5135K [0x00000006c0000000, 0x00000006c5400000, 0x000000076ab00000)
  object space 86016K, 5% used [0x00000006c0000000,0x00000006c0503d10,0x00000006c5400000)
 Metaspace       used 6145K, capacity 7026K, committed 7296K, reserved 1056768K
  class space    used 593K, capacity 618K, committed 640K, reserved 1048576K

Card table byte_map: [0x0000000011d50000,0x0000000012560000] byte_map_base: 0x000000000e750000

Marking Bits: (ParMarkBitMap*) 0x0000000063b69d00
 Begin Bits: [0x00000000132c0000, 0x00000000172c0000)
 End Bits:   [0x00000000172c0000, 0x000000001b2c0000)

Polling page: 0x0000000000b80000

CodeCache: size=245760Kb used=6435Kb max_used=6439Kb free=239324Kb
 bounds [0x0000000002990000, 0x0000000002ff0000, 0x0000000011990000]
 total_blobs=1786 nmethods=1518 adapters=182
 compilation: enabled

Compilation events (10 events):
Event: 2.881 Thread 0x000000001e421000 1560       3       com.android.dx.cf.attrib.AttLineNumberTable::byteLength (13 bytes)
Event: 2.881 Thread 0x000000001e421000 nmethod 1560 0x0000000002fcb1d0 code [0x0000000002fcb340, 0x0000000002fcb590]
Event: 2.881 Thread 0x000000001e421000 1558       3       com.android.dx.cf.iface.StdMember::<init> (69 bytes)
Event: 2.881 Thread 0x000000001e421000 nmethod 1558 0x0000000002fcf350 code [0x0000000002fcf500, 0x0000000002fcf9e8]
Event: 2.881 Thread 0x000000001e421000 1556       3       com.android.dx.rop.type.Type::internClassName (56 bytes)
Event: 2.882 Thread 0x000000001e41a000 nmethod 1562 0x0000000002fcd9d0 code [0x0000000002fcdb20, 0x0000000002fcdc78]
Event: 2.882 Thread 0x000000001e421000 nmethod 1556 0x0000000002fc4090 code [0x0000000002fc42e0, 0x0000000002fc51d8]
Event: 2.882 Thread 0x000000001e421000 1555       3       com.android.dx.util.ByteArray::<init> (9 bytes)
Event: 2.882 Thread 0x000000001e421000 nmethod 1555 0x0000000002fcad90 code [0x0000000002fcaf00, 0x0000000002fcb088]
Event: 2.886 Thread 0x000000001e41a000 1563 %     4       com.android.dx.ssa.SsaMethod::forEachBlockDepthFirst @ 129 (194 bytes)

GC Heap History (4 events):
Event: 1.102 GC heap before
{Heap before GC invocations=1 (full 0):
 PSYoungGen      total 37888K, used 32768K [0x000000076ab00000, 0x000000076d500000, 0x00000007c0000000)
  eden space 32768K, 100% used [0x000000076ab00000,0x000000076cb00000,0x000000076cb00000)
  from space 5120K, 0% used [0x000000076d000000,0x000000076d000000,0x000000076d500000)
  to   space 5120K, 0% used [0x000000076cb00000,0x000000076cb00000,0x000000076d000000)
 ParOldGen       total 86016K, used 0K [0x00000006c0000000, 0x00000006c5400000, 0x000000076ab00000)
  object space 86016K, 0% used [0x00000006c0000000,0x00000006c0000000,0x00000006c5400000)
 Metaspace       used 5823K, capacity 6768K, committed 7040K, reserved 1056768K
  class space    used 573K, capacity 616K, committed 640K, reserved 1048576K
Event: 1.254 GC heap after
Heap after GC invocations=1 (full 0):
 PSYoungGen      total 37888K, used 5090K [0x000000076ab00000, 0x000000076f500000, 0x00000007c0000000)
  eden space 32768K, 0% used [0x000000076ab00000,0x000000076ab00000,0x000000076cb00000)
  from space 5120K, 99% used [0x000000076cb00000,0x000000076cff8ae8,0x000000076d000000)
  to   space 5120K, 0% used [0x000000076f000000,0x000000076f000000,0x000000076f500000)
 ParOldGen       total 86016K, used 2048K [0x00000006c0000000, 0x00000006c5400000, 0x000000076ab00000)
  object space 86016K, 2% used [0x00000006c0000000,0x00000006c0200048,0x00000006c5400000)
 Metaspace       used 5823K, capacity 6768K, committed 7040K, reserved 1056768K
  class space    used 573K, capacity 616K, committed 640K, reserved 1048576K
}
Event: 2.214 GC heap before
{Heap before GC invocations=2 (full 0):
 PSYoungGen      total 37888K, used 37858K [0x000000076ab00000, 0x000000076f500000, 0x00000007c0000000)
  eden space 32768K, 100% used [0x000000076ab00000,0x000000076cb00000,0x000000076cb00000)
  from space 5120K, 99% used [0x000000076cb00000,0x000000076cff8ae8,0x000000076d000000)
  to   space 5120K, 0% used [0x000000076f000000,0x000000076f000000,0x000000076f500000)
 ParOldGen       total 86016K, used 2048K [0x00000006c0000000, 0x00000006c5400000, 0x000000076ab00000)
  object space 86016K, 2% used [0x00000006c0000000,0x00000006c0200048,0x00000006c5400000)
 Metaspace       used 6096K, capacity 6962K, committed 7040K, reserved 1056768K
  class space    used 592K, capacity 618K, committed 640K, reserved 1048576K
Event: 2.271 GC heap after
Heap after GC invocations=2 (full 0):
 PSYoungGen      total 70656K, used 5115K [0x000000076ab00000, 0x000000076f500000, 0x00000007c0000000)
  eden space 65536K, 0% used [0x000000076ab00000,0x000000076ab00000,0x000000076eb00000)
  from space 5120K, 99% used [0x000000076f000000,0x000000076f4fece8,0x000000076f500000)
  to   space 5120K, 0% used [0x000000076eb00000,0x000000076eb00000,0x000000076f000000)
 ParOldGen       total 86016K, used 5135K [0x00000006c0000000, 0x00000006c5400000, 0x000000076ab00000)
  object space 86016K, 5% used [0x00000006c0000000,0x00000006c0503d10,0x00000006c5400000)
 Metaspace       used 6096K, capacity 6962K, committed 7040K, reserved 1056768K
  class space    used 592K, capacity 618K, committed 640K, reserved 1048576K
}

Deoptimization events (10 events):
Event: 2.066 Thread 0x000000001e6a9000 Uncommon trap: reason=unstable_if action=reinterpret pc=0x0000000002c92108 method=java.util.HashMap.putVal(ILjava/lang/Object;Ljava/lang/Object;ZZ)Ljava/lang/Object; @ 162
Event: 2.087 Thread 0x000000001e6a9000 Uncommon trap: reason=unstable_if action=reinterpret pc=0x0000000002ddea58 method=java.util.HashMap.getNode(ILjava/lang/Object;)Ljava/util/HashMap$Node; @ 84
Event: 2.171 Thread 0x000000001e6ac800 Uncommon trap: reason=unstable_if action=reinterpret pc=0x0000000002ddad08 method=com.android.dx.ssa.SCCP.simulateStmt(Lcom/android/dx/ssa/SsaInsn;)V @ 59
Event: 2.172 Thread 0x000000001e6ac800 Uncommon trap: reason=unstable_if action=reinterpret pc=0x0000000002e16de0 method=java.util.HashMap.getNode(ILjava/lang/Object;)Ljava/util/HashMap$Node; @ 84
Event: 2.344 Thread 0x000000001e6a9000 Uncommon trap: reason=bimorphic action=maybe_recompile pc=0x0000000002e6e404 method=com.android.dx.cf.code.BytecodeArray.parseInstruction(ILcom/android/dx/cf/code/BytecodeArray$Visitor;)I @ 1130
Event: 2.344 Thread 0x000000001e6a9000 Uncommon trap: reason=bimorphic action=maybe_recompile pc=0x0000000002e6e034 method=com.android.dx.cf.code.BytecodeArray.parseInstruction(ILcom/android/dx/cf/code/BytecodeArray$Visitor;)I @ 907
Event: 2.344 Thread 0x000000001e6a9000 Uncommon trap: reason=bimorphic action=maybe_recompile pc=0x0000000002e6e404 method=com.android.dx.cf.code.BytecodeArray.parseInstruction(ILcom/android/dx/cf/code/BytecodeArray$Visitor;)I @ 1130
Event: 2.344 Thread 0x000000001e6a9000 Uncommon trap: reason=bimorphic action=maybe_recompile pc=0x0000000002e6e0b4 method=com.android.dx.cf.code.BytecodeArray.parseInstruction(ILcom/android/dx/cf/code/BytecodeArray$Visitor;)I @ 923
Event: 2.345 Thread 0x000000001e6a9000 Uncommon trap: reason=bimorphic action=maybe_recompile pc=0x0000000002e6e404 method=com.android.dx.cf.code.BytecodeArray.parseInstruction(ILcom/android/dx/cf/code/BytecodeArray$Visitor;)I @ 1130
Event: 2.524 Thread 0x000000001e69a800 Uncommon trap: reason=unstable_if action=reinterpret pc=0x0000000002c3dadc method=com.android.dx.rop.cst.Constant.compareTo(Lcom/android/dx/rop/cst/Constant;)I @ 12

Internal exceptions (6 events):
Event: 0.047 Thread 0x000000000288e800 Exception <a 'java/lang/NoSuchMethodError': Method sun.misc.Unsafe.defineClass(Ljava/lang/String;[BII)Ljava/lang/Class; name or signature does not match> (0x000000076ab07cc0) thrown at [C:\src\android\AOSP-openjdk\external\jetbrains\jdk\hotspot\src\share\vÂ"à6¨?
Event: 0.047 Thread 0x000000000288e800 Exception <a 'java/lang/NoSuchMethodError': Method sun.misc.Unsafe.prefetchRead(Ljava/lang/Object;J)V name or signature does not match> (0x000000076ab07fa8) thrown at [C:\src\android\AOSP-openjdk\external\jetbrains\jdk\hotspot\src\share\vm\prims\jni.cpp, lþ@aÁ]wî?
Event: 0.952 Thread 0x000000001e69a800 Implicit null exception at 0x0000000002c94898 to 0x0000000002c972a5
Event: 2.085 Thread 0x000000001e6a9000 Exception <a 'java/lang/ArrayIndexOutOfBoundsException': 18> (0x000000076bedf9e0) thrown at [C:\src\android\AOSP-openjdk\external\jetbrains\jdk\hotspot\src\share\vm\interpreter\interpreterRuntime.cpp, line 366]
Event: 2.085 Thread 0x000000001e6a9000 Exception <a 'java/lang/ArrayIndexOutOfBoundsException': 145> (0x000000076bee1560) thrown at [C:\src\android\AOSP-openjdk\external\jetbrains\jdk\hotspot\src\share\vm\interpreter\interpreterRuntime.cpp, line 366]
Event: 2.086 Thread 0x000000001e6a9000 Exception <a 'java/lang/ArrayIndexOutOfBoundsException'> (0x000000076bee2848) thrown at [C:\src\android\AOSP-openjdk\external\jetbrains\jdk\hotspot\src\share\vm\runtime\sharedRuntime.cpp, line 605]

Events (10 events):
Event: 2.344 Thread 0x000000001e6a9000 DEOPT PACKING pc=0x0000000002e6e0b4 sp=0x000000001f58e810
Event: 2.344 Thread 0x000000001e6a9000 DEOPT UNPACKING pc=0x00000000029d556a sp=0x000000001f58e7b8 mode 2
Event: 2.345 Thread 0x000000001e6a9000 Uncommon trap: trap_request=0xffffffc6 fr.pc=0x0000000002e6e404
Event: 2.345 Thread 0x000000001e6a9000 DEOPT PACKING pc=0x0000000002e6e404 sp=0x000000001f58e810
Event: 2.345 Thread 0x000000001e6a9000 DEOPT UNPACKING pc=0x00000000029d556a sp=0x000000001f58e7b8 mode 2
Event: 2.524 Thread 0x000000001e69a800 Uncommon trap: trap_request=0xffffff65 fr.pc=0x0000000002c3dadc
Event: 2.524 Thread 0x000000001e69a800 DEOPT PACKING pc=0x0000000002c3dadc sp=0x000000001f18e330
Event: 2.524 Thread 0x000000001e69a800 DEOPT UNPACKING pc=0x00000000029d556a sp=0x000000001f18e2d0 mode 2
Event: 2.888 loading class com/android/dx/rop/code/RegisterSpec$1
Event: 2.888 loading class com/android/dx/rop/code/RegisterSpec$1 done


Dynamic libraries:
0x00007ff6f3b30000 - 0x00007ff6f3b61000 	D:\andriod-studio\Android Studio\jre\bin\java.exe
0x00007ffb5ab90000 - 0x00007ffb5ad61000 	C:\WINDOWS\SYSTEM32\ntdll.dll
0x00007ffb58490000 - 0x00007ffb5853b000 	C:\WINDOWS\System32\KERNEL32.DLL
0x00007ffb57b70000 - 0x00007ffb57d8d000 	C:\WINDOWS\System32\KERNELBASE.dll
0x00007ffb57fd0000 - 0x00007ffb58072000 	C:\WINDOWS\System32\ADVAPI32.dll
0x00007ffb58080000 - 0x00007ffb5811e000 	C:\WINDOWS\System32\msvcrt.dll
0x00007ffb58400000 - 0x00007ffb58459000 	C:\WINDOWS\System32\sechost.dll
0x00007ffb58a70000 - 0x00007ffb58b91000 	C:\WINDOWS\System32\RPCRT4.dll
0x00007ffb58220000 - 0x00007ffb58385000 	C:\WINDOWS\System32\USER32.dll
0x00007ffb579d0000 - 0x00007ffb579ee000 	C:\WINDOWS\System32\win32u.dll
0x00007ffb58640000 - 0x00007ffb58674000 	C:\WINDOWS\System32\GDI32.dll
0x00007ffb56f30000 - 0x00007ffb570b2000 	C:\WINDOWS\System32\gdi32full.dll
0x00007ffb4f630000 - 0x00007ffb4f8a9000 	C:\WINDOWS\WinSxS\amd64_microsoft.windows.common-controls_6595b64144ccf1df_6.0.14393.447_none_42191651c6827bb3\COMCTL32.dll
0x00007ffb58790000 - 0x00007ffb58a58000 	C:\WINDOWS\System32\combase.dll
0x00007ffb57110000 - 0x00007ffb57205000 	C:\WINDOWS\System32\ucrtbase.dll
0x00007ffb57aa0000 - 0x00007ffb57b0a000 	C:\WINDOWS\System32\bcryptPrimitives.dll
0x00007ffb58460000 - 0x00007ffb5848e000 	C:\WINDOWS\System32\IMM32.DLL
0x0000000064600000 - 0x00000000646d2000 	D:\andriod-studio\Android Studio\jre\jre\bin\msvcr100.dll
0x00000000633b0000 - 0x0000000063be4000 	D:\andriod-studio\Android Studio\jre\jre\bin\server\jvm.dll
0x00007ffb57210000 - 0x00007ffb57233000 	C:\WINDOWS\System32\WINMM.dll
0x00007ffb56dc0000 - 0x00007ffb56deb000 	C:\WINDOWS\System32\WINMMBASE.dll
0x00007ffb570c0000 - 0x00007ffb57102000 	C:\WINDOWS\System32\cfgmgr32.dll
0x00007ffb5a660000 - 0x00007ffb5a668000 	C:\WINDOWS\System32\PSAPI.DLL
0x00007ffb52ed0000 - 0x00007ffb52ed9000 	C:\WINDOWS\SYSTEM32\WSOCK32.dll
0x00007ffb57f60000 - 0x00007ffb57fca000 	C:\WINDOWS\System32\WS2_32.dll
0x00007ffb51fb0000 - 0x00007ffb51fba000 	C:\WINDOWS\SYSTEM32\VERSION.dll
0x00007ffb53770000 - 0x00007ffb5377f000 	D:\andriod-studio\Android Studio\jre\jre\bin\verify.dll
0x00007ffb4dbe0000 - 0x00007ffb4dc09000 	D:\andriod-studio\Android Studio\jre\jre\bin\java.dll
0x00007ffb521a0000 - 0x00007ffb521b6000 	D:\andriod-studio\Android Studio\jre\jre\bin\zip.dll
0x00007ffb58ba0000 - 0x00007ffb5a0a9000 	C:\WINDOWS\System32\SHELL32.dll
0x00007ffb57240000 - 0x00007ffb5791a000 	C:\WINDOWS\System32\windows.storage.dll
0x00007ffb56ee0000 - 0x00007ffb56f2c000 	C:\WINDOWS\System32\powrprof.dll
0x00007ffb5a0d0000 - 0x00007ffb5a122000 	C:\WINDOWS\System32\shlwapi.dll
0x00007ffb56df0000 - 0x00007ffb56dff000 	C:\WINDOWS\System32\kernel.appcore.dll
0x00007ffb56e30000 - 0x00007ffb56ed9000 	C:\WINDOWS\System32\shcore.dll
0x00007ffb56e00000 - 0x00007ffb56e14000 	C:\WINDOWS\System32\profapi.dll

VM Arguments:
jvm_args: -Djava.awt.headless=true -Xmx4g -Dfile.encoding=GBK -Duser.country=CN -Duser.language=zh -Duser.variant 
java_command: com.android.dx.command.Main --dex --force-jumbo --num-threads=4 --output D:\andriod-studio\workspace\wenhuaijun-SearchPictureTool-6e61917\app\build\intermediates\pre-dexed\build\debug\okhttp-3.0.1_02be5fcad6ef6a677933adf07c974b4c3c2717dc.jar C:\Users\raozhi\.gradle\caches\modules-2\files-2.1\com.squareup.okhttp3\okhttp\3.0.1\b34c1f2d993044656e87f88970b6818e99e886ba\okhttp-3.0.1.jar
java_class_path (initial): D:\androidstudio\Sdk\build-tools\24.0.0\lib\dx.jar
Launcher Type: SUN_STANDARD

Environment Variables:
JAVA_HOME=C:\Program Files\Java\jdk1.8.0_91
CLASSPATH=.;C:\Program Files\Java\jdk1.8.0_91\lib\dt.jar;C:\Program Files\Java\jdk1.8.0_91\lib\tools.jar
PATH=C:\Program Files\NVIDIA GPU Computing Toolkit\CUDA\v7.5\bin;C:\Program Files\NVIDIA GPU Computing Toolkit\CUDA\v7.5\libnvvp;C:;C:\Program Files\Java\jdk1.8.0_91\bin;C:\Program Files\Java\jdk1.8.0_91\jre\bin;\ProgramData\Oracle\Java\javapath;C:\Program Files (x86)\Intel\iCLS Client\;C:\Program Files\Intel\iCLS Client\;C:\windows\system32;C:\windows;C:\windows\System32\Wbem;C:\windows\System32\WindowsPowerShell\v1.0\;C:\Program Files (x86)\Intel\Intel(R) Management Engine Components\DAL;C:\Program Files\Intel\Intel(R) Management Engine Components\DAL;C:\Program Files (x86)\Intel\Intel(R) Management Engine Components\IPT;C:\Program Files\Intel\Intel(R) Management Engine Components\IPT;C:\Program Files (x86)\NVIDIA Corporation\PhysX\Common;C:\Program Files\Intel\IntelSGXPSW\bin\x64\Release\;C:\Program Files\Intel\IntelSGXPSW\bin\win32\Release\;C:\Program Files\Intel\WiFi\bin\;C:\Program Files\Common Files\Intel\WirelessCommon\;C:\WINDOWS\system32;C:\WINDOWS;C:\WINDOWS\System32\Wbem;C:\WINDOWS\System32\WindowsPowerShell\v1.0\;D:\mysql\bin;D:\openCV\Opencv\build\x64\vc12\bin;C:\Program Files (x86)\Windows Kits\8.1\Windows Performance Toolkit\;C:\Program Files (x86)\Microsoft SDKs\TypeScript\1.0\;D:\opencv\opencv\build\x86\vc12\bin;D:\opencv\opencv\build\x64\vc12\bin;C:\Program Files (x86)\Autodesk\Backburner\;C:\Program Files\Common Files\Autodesk Shared\;C:\Program Files\Microsoft SQL Server\Client SDK\ODBC\110\Tools\Binn\;C:\Program Files (x86)\Microsoft SQL Server\120\Tools\Binn\;C:\Program Files\Microsoft SQL Server\120\Tools\Binn\;C:\Program Files\Microsoft SQL Server\120\DTS\Binn\;C:\Program Files (x86)\Microsoft SQL Server\120\Tools\Binn\ManagementStudio\;C:\Program Files (x86)\Microsoft SQL Server\120\DTS\Binn\;C:\Program Files\Microsoft SQL Server\110\Tools\Binn\;D:\MATLAB\v901\runtime\win64;C:\Program Files (x86)\GtkSharp\2.12\bin;D:\SDK\android-studio\tools;D:\SDK\android-studio\platform-tools;D:\git\Git\cmd;C:\Users\raozhi\AppData\Local\Microsoft\WindowsApps
USERNAME=raozhi
OS=Windows_NT
PROCESSOR_IDENTIFIER=Intel64 Family 6 Model 94 Stepping 3, GenuineIntel



---------------  S Y S T E M  ---------------

OS: Windows 10.0 , 64 bit Build 14393 (10.0.14393.0)

CPU:total 8 (4 cores per cpu, 2 threads per core) family 6 model 94 stepping 3, cmov, cx8, fxsr, mmx, sse, sse2, sse3, ssse3, sse4.1, sse4.2, popcnt, avx, avx2, aes, clmul, erms, rtm, 3dnowpref, lzcnt, ht, tsc, tscinvbit, bmi1, bmi2, adx

Memory: 4k page, physical 8223456k(1538492k free), swap 11796628k(5172k free)

vm_info: OpenJDK 64-Bit Server VM (25.76-b03) for windows-amd64 JRE (1.8.0_76-release-b03), built on Jun 29 2016 19:09:20 by "ralucas" with MS VC++ 10.0 (VS2010)

time: Fri May 26 19:28:50 2017
elapsed time: 2 seconds (0d 0h 0m 2s)

