#
# There is insufficient memory for the Java Runtime Environment to continue.
# Native memory allocation (malloc) failed to allocate 179696 bytes for Chunk::new
# Possible reasons:
#   The system is out of physical RAM or swap space
#   In 32 bit mode, the process size limit was hit
# Possible solutions:
#   Reduce memory load on the system
#   Increase physical memory or swap space
#   Check if swap backing store is full
#   Use 64 bit Java on a 64 bit OS
#   Decrease Java heap size (-Xmx/-Xms)
#   Decrease number of Java threads
#   Decrease Java thread stack sizes (-Xss)
#   Set larger code cache with -XX:ReservedCodeCacheSize=
# This output file may be truncated or incomplete.
#
#  Out of Memory Error (allocation.cpp:390), pid=11896, tid=0x0000000000004b98
#
# JRE version: OpenJDK Runtime Environment (8.0_76-b03) (build 1.8.0_76-release-b03)
# Java VM: OpenJDK 64-Bit Server VM (25.76-b03 mixed mode windows-amd64 compressed oops)
# Failed to write core dump. Minidumps are not enabled by default on client versions of Windows
#

---------------  T H R E A D  ---------------

Current thread (0x000000001eadb800):  JavaThread "C2 CompilerThread1" daemon [_thread_in_native, id=19352, stack(0x000000001f2b0000,0x000000001f3b0000)]

Stack: [0x000000001f2b0000,0x000000001f3b0000]
[error occurred during error reporting (printing stack bounds), id 0xc0000005]

Native frames: (J=compiled Java code, j=interpreted, Vv=VM code, C=native code)


Current CompileTask:
C2:    882  649       4       com.android.dx.ssa.SsaBasicBlock::forEachInsn (37 bytes)


---------------  P R O C E S S  ---------------

Java Threads: ( => current thread )
  0x000000001ed02000 JavaThread "pool-1-thread-4" [_thread_in_Java, id=18012, stack(0x000000001fbb0000,0x000000001fcb0000)]
  0x000000001ecc1800 JavaThread "pool-1-thread-3" [_thread_in_Java, id=14604, stack(0x000000001fab0000,0x000000001fbb0000)]
  0x000000001ecc0800 JavaThread "pool-1-thread-2" [_thread_in_Java, id=18884, stack(0x000000001f9b0000,0x000000001fab0000)]
  0x000000001eca8000 JavaThread "pool-2-thread-1" [_thread_blocked, id=17580, stack(0x000000001f8b0000,0x000000001f9b0000)]
  0x000000001eca7000 JavaThread "pool-1-thread-1" [_thread_in_Java, id=16480, stack(0x000000001f7b0000,0x000000001f8b0000)]
  0x000000001eb49000 JavaThread "Service Thread" daemon [_thread_blocked, id=19160, stack(0x000000001f5b0000,0x000000001f6b0000)]
  0x000000001eb3b800 JavaThread "C1 CompilerThread3" daemon [_thread_in_native, id=13856, stack(0x000000001f4b0000,0x000000001f5b0000)]
  0x000000001eb37800 JavaThread "C2 CompilerThread2" daemon [_thread_in_native, id=10212, stack(0x000000001f3b0000,0x000000001f4b0000)]
=>0x000000001eadb800 JavaThread "C2 CompilerThread1" daemon [_thread_in_native, id=19352, stack(0x000000001f2b0000,0x000000001f3b0000)]
  0x000000001ead6000 JavaThread "C2 CompilerThread0" daemon [_thread_in_native, id=10652, stack(0x000000001f1b0000,0x000000001f2b0000)]
  0x000000001ead5000 JavaThread "Attach Listener" daemon [_thread_blocked, id=18812, stack(0x000000001f0b0000,0x000000001f1b0000)]
  0x000000001ead4800 JavaThread "Signal Dispatcher" daemon [_thread_blocked, id=6124, stack(0x000000001efb0000,0x000000001f0b0000)]
  0x000000000303e000 JavaThread "Finalizer" daemon [_thread_blocked, id=14644, stack(0x000000001ee50000,0x000000001ef50000)]
  0x0000000003035000 JavaThread "Reference Handler" daemon [_thread_blocked, id=1872, stack(0x000000001e950000,0x000000001ea50000)]
  0x0000000002f3e800 JavaThread "main" [_thread_in_Java, id=18980, stack(0x0000000002e10000,0x0000000002f10000)]

Other Threads:
  0x000000001cb57000 VMThread [stack: 0x000000001e850000,0x000000001e950000] [id=19368]
  0x000000001eb4a000 WatcherThread [stack: 0x000000001f6b0000,0x000000001f7b0000] [id=7860]

VM state:not at safepoint (normal execution)

VM Mutex/Monitor currently owned by a thread: None

Heap:
 PSYoungGen      total 37888K, used 15356K [0x000000076ab00000, 0x000000076d500000, 0x00000007c0000000)
  eden space 32768K, 46% used [0x000000076ab00000,0x000000076b9ff398,0x000000076cb00000)
  from space 5120K, 0% used [0x000000076d000000,0x000000076d000000,0x000000076d500000)
  to   space 5120K, 0% used [0x000000076cb00000,0x000000076cb00000,0x000000076d000000)
 ParOldGen       total 86016K, used 0K [0x00000006c0000000, 0x00000006c5400000, 0x000000076ab00000)
  object space 86016K, 0% used [0x00000006c0000000,0x00000006c0000000,0x00000006c5400000)
 Metaspace       used 5617K, capacity 6640K, committed 6784K, reserved 1056768K
  class space    used 574K, capacity 616K, committed 640K, reserved 1048576K

Card table byte_map: [0x0000000012400000,0x0000000012c10000] byte_map_base: 0x000000000ee00000

Marking Bits: (ParMarkBitMap*) 0x0000000063b69d00
 Begin Bits: [0x0000000013970000, 0x0000000017970000)
 End Bits:   [0x0000000017970000, 0x000000001b970000)

Polling page: 0x0000000001320000

CodeCache: size=245760Kb used=2541Kb max_used=2541Kb free=243218Kb
 bounds [0x0000000003040000, 0x00000000032c0000, 0x0000000012040000]
 total_blobs=930 nmethods=660 adapters=182
 compilation: enabled

Compilation events (10 events):
Event: 0.870 Thread 0x000000001eb3b800 nmethod 658 0x00000000032b4c50 code [0x00000000032b50c0, 0x00000000032b86c8]
Event: 0.870 Thread 0x000000001eb3b800  669       3       com.android.dx.ssa.SsaMethod::bitSetFromLabelList (47 bytes)
Event: 0.871 Thread 0x000000001eb3b800 nmethod 669 0x00000000032b98d0 code [0x00000000032b9a80, 0x00000000032ba218]
Event: 0.871 Thread 0x000000001eb3b800  664   !   3       com.android.dx.cf.code.RopperMachine::run (1550 bytes)
Event: 0.871 Thread 0x000000001eb37800  673       4       java.util.ArrayList$Itr::<init> (6 bytes)
Event: 0.872 Thread 0x000000001eb37800 nmethod 673 0x00000000032bd190 code [0x00000000032bd2c0, 0x00000000032bd358]
Event: 0.872 Thread 0x000000001ead6000  678       4       java.util.ArrayList::remove (69 bytes)
Event: 0.875 Thread 0x000000001ead6000 nmethod 678 0x00000000032bb7d0 code [0x00000000032bb920, 0x00000000032bbad8]
Event: 0.880 Thread 0x000000001eb37800  688       4       java.util.HashMap::getNode (148 bytes)
Event: 0.880 Thread 0x000000001ead6000  689       4       com.android.dx.ssa.SsaMethod::getExitBlock (26 bytes)

GC Heap History (0 events):
No events

Deoptimization events (3 events):
Event: 0.364 Thread 0x0000000002f3e800 Uncommon trap: reason=unstable_if action=reinterpret pc=0x000000000317b9dc method=java.lang.String.indexOf(II)I @ 49
Event: 0.804 Thread 0x000000001ecc0800 Uncommon trap: reason=unstable_if action=reinterpret pc=0x000000000323acd4 method=java.util.HashMap.getNode(ILjava/lang/Object;)Ljava/util/HashMap$Node; @ 62
Event: 0.805 Thread 0x000000001ecc0800 Uncommon trap: reason=unstable_if action=reinterpret pc=0x00000000032462f4 method=java.util.BitSet.nextSetBit(I)I @ 87

Internal exceptions (2 events):
Event: 0.052 Thread 0x0000000002f3e800 Exception <a 'java/lang/NoSuchMethodError': Method sun.misc.Unsafe.defineClass(Ljava/lang/String;[BII)Ljava/lang/Class; name or signature does not match> (0x000000076ab07cc0) thrown at [C:\src\android\AOSP-openjdk\external\jetbrains\jdk\hotspot\src\share\v˛Å)◊Æ–™?
Event: 0.052 Thread 0x0000000002f3e800 Exception <a 'java/lang/NoSuchMethodError': Method sun.misc.Unsafe.prefetchRead(Ljava/lang/Object;J)V name or signature does not match> (0x000000076ab07fa8) thrown at [C:\src\android\AOSP-openjdk\external\jetbrains\jdk\hotspot\src\share\vm\prims\jni.cpp, l

Events (10 events):
Event: 0.805 Thread 0x000000001ecc0800 DEOPT PACKING pc=0x00000000032462f4 sp=0x000000001faae930
Event: 0.805 Thread 0x000000001ecc0800 DEOPT UNPACKING pc=0x000000000308556a sp=0x000000001faae8c8 mode 2
Event: 0.832 loading class com/android/dx/dex/file/ParameterAnnotationStruct
Event: 0.832 loading class com/android/dx/dex/file/ParameterAnnotationStruct done
Event: 0.832 loading class com/android/dx/dex/file/UniformListItem
Event: 0.832 loading class com/android/dx/dex/file/UniformListItem done
Event: 0.833 loading class com/android/dx/dex/file/AnnotationSetRefItem
Event: 0.833 loading class com/android/dx/dex/file/AnnotationSetRefItem done
Event: 0.871 loading class java/util/ArrayList$1
Event: 0.871 loading class java/util/ArrayList$1 done


Dynamic libraries:
0x00007ff6f3b30000 - 0x00007ff6f3b61000 	D:\andriod-studio\Android Studio\jre\bin\java.exe
0x00007ffb5ab90000 - 0x00007ffb5ad61000 	C:\WINDOWS\SYSTEM32\ntdll.dll
0x00007ffb58490000 - 0x00007ffb5853b000 	C:\WINDOWS\System32\KERNEL32.DLL
0x00007ffb57b70000 - 0x00007ffb57d8d000 	C:\WINDOWS\System32\KERNELBASE.dll
0x00007ffb57fd0000 - 0x00007ffb58072000 	C:\WINDOWS\System32\ADVAPI32.dll
0x00007ffb58080000 - 0x00007ffb5811e000 	C:\WINDOWS\System32\msvcrt.dll
0x00007ffb58400000 - 0x00007ffb58459000 	C:\WINDOWS\System32\sechost.dll
0x00007ffb58a70000 - 0x00007ffb58b91000 	C:\WINDOWS\System32\RPCRT4.dll
0x00007ffb58220000 - 0x00007ffb58385000 	C:\WINDOWS\System32\USER32.dll
0x00007ffb579d0000 - 0x00007ffb579ee000 	C:\WINDOWS\System32\win32u.dll
0x00007ffb58640000 - 0x00007ffb58674000 	C:\WINDOWS\System32\GDI32.dll
0x00007ffb56f30000 - 0x00007ffb570b2000 	C:\WINDOWS\System32\gdi32full.dll
0x00007ffb4f630000 - 0x00007ffb4f8a9000 	C:\WINDOWS\WinSxS\amd64_microsoft.windows.common-controls_6595b64144ccf1df_6.0.14393.447_none_42191651c6827bb3\COMCTL32.dll
0x00007ffb58790000 - 0x00007ffb58a58000 	C:\WINDOWS\System32\combase.dll
0x00007ffb57110000 - 0x00007ffb57205000 	C:\WINDOWS\System32\ucrtbase.dll
0x00007ffb57aa0000 - 0x00007ffb57b0a000 	C:\WINDOWS\System32\bcryptPrimitives.dll
0x00007ffb58460000 - 0x00007ffb5848e000 	C:\WINDOWS\System32\IMM32.DLL
0x0000000064600000 - 0x00000000646d2000 	D:\andriod-studio\Android Studio\jre\jre\bin\msvcr100.dll
0x00000000633b0000 - 0x0000000063be4000 	D:\andriod-studio\Android Studio\jre\jre\bin\server\jvm.dll
0x00007ffb57210000 - 0x00007ffb57233000 	C:\WINDOWS\System32\WINMM.dll
0x00007ffb56dc0000 - 0x00007ffb56deb000 	C:\WINDOWS\System32\WINMMBASE.dll
0x00007ffb570c0000 - 0x00007ffb57102000 	C:\WINDOWS\System32\cfgmgr32.dll
0x00007ffb5a660000 - 0x00007ffb5a668000 	C:\WINDOWS\System32\PSAPI.DLL
0x00007ffb52ed0000 - 0x00007ffb52ed9000 	C:\WINDOWS\SYSTEM32\WSOCK32.dll
0x00007ffb57f60000 - 0x00007ffb57fca000 	C:\WINDOWS\System32\WS2_32.dll
0x00007ffb51fb0000 - 0x00007ffb51fba000 	C:\WINDOWS\SYSTEM32\VERSION.dll
0x00007ffb53770000 - 0x00007ffb5377f000 	D:\andriod-studio\Android Studio\jre\jre\bin\verify.dll
0x00007ffb4dbe0000 - 0x00007ffb4dc09000 	D:\andriod-studio\Android Studio\jre\jre\bin\java.dll
0x00007ffb521a0000 - 0x00007ffb521b6000 	D:\andriod-studio\Android Studio\jre\jre\bin\zip.dll
0x00007ffb58ba0000 - 0x00007ffb5a0a9000 	C:\WINDOWS\System32\SHELL32.dll
0x00007ffb57240000 - 0x00007ffb5791a000 	C:\WINDOWS\System32\windows.storage.dll
0x00007ffb56ee0000 - 0x00007ffb56f2c000 	C:\WINDOWS\System32\powrprof.dll
0x00007ffb5a0d0000 - 0x00007ffb5a122000 	C:\WINDOWS\System32\shlwapi.dll
0x00007ffb56df0000 - 0x00007ffb56dff000 	C:\WINDOWS\System32\kernel.appcore.dll
0x00007ffb56e30000 - 0x00007ffb56ed9000 	C:\WINDOWS\System32\shcore.dll
0x00007ffb56e00000 - 0x00007ffb56e14000 	C:\WINDOWS\System32\profapi.dll

VM Arguments:
jvm_args: -Djava.awt.headless=true -Xmx4g -Dfile.encoding=GBK -Duser.country=CN -Duser.language=zh -Duser.variant 
java_command: com.android.dx.command.Main --dex --force-jumbo --num-threads=4 --output D:\andriod-studio\workspace\wenhuaijun-SearchPictureTool-6e61917\app\build\intermediates\pre-dexed\build\debug\com.facebook.fresco-fbcore-0.13.0_6b4a0dd5e4953d2826ec1653725b85f756374580.jar D:\andriod-studio\workspace\wenhuaijun-SearchPictureTool-6e61917\app\build\intermediates\exploded-aar\com.facebook.fresco\fbcore\0.13.0\jars\classes.jar
java_class_path (initial): D:\androidstudio\Sdk\build-tools\24.0.0\lib\dx.jar
Launcher Type: SUN_STANDARD

Environment Variables:
JAVA_HOME=C:\Program Files\Java\jdk1.8.0_91
CLASSPATH=.;C:\Program Files\Java\jdk1.8.0_91\lib\dt.jar;C:\Program Files\Java\jdk1.8.0_91\lib\tools.jar
PATH=C:\Program Files\NVIDIA GPU Computing Toolkit\CUDA\v7.5\bin;C:\Program Files\NVIDIA GPU Computing Toolkit\CUDA\v7.5\libnvvp;C:;C:\Program Files\Java\jdk1.8.0_91\bin;C:\Program Files\Java\jdk1.8.0_91\jre\bin;\ProgramData\Oracle\Java\javapath;C:\Program Files (x86)\Intel\iCLS Client\;C:\Program Files\Intel\iCLS Client\;C:\windows\system32;C:\windows;C:\windows\System32\Wbem;C:\windows\System32\WindowsPowerShell\v1.0\;C:\Program Files (x86)\Intel\Intel(R) Management Engine Components\DAL;C:\Program Files\Intel\Intel(R) Management Engine Components\DAL;C:\Program Files (x86)\Intel\Intel(R) Management Engine Components\IPT;C:\Program Files\Intel\Intel(R) Management Engine Components\IPT;C:\Program Files (x86)\NVIDIA Corporation\PhysX\Common;C:\Program Files\Intel\IntelSGXPSW\bin\x64\Release\;C:\Program Files\Intel\IntelSGXPSW\bin\win32\Release\;C:\Program Files\Intel\WiFi\bin\;C:\Program Files\Common Files\Intel\WirelessCommon\;C:\WINDOWS\system32;C:\WINDOWS;C:\WINDOWS\System32\Wbem;C:\WINDOWS\System32\WindowsPowerShell\v1.0\;D:\mysql\bin;D:\openCV\Opencv\build\x64\vc12\bin;C:\Program Files (x86)\Windows Kits\8.1\Windows Performance Toolkit\;C:\Program Files (x86)\Microsoft SDKs\TypeScript\1.0\;D:\opencv\opencv\build\x86\vc12\bin;D:\opencv\opencv\build\x64\vc12\bin;C:\Program Files (x86)\Autodesk\Backburner\;C:\Program Files\Common Files\Autodesk Shared\;C:\Program Files\Microsoft SQL Server\Client SDK\ODBC\110\Tools\Binn\;C:\Program Files (x86)\Microsoft SQL Server\120\Tools\Binn\;C:\Program Files\Microsoft SQL Server\120\Tools\Binn\;C:\Program Files\Microsoft SQL Server\120\DTS\Binn\;C:\Program Files (x86)\Microsoft SQL Server\120\Tools\Binn\ManagementStudio\;C:\Program Files (x86)\Microsoft SQL Server\120\DTS\Binn\;C:\Program Files\Microsoft SQL Server\110\Tools\Binn\;D:\MATLAB\v901\runtime\win64;C:\Program Files (x86)\GtkSharp\2.12\bin;D:\SDK\android-studio\tools;D:\SDK\android-studio\platform-tools;C:\Users\raozhi\AppData\Local\Microsoft\WindowsApps;
USERNAME=raozhi
OS=Windows_NT
PROCESSOR_IDENTIFIER=Intel64 Family 6 Model 94 Stepping 3, GenuineIntel



---------------  S Y S T E M  ---------------

OS: Windows 10.0 , 64 bit Build 14393 (10.0.14393.0)

CPU:total 8 (4 cores per cpu, 2 threads per core) family 6 model 94 stepping 3, cmov, cx8, fxsr, mmx, sse, sse2, sse3, ssse3, sse4.1, sse4.2, popcnt, avx, avx2, aes, clmul, erms, rtm, 3dnowpref, lzcnt, ht, tsc, tscinvbit, bmi1, bmi2, adx

Memory: 4k page, physical 8223456k(1749788k free), swap 11795664k(4476k free)

vm_info: OpenJDK 64-Bit Server VM (25.76-b03) for windows-amd64 JRE (1.8.0_76-release-b03), built on Jun 29 2016 19:09:20 by "ralucas" with MS VC++ 10.0 (VS2010)

time: Fri May 26 19:26:20 2017
elapsed time: 0 seconds (0d 0h 0m 0s)

