#
# There is insufficient memory for the Java Runtime Environment to continue.
# Native memory allocation (malloc) failed to allocate 278336 bytes for Chunk::new
# Possible reasons:
#   The system is out of physical RAM or swap space
#   In 32 bit mode, the process size limit was hit
# Possible solutions:
#   Reduce memory load on the system
#   Increase physical memory or swap space
#   Check if swap backing store is full
#   Use 64 bit Java on a 64 bit OS
#   Decrease Java heap size (-Xmx/-Xms)
#   Decrease number of Java threads
#   Decrease Java thread stack sizes (-Xss)
#   Set larger code cache with -XX:ReservedCodeCacheSize=
# This output file may be truncated or incomplete.
#
#  Out of Memory Error (allocation.cpp:390), pid=13824, tid=0x0000000000001484
#
# JRE version: OpenJDK Runtime Environment (8.0_76-b03) (build 1.8.0_76-release-b03)
# Java VM: OpenJDK 64-Bit Server VM (25.76-b03 mixed mode windows-amd64 compressed oops)
# Failed to write core dump. Minidumps are not enabled by default on client versions of Windows
#

---------------  T H R E A D  ---------------

Current thread (0x000000001e2ab000):  JavaThread "C2 CompilerThread1" daemon [_thread_in_native, id=5252, stack(0x000000001ea80000,0x000000001eb80000)]

Stack: [0x000000001ea80000,0x000000001eb80000]
[error occurred during error reporting (printing stack bounds), id 0xc0000005]

Native frames: (J=compiled Java code, j=interpreted, Vv=VM code, C=native code)


Current CompileTask:
C2:   1257 1393       4       com.android.dx.ssa.LocalVariableExtractor::processBlock (383 bytes)


---------------  P R O C E S S  ---------------

Java Threads: ( => current thread )
  0x000000001e509000 JavaThread "pool-1-thread-4" [_thread_in_Java, id=11200, stack(0x000000001f380000,0x000000001f480000)]
  0x000000001e4b4000 JavaThread "pool-1-thread-3" [_thread_in_Java, id=19008, stack(0x000000001f280000,0x000000001f380000)]
  0x000000001e423800 JavaThread "pool-1-thread-2" [_thread_in_Java, id=10260, stack(0x000000001f180000,0x000000001f280000)]
  0x000000001e422000 JavaThread "pool-2-thread-1" [_thread_blocked, id=18624, stack(0x000000001f080000,0x000000001f180000)]
  0x000000001e421000 JavaThread "pool-1-thread-1" [_thread_in_vm, id=19240, stack(0x000000001ef80000,0x000000001f080000)]
  0x000000001e34d000 JavaThread "Service Thread" daemon [_thread_blocked, id=11132, stack(0x000000001ed80000,0x000000001ee80000)]
  0x000000001e2bf000 JavaThread "C1 CompilerThread3" daemon [_thread_in_native, id=12744, stack(0x000000001ec80000,0x000000001ed80000)]
  0x000000001e2b0000 JavaThread "C2 CompilerThread2" daemon [_thread_in_native, id=9236, stack(0x000000001eb80000,0x000000001ec80000)]
=>0x000000001e2ab000 JavaThread "C2 CompilerThread1" daemon [_thread_in_native, id=5252, stack(0x000000001ea80000,0x000000001eb80000)]
  0x000000001c35b800 JavaThread "C2 CompilerThread0" daemon [_thread_in_native, id=18212, stack(0x000000001e980000,0x000000001ea80000)]
  0x000000001c35a000 JavaThread "Attach Listener" daemon [_thread_blocked, id=16092, stack(0x000000001e880000,0x000000001e980000)]
  0x000000001e2a8800 JavaThread "Signal Dispatcher" daemon [_thread_blocked, id=4320, stack(0x000000001e780000,0x000000001e880000)]
  0x000000000282e000 JavaThread "Finalizer" daemon [_thread_blocked, id=12108, stack(0x000000001e620000,0x000000001e720000)]
  0x0000000002825000 JavaThread "Reference Handler" daemon [_thread_blocked, id=4496, stack(0x000000001e120000,0x000000001e220000)]
  0x000000000262e800 JavaThread "main" [_thread_in_Java, id=18572, stack(0x0000000002630000,0x0000000002730000)]

Other Threads:
  0x000000001c347000 VMThread [stack: 0x000000001e020000,0x000000001e120000] [id=3632]
  0x000000001e356000 WatcherThread [stack: 0x000000001ee80000,0x000000001ef80000] [id=10000]

VM state:not at safepoint (normal execution)

VM Mutex/Monitor currently owned by a thread: None

Heap:
 PSYoungGen      total 37888K, used 34997K [0x000000076ab00000, 0x000000076f500000, 0x00000007c0000000)
  eden space 32768K, 91% used [0x000000076ab00000,0x000000076c8300c8,0x000000076cb00000)
  from space 5120K, 99% used [0x000000076cb00000,0x000000076cffd5d0,0x000000076d000000)
  to   space 5120K, 0% used [0x000000076f000000,0x000000076f000000,0x000000076f500000)
 ParOldGen       total 86016K, used 2106K [0x00000006c0000000, 0x00000006c5400000, 0x000000076ab00000)
  object space 86016K, 2% used [0x00000006c0000000,0x00000006c020e9d0,0x00000006c5400000)
 Metaspace       used 5841K, capacity 6960K, committed 7040K, reserved 1056768K
  class space    used 559K, capacity 616K, committed 640K, reserved 1048576K

Card table byte_map: [0x0000000011bf0000,0x0000000012400000] byte_map_base: 0x000000000e5f0000

Marking Bits: (ParMarkBitMap*) 0x0000000063b69d00
 Begin Bits: [0x0000000013160000, 0x0000000017160000)
 End Bits:   [0x0000000017160000, 0x000000001b160000)

Polling page: 0x0000000002570000

CodeCache: size=245760Kb used=5701Kb max_used=5701Kb free=240058Kb
 bounds [0x0000000002830000, 0x0000000002dd0000, 0x0000000011830000]
 total_blobs=1655 nmethods=1392 adapters=177
 compilation: enabled

Compilation events (10 events):
Event: 1.231 Thread 0x000000001e2bf000 1382       3       java.util.concurrent.locks.AbstractQueuedSynchronizer$ConditionObject::signal (33 bytes)
Event: 1.231 Thread 0x000000001e2bf000 nmethod 1382 0x0000000002db2650 code [0x0000000002db27e0, 0x0000000002db2b68]
Event: 1.231 Thread 0x000000001e2bf000 1383       3       java.util.concurrent.locks.ReentrantLock$Sync::isHeldExclusively (16 bytes)
Event: 1.231 Thread 0x000000001e2bf000 nmethod 1383 0x0000000002db4090 code [0x0000000002db4200, 0x0000000002db4470]
Event: 1.231 Thread 0x000000001e2bf000 1399   !   3       com.android.dx.cf.attrib.AttCode::<init> (144 bytes)
Event: 1.232 Thread 0x000000001e2bf000 nmethod 1399 0x0000000002dbee10 code [0x0000000002dbf040, 0x0000000002dbfb08]
Event: 1.244 Thread 0x000000001e2bf000 1401       3       com.android.dx.dex.code.RopTranslator::outputInstructions (69 bytes)
Event: 1.245 Thread 0x000000001e2bf000 nmethod 1401 0x0000000002dbe650 code [0x0000000002dbe7e0, 0x0000000002dbec38]
Event: 1.255 Thread 0x000000001e2bf000 1404       3       com.android.dx.util.LabeledList::<init> (18 bytes)
Event: 1.255 Thread 0x000000001e2bf000 nmethod 1404 0x0000000002dbe190 code [0x0000000002dbe300, 0x0000000002dbe558]

GC Heap History (2 events):
Event: 0.865 GC heap before
{Heap before GC invocations=1 (full 0):
 PSYoungGen      total 37888K, used 32768K [0x000000076ab00000, 0x000000076d500000, 0x00000007c0000000)
  eden space 32768K, 100% used [0x000000076ab00000,0x000000076cb00000,0x000000076cb00000)
  from space 5120K, 0% used [0x000000076d000000,0x000000076d000000,0x000000076d500000)
  to   space 5120K, 0% used [0x000000076cb00000,0x000000076cb00000,0x000000076d000000)
 ParOldGen       total 86016K, used 0K [0x00000006c0000000, 0x00000006c5400000, 0x000000076ab00000)
  object space 86016K, 0% used [0x00000006c0000000,0x00000006c0000000,0x00000006c5400000)
 Metaspace       used 5686K, capacity 6832K, committed 7040K, reserved 1056768K
  class space    used 554K, capacity 616K, committed 640K, reserved 1048576K
Event: 0.955 GC heap after
Heap after GC invocations=1 (full 0):
 PSYoungGen      total 37888K, used 5109K [0x000000076ab00000, 0x000000076f500000, 0x00000007c0000000)
  eden space 32768K, 0% used [0x000000076ab00000,0x000000076ab00000,0x000000076cb00000)
  from space 5120K, 99% used [0x000000076cb00000,0x000000076cffd5d0,0x000000076d000000)
  to   space 5120K, 0% used [0x000000076f000000,0x000000076f000000,0x000000076f500000)
 ParOldGen       total 86016K, used 2106K [0x00000006c0000000, 0x00000006c5400000, 0x000000076ab00000)
  object space 86016K, 2% used [0x00000006c0000000,0x00000006c020e9d0,0x00000006c5400000)
 Metaspace       used 5686K, capacity 6832K, committed 7040K, reserved 1056768K
  class space    used 554K, capacity 616K, committed 640K, reserved 1048576K
}

Deoptimization events (10 events):
Event: 0.991 Thread 0x000000001e421000 Uncommon trap: reason=unstable_if action=reinterpret pc=0x0000000002cc3820 method=com.android.dx.cf.code.BytecodeArray.parseInstruction(ILcom/android/dx/cf/code/BytecodeArray$Visitor;)I @ 1198
Event: 1.127 Thread 0x000000001e4b4000 Uncommon trap: reason=unstable_if action=reinterpret pc=0x0000000002b7a138 method=com.android.dx.rop.code.RegisterSpec.equals(ILcom/android/dx/rop/type/TypeBearer;Lcom/android/dx/rop/code/LocalItem;)Z @ 24
Event: 1.213 Thread 0x000000001e421000 Uncommon trap: reason=class_check action=maybe_recompile pc=0x0000000002b18670 method=com.android.dx.rop.type.Type.equals(Ljava/lang/Object;)Z @ 8
Event: 1.213 Thread 0x000000001e421000 Uncommon trap: reason=unstable_if action=reinterpret pc=0x0000000002ac0a3c method=com.android.dx.rop.code.RegisterSpec.equals(ILcom/android/dx/rop/type/TypeBearer;Lcom/android/dx/rop/code/LocalItem;)Z @ 16
Event: 1.214 Thread 0x000000001e421000 Uncommon trap: reason=unstable_if action=reinterpret pc=0x0000000002aeaec8 method=com.android.dx.rop.code.RegisterSpec.equals(ILcom/android/dx/rop/type/TypeBearer;Lcom/android/dx/rop/code/LocalItem;)Z @ 16
Event: 1.214 Thread 0x000000001e421000 Uncommon trap: reason=class_check action=maybe_recompile pc=0x0000000002b18670 method=com.android.dx.rop.type.Type.equals(Ljava/lang/Object;)Z @ 8
Event: 1.214 Thread 0x000000001e421000 Uncommon trap: reason=unstable_if action=reinterpret pc=0x0000000002ae40a0 method=com.android.dx.rop.code.RegisterSpec.equals(ILcom/android/dx/rop/type/TypeBearer;Lcom/android/dx/rop/code/LocalItem;)Z @ 16
Event: 1.214 Thread 0x000000001e421000 Uncommon trap: reason=bimorphic action=maybe_recompile pc=0x0000000002d929d0 method=com.android.dx.ssa.LiteralOpUpgrader.tryReplacingWithConstant(Lcom/android/dx/ssa/NormalSsaInsn;)Z @ 52
Event: 1.215 Thread 0x000000001e421000 Uncommon trap: reason=class_check action=maybe_recompile pc=0x0000000002b18670 method=com.android.dx.rop.type.Type.equals(Ljava/lang/Object;)Z @ 8
Event: 1.215 Thread 0x000000001e421000 Uncommon trap: reason=class_check action=maybe_recompile pc=0x0000000002b18670 method=com.android.dx.rop.type.Type.equals(Ljava/lang/Object;)Z @ 8

Internal exceptions (2 events):
Event: 0.050 Thread 0x000000000262e800 Exception <a 'java/lang/NoSuchMethodError': Method sun.misc.Unsafe.defineClass(Ljava/lang/String;[BII)Ljava/lang/Class; name or signature does not match> (0x000000076ab07cc0) thrown at [C:\src\android\AOSP-openjdk\external\jetbrains\jdk\hotspot\src\share\v¾‡VúÌ©?
Event: 0.050 Thread 0x000000000262e800 Exception <a 'java/lang/NoSuchMethodError': Method sun.misc.Unsafe.prefetchRead(Ljava/lang/Object;J)V name or signature does not match> (0x000000076ab07fa8) thrown at [C:\src\android\AOSP-openjdk\external\jetbrains\jdk\hotspot\src\share\vm\prims\jni.cpp, l

Events (10 events):
Event: 1.214 Thread 0x000000001e421000 DEOPT UNPACKING pc=0x000000000287556a sp=0x000000001f07ded0 mode 2
Event: 1.214 Thread 0x000000001e421000 Uncommon trap: trap_request=0xffffffc6 fr.pc=0x0000000002d929d0
Event: 1.214 Thread 0x000000001e421000 DEOPT PACKING pc=0x0000000002d929d0 sp=0x000000001f07ed80
Event: 1.214 Thread 0x000000001e421000 DEOPT UNPACKING pc=0x000000000287556a sp=0x000000001f07ec58 mode 2
Event: 1.215 Thread 0x000000001e421000 Uncommon trap: trap_request=0xffffffde fr.pc=0x0000000002b18670
Event: 1.215 Thread 0x000000001e421000 DEOPT PACKING pc=0x0000000002b18670 sp=0x000000001f07eb90
Event: 1.215 Thread 0x000000001e421000 DEOPT UNPACKING pc=0x000000000287556a sp=0x000000001f07eb38 mode 2
Event: 1.215 Thread 0x000000001e421000 Uncommon trap: trap_request=0xffffffde fr.pc=0x0000000002b18670
Event: 1.215 Thread 0x000000001e421000 DEOPT PACKING pc=0x0000000002b18670 sp=0x000000001f07eae0
Event: 1.215 Thread 0x000000001e421000 DEOPT UNPACKING pc=0x000000000287556a sp=0x000000001f07ea88 mode 2


Dynamic libraries:
0x00007ff6f3b30000 - 0x00007ff6f3b61000 	D:\andriod-studio\Android Studio\jre\bin\java.exe
0x00007ffb5ab90000 - 0x00007ffb5ad61000 	C:\WINDOWS\SYSTEM32\ntdll.dll
0x00007ffb58490000 - 0x00007ffb5853b000 	C:\WINDOWS\System32\KERNEL32.DLL
0x00007ffb57b70000 - 0x00007ffb57d8d000 	C:\WINDOWS\System32\KERNELBASE.dll
0x00007ffb57fd0000 - 0x00007ffb58072000 	C:\WINDOWS\System32\ADVAPI32.dll
0x00007ffb58080000 - 0x00007ffb5811e000 	C:\WINDOWS\System32\msvcrt.dll
0x00007ffb58400000 - 0x00007ffb58459000 	C:\WINDOWS\System32\sechost.dll
0x00007ffb58a70000 - 0x00007ffb58b91000 	C:\WINDOWS\System32\RPCRT4.dll
0x00007ffb58220000 - 0x00007ffb58385000 	C:\WINDOWS\System32\USER32.dll
0x00007ffb579d0000 - 0x00007ffb579ee000 	C:\WINDOWS\System32\win32u.dll
0x00007ffb58640000 - 0x00007ffb58674000 	C:\WINDOWS\System32\GDI32.dll
0x00007ffb56f30000 - 0x00007ffb570b2000 	C:\WINDOWS\System32\gdi32full.dll
0x00007ffb4f630000 - 0x00007ffb4f8a9000 	C:\WINDOWS\WinSxS\amd64_microsoft.windows.common-controls_6595b64144ccf1df_6.0.14393.447_none_42191651c6827bb3\COMCTL32.dll
0x00007ffb58790000 - 0x00007ffb58a58000 	C:\WINDOWS\System32\combase.dll
0x00007ffb57110000 - 0x00007ffb57205000 	C:\WINDOWS\System32\ucrtbase.dll
0x00007ffb57aa0000 - 0x00007ffb57b0a000 	C:\WINDOWS\System32\bcryptPrimitives.dll
0x00007ffb58460000 - 0x00007ffb5848e000 	C:\WINDOWS\System32\IMM32.DLL
0x0000000064600000 - 0x00000000646d2000 	D:\andriod-studio\Android Studio\jre\jre\bin\msvcr100.dll
0x00000000633b0000 - 0x0000000063be4000 	D:\andriod-studio\Android Studio\jre\jre\bin\server\jvm.dll
0x00007ffb57210000 - 0x00007ffb57233000 	C:\WINDOWS\System32\WINMM.dll
0x00007ffb56dc0000 - 0x00007ffb56deb000 	C:\WINDOWS\System32\WINMMBASE.dll
0x00007ffb570c0000 - 0x00007ffb57102000 	C:\WINDOWS\System32\cfgmgr32.dll
0x00007ffb52ed0000 - 0x00007ffb52ed9000 	C:\WINDOWS\SYSTEM32\WSOCK32.dll
0x00007ffb5a660000 - 0x00007ffb5a668000 	C:\WINDOWS\System32\PSAPI.DLL
0x00007ffb51fb0000 - 0x00007ffb51fba000 	C:\WINDOWS\SYSTEM32\VERSION.dll
0x00007ffb57f60000 - 0x00007ffb57fca000 	C:\WINDOWS\System32\WS2_32.dll
0x00007ffb53770000 - 0x00007ffb5377f000 	D:\andriod-studio\Android Studio\jre\jre\bin\verify.dll
0x00007ffb4dbe0000 - 0x00007ffb4dc09000 	D:\andriod-studio\Android Studio\jre\jre\bin\java.dll
0x00007ffb521a0000 - 0x00007ffb521b6000 	D:\andriod-studio\Android Studio\jre\jre\bin\zip.dll
0x00007ffb58ba0000 - 0x00007ffb5a0a9000 	C:\WINDOWS\System32\SHELL32.dll
0x00007ffb57240000 - 0x00007ffb5791a000 	C:\WINDOWS\System32\windows.storage.dll
0x00007ffb56ee0000 - 0x00007ffb56f2c000 	C:\WINDOWS\System32\powrprof.dll
0x00007ffb5a0d0000 - 0x00007ffb5a122000 	C:\WINDOWS\System32\shlwapi.dll
0x00007ffb56df0000 - 0x00007ffb56dff000 	C:\WINDOWS\System32\kernel.appcore.dll
0x00007ffb56e30000 - 0x00007ffb56ed9000 	C:\WINDOWS\System32\shcore.dll
0x00007ffb56e00000 - 0x00007ffb56e14000 	C:\WINDOWS\System32\profapi.dll

VM Arguments:
jvm_args: -Djava.awt.headless=true -Xmx4g -Dfile.encoding=GBK -Duser.country=CN -Duser.language=zh -Duser.variant 
java_command: com.android.dx.command.Main --dex --force-jumbo --num-threads=4 --output D:\andriod-studio\workspace\wenhuaijun-SearchPictureTool-6e61917\app\build\intermediates\pre-dexed\build\debug\main_29875ad92bcf288cc39e7b50f7bbc4332bac2639.jar D:\andriod-studio\workspace\wenhuaijun-SearchPictureTool-6e61917\app\build\intermediates\transforms\instantRun\build\debug\folders\1\5\main
java_class_path (initial): D:\androidstudio\Sdk\build-tools\24.0.0\lib\dx.jar
Launcher Type: SUN_STANDARD

Environment Variables:
JAVA_HOME=C:\Program Files\Java\jdk1.8.0_91
CLASSPATH=.;C:\Program Files\Java\jdk1.8.0_91\lib\dt.jar;C:\Program Files\Java\jdk1.8.0_91\lib\tools.jar
PATH=C:\Program Files\NVIDIA GPU Computing Toolkit\CUDA\v7.5\bin;C:\Program Files\NVIDIA GPU Computing Toolkit\CUDA\v7.5\libnvvp;C:;C:\Program Files\Java\jdk1.8.0_91\bin;C:\Program Files\Java\jdk1.8.0_91\jre\bin;\ProgramData\Oracle\Java\javapath;C:\Program Files (x86)\Intel\iCLS Client\;C:\Program Files\Intel\iCLS Client\;C:\windows\system32;C:\windows;C:\windows\System32\Wbem;C:\windows\System32\WindowsPowerShell\v1.0\;C:\Program Files (x86)\Intel\Intel(R) Management Engine Components\DAL;C:\Program Files\Intel\Intel(R) Management Engine Components\DAL;C:\Program Files (x86)\Intel\Intel(R) Management Engine Components\IPT;C:\Program Files\Intel\Intel(R) Management Engine Components\IPT;C:\Program Files (x86)\NVIDIA Corporation\PhysX\Common;C:\Program Files\Intel\IntelSGXPSW\bin\x64\Release\;C:\Program Files\Intel\IntelSGXPSW\bin\win32\Release\;C:\Program Files\Intel\WiFi\bin\;C:\Program Files\Common Files\Intel\WirelessCommon\;C:\WINDOWS\system32;C:\WINDOWS;C:\WINDOWS\System32\Wbem;C:\WINDOWS\System32\WindowsPowerShell\v1.0\;D:\mysql\bin;D:\openCV\Opencv\build\x64\vc12\bin;C:\Program Files (x86)\Windows Kits\8.1\Windows Performance Toolkit\;C:\Program Files (x86)\Microsoft SDKs\TypeScript\1.0\;D:\opencv\opencv\build\x86\vc12\bin;D:\opencv\opencv\build\x64\vc12\bin;C:\Program Files (x86)\Autodesk\Backburner\;C:\Program Files\Common Files\Autodesk Shared\;C:\Program Files\Microsoft SQL Server\Client SDK\ODBC\110\Tools\Binn\;C:\Program Files (x86)\Microsoft SQL Server\120\Tools\Binn\;C:\Program Files\Microsoft SQL Server\120\Tools\Binn\;C:\Program Files\Microsoft SQL Server\120\DTS\Binn\;C:\Program Files (x86)\Microsoft SQL Server\120\Tools\Binn\ManagementStudio\;C:\Program Files (x86)\Microsoft SQL Server\120\DTS\Binn\;C:\Program Files\Microsoft SQL Server\110\Tools\Binn\;D:\MATLAB\v901\runtime\win64;C:\Program Files (x86)\GtkSharp\2.12\bin;D:\SDK\android-studio\tools;D:\SDK\android-studio\platform-tools;D:\git\Git\cmd;C:\Users\raozhi\AppData\Local\Microsoft\WindowsApps
USERNAME=raozhi
OS=Windows_NT
PROCESSOR_IDENTIFIER=Intel64 Family 6 Model 94 Stepping 3, GenuineIntel



---------------  S Y S T E M  ---------------

OS: Windows 10.0 , 64 bit Build 14393 (10.0.14393.0)

CPU:total 8 (4 cores per cpu, 2 threads per core) family 6 model 94 stepping 3, cmov, cx8, fxsr, mmx, sse, sse2, sse3, ssse3, sse4.1, sse4.2, popcnt, avx, avx2, aes, clmul, erms, rtm, 3dnowpref, lzcnt, ht, tsc, tscinvbit, bmi1, bmi2, adx

Memory: 4k page, physical 8223456k(1747752k free), swap 11795344k(5140k free)

vm_info: OpenJDK 64-Bit Server VM (25.76-b03) for windows-amd64 JRE (1.8.0_76-release-b03), built on Jun 29 2016 19:09:20 by "ralucas" with MS VC++ 10.0 (VS2010)

time: Fri May 26 19:26:12 2017
elapsed time: 1 seconds (0d 0h 0m 1s)

