#
# There is insufficient memory for the Java Runtime Environment to continue.
# Native memory allocation (malloc) failed to allocate 43616 bytes for Chunk::new
# Possible reasons:
#   The system is out of physical RAM or swap space
#   In 32 bit mode, the process size limit was hit
# Possible solutions:
#   Reduce memory load on the system
#   Increase physical memory or swap space
#   Check if swap backing store is full
#   Use 64 bit Java on a 64 bit OS
#   Decrease Java heap size (-Xmx/-Xms)
#   Decrease number of Java threads
#   Decrease Java thread stack sizes (-Xss)
#   Set larger code cache with -XX:ReservedCodeCacheSize=
# This output file may be truncated or incomplete.
#
#  Out of Memory Error (allocation.cpp:390), pid=19408, tid=0x0000000000004ae4
#
# JRE version: OpenJDK Runtime Environment (8.0_76-b03) (build 1.8.0_76-release-b03)
# Java VM: OpenJDK 64-Bit Server VM (25.76-b03 mixed mode windows-amd64 compressed oops)
# Failed to write core dump. Minidumps are not enabled by default on client versions of Windows
#

---------------  T H R E A D  ---------------

Current thread (0x000000001ebd9000):  JavaThread "C2 CompilerThread0" daemon [_thread_in_native, id=19172, stack(0x000000001f250000,0x000000001f350000)]

Stack: [0x000000001f250000,0x000000001f350000]
[error occurred during error reporting (printing stack bounds), id 0xc0000005]

Native frames: (J=compiled Java code, j=interpreted, Vv=VM code, C=native code)


Current CompileTask:
C2:    686  315       4       java.lang.String::replace (127 bytes)


---------------  P R O C E S S  ---------------

Java Threads: ( => current thread )
  0x000000001ee68000 JavaThread "pool-1-thread-4" [_thread_blocked, id=18480, stack(0x000000001fc50000,0x000000001fd50000)]
  0x000000001ee5e000 JavaThread "pool-1-thread-2" [_thread_blocked, id=18488, stack(0x000000001fa50000,0x000000001fb50000)]
  0x000000001ed4f800 JavaThread "pool-2-thread-1" [_thread_blocked, id=18940, stack(0x000000001f950000,0x000000001fa50000)]
  0x000000001ed4e800 JavaThread "pool-1-thread-1" [_thread_in_vm, id=18568, stack(0x000000001f850000,0x000000001f950000)]
  0x000000001ec7b800 JavaThread "Service Thread" daemon [_thread_blocked, id=13884, stack(0x000000001f650000,0x000000001f750000)]
  0x000000001ebe6800 JavaThread "C1 CompilerThread3" daemon [_thread_in_vm, id=12896, stack(0x000000001f550000,0x000000001f650000)]
  0x000000001ebdf000 JavaThread "C2 CompilerThread2" daemon [_thread_blocked, id=7216, stack(0x000000001f450000,0x000000001f550000)]
  0x000000001ebde800 JavaThread "C2 CompilerThread1" daemon [_thread_blocked, id=18472, stack(0x000000001f350000,0x000000001f450000)]
=>0x000000001ebd9000 JavaThread "C2 CompilerThread0" daemon [_thread_in_native, id=19172, stack(0x000000001f250000,0x000000001f350000)]
  0x000000001cc8a000 JavaThread "Attach Listener" daemon [_thread_blocked, id=10724, stack(0x000000001f150000,0x000000001f250000)]
  0x000000001ebd8800 JavaThread "Signal Dispatcher" daemon [_thread_blocked, id=19052, stack(0x000000001f050000,0x000000001f150000)]
  0x0000000003159000 JavaThread "Finalizer" daemon [_thread_blocked, id=18440, stack(0x000000001ef50000,0x000000001f050000)]
  0x0000000003156000 JavaThread "Reference Handler" daemon [_thread_blocked, id=19056, stack(0x000000001ea50000,0x000000001eb50000)]
  0x0000000002bde800 JavaThread "main" [_thread_blocked, id=12936, stack(0x0000000002f60000,0x0000000003060000)]

Other Threads:
  0x000000001cc77000 VMThread [stack: 0x000000001e950000,0x000000001ea50000] [id=19060]
  0x000000001ec7c800 WatcherThread [stack: 0x000000001f750000,0x000000001f850000] [id=13640]

VM state:not at safepoint (normal execution)

VM Mutex/Monitor currently owned by a thread:  ([mutex/lock_event])
[0x00000000030605d0] MethodData_lock - owner thread: 0x000000001ebe6800

Heap:
 PSYoungGen      total 37888K, used 9867K [0x000000076ab00000, 0x000000076d500000, 0x00000007c0000000)
  eden space 32768K, 30% used [0x000000076ab00000,0x000000076b4a2ff8,0x000000076cb00000)
  from space 5120K, 0% used [0x000000076d000000,0x000000076d000000,0x000000076d500000)
  to   space 5120K, 0% used [0x000000076cb00000,0x000000076cb00000,0x000000076d000000)
 ParOldGen       total 86016K, used 0K [0x00000006c0000000, 0x00000006c5400000, 0x000000076ab00000)
  object space 86016K, 0% used [0x00000006c0000000,0x00000006c0000000,0x00000006c5400000)
 Metaspace       used 4827K, capacity 5872K, committed 6016K, reserved 1056768K
  class space    used 517K, capacity 552K, committed 640K, reserved 1048576K

Card table byte_map: [0x0000000012520000,0x0000000012d30000] byte_map_base: 0x000000000ef20000

Marking Bits: (ParMarkBitMap*) 0x0000000063b69d00
 Begin Bits: [0x0000000013a90000, 0x0000000017a90000)
 End Bits:   [0x0000000017a90000, 0x000000001ba90000)

Polling page: 0x0000000001330000

CodeCache: size=245760Kb used=1813Kb max_used=1813Kb free=243946Kb
 bounds [0x0000000003160000, 0x00000000033d0000, 0x0000000012160000]
 total_blobs=642 nmethods=379 adapters=177
 compilation: enabled

Compilation events (10 events):
Event: 0.665 Thread 0x000000001ebe6800 nmethod 312 0x0000000003309990 code [0x0000000003309ae0, 0x0000000003309bf0]
Event: 0.665 Thread 0x000000001ebe6800  313       1       com.android.dx.ssa.SsaBasicBlock::getPrimarySuccessorIndex (5 bytes)
Event: 0.666 Thread 0x000000001ebe6800 nmethod 313 0x000000000330cad0 code [0x000000000330cc20, 0x000000000330cd30]
Event: 0.666 Thread 0x000000001ebe6800  318       3       java.util.AbstractCollection::<init> (5 bytes)
Event: 0.666 Thread 0x000000001ebe6800 nmethod 318 0x000000000330cd90 code [0x000000000330cee0, 0x000000000330d090]
Event: 0.666 Thread 0x000000001ebe6800  317       1       com.android.dx.ssa.SsaBasicBlock::getIndex (5 bytes)
Event: 0.666 Thread 0x000000001ebe6800 nmethod 317 0x000000000330d150 code [0x000000000330d2a0, 0x000000000330d3b0]
Event: 0.666 Thread 0x000000001ebe6800  316  s    1       java.util.Vector::size (5 bytes)
Event: 0.666 Thread 0x000000001ebe6800 nmethod 316 0x000000000330d410 code [0x000000000330d560, 0x000000000330d7d0]
Event: 0.666 Thread 0x000000001ebe6800  319       3       java.lang.Long::numberOfTrailingZeros (116 bytes)

GC Heap History (0 events):
No events

Deoptimization events (1 events):
Event: 0.462 Thread 0x0000000002bde800 Uncommon trap: reason=unstable_if action=reinterpret pc=0x00000000032b1a20 method=java.lang.String.indexOf(II)I @ 49

Internal exceptions (2 events):
Event: 0.072 Thread 0x0000000002bde800 Exception <a 'java/lang/NoSuchMethodError': Method sun.misc.Unsafe.defineClass(Ljava/lang/String;[BII)Ljava/lang/Class; name or signature does not match> (0x000000076ab07cc0) thrown at [C:\src\android\AOSP-openjdk\external\jetbrains\jdk\hotspot\src\share\v½	ç%³~²?
Event: 0.072 Thread 0x0000000002bde800 Exception <a 'java/lang/NoSuchMethodError': Method sun.misc.Unsafe.prefetchRead(Ljava/lang/Object;J)V name or signature does not match> (0x000000076ab07fa8) thrown at [C:\src\android\AOSP-openjdk\external\jetbrains\jdk\hotspot\src\share\vm\prims\jni.cpp, l

Events (10 events):
Event: 0.663 loading class com/android/dx/ssa/Dominators
Event: 0.663 loading class com/android/dx/ssa/Dominators done
Event: 0.664 loading class com/android/dx/ssa/SsaBasicBlock$Visitor
Event: 0.664 loading class com/android/dx/ssa/SsaBasicBlock$Visitor done
Event: 0.664 loading class com/android/dx/ssa/Dominators$DFSInfo
Event: 0.664 loading class com/android/dx/ssa/Dominators$DFSInfo done
Event: 0.665 loading class com/android/dx/ssa/Dominators$DfsWalker
Event: 0.665 loading class com/android/dx/ssa/Dominators$DfsWalker done
Event: 0.666 loading class com/android/dx/ssa/SetFactory
Event: 0.666 loading class com/android/dx/ssa/SetFactory done


Dynamic libraries:
0x00007ff6f3b30000 - 0x00007ff6f3b61000 	D:\andriod-studio\Android Studio\jre\bin\java.exe
0x00007ffb5ab90000 - 0x00007ffb5ad61000 	C:\WINDOWS\SYSTEM32\ntdll.dll
0x00007ffb58490000 - 0x00007ffb5853b000 	C:\WINDOWS\System32\KERNEL32.DLL
0x00007ffb57b70000 - 0x00007ffb57d8d000 	C:\WINDOWS\System32\KERNELBASE.dll
0x00007ffb57fd0000 - 0x00007ffb58072000 	C:\WINDOWS\System32\ADVAPI32.dll
0x00007ffb58080000 - 0x00007ffb5811e000 	C:\WINDOWS\System32\msvcrt.dll
0x00007ffb58400000 - 0x00007ffb58459000 	C:\WINDOWS\System32\sechost.dll
0x00007ffb58a70000 - 0x00007ffb58b91000 	C:\WINDOWS\System32\RPCRT4.dll
0x00007ffb58220000 - 0x00007ffb58385000 	C:\WINDOWS\System32\USER32.dll
0x00007ffb579d0000 - 0x00007ffb579ee000 	C:\WINDOWS\System32\win32u.dll
0x00007ffb58640000 - 0x00007ffb58674000 	C:\WINDOWS\System32\GDI32.dll
0x00007ffb56f30000 - 0x00007ffb570b2000 	C:\WINDOWS\System32\gdi32full.dll
0x00007ffb4f630000 - 0x00007ffb4f8a9000 	C:\WINDOWS\WinSxS\amd64_microsoft.windows.common-controls_6595b64144ccf1df_6.0.14393.447_none_42191651c6827bb3\COMCTL32.dll
0x00007ffb58790000 - 0x00007ffb58a58000 	C:\WINDOWS\System32\combase.dll
0x00007ffb57110000 - 0x00007ffb57205000 	C:\WINDOWS\System32\ucrtbase.dll
0x00007ffb57aa0000 - 0x00007ffb57b0a000 	C:\WINDOWS\System32\bcryptPrimitives.dll
0x00007ffb58460000 - 0x00007ffb5848e000 	C:\WINDOWS\System32\IMM32.DLL
0x0000000064600000 - 0x00000000646d2000 	D:\andriod-studio\Android Studio\jre\jre\bin\msvcr100.dll
0x00000000633b0000 - 0x0000000063be4000 	D:\andriod-studio\Android Studio\jre\jre\bin\server\jvm.dll
0x00007ffb57210000 - 0x00007ffb57233000 	C:\WINDOWS\System32\WINMM.dll
0x00007ffb56dc0000 - 0x00007ffb56deb000 	C:\WINDOWS\System32\WINMMBASE.dll
0x00007ffb570c0000 - 0x00007ffb57102000 	C:\WINDOWS\System32\cfgmgr32.dll
0x00007ffb52ed0000 - 0x00007ffb52ed9000 	C:\WINDOWS\SYSTEM32\WSOCK32.dll
0x00007ffb5a660000 - 0x00007ffb5a668000 	C:\WINDOWS\System32\PSAPI.DLL
0x00007ffb51fb0000 - 0x00007ffb51fba000 	C:\WINDOWS\SYSTEM32\VERSION.dll
0x00007ffb57f60000 - 0x00007ffb57fca000 	C:\WINDOWS\System32\WS2_32.dll
0x00007ffb53770000 - 0x00007ffb5377f000 	D:\andriod-studio\Android Studio\jre\jre\bin\verify.dll
0x00007ffb4dbe0000 - 0x00007ffb4dc09000 	D:\andriod-studio\Android Studio\jre\jre\bin\java.dll
0x00007ffb521a0000 - 0x00007ffb521b6000 	D:\andriod-studio\Android Studio\jre\jre\bin\zip.dll
0x00007ffb58ba0000 - 0x00007ffb5a0a9000 	C:\WINDOWS\System32\SHELL32.dll
0x00007ffb57240000 - 0x00007ffb5791a000 	C:\WINDOWS\System32\windows.storage.dll
0x00007ffb56ee0000 - 0x00007ffb56f2c000 	C:\WINDOWS\System32\powrprof.dll
0x00007ffb5a0d0000 - 0x00007ffb5a122000 	C:\WINDOWS\System32\shlwapi.dll
0x00007ffb56df0000 - 0x00007ffb56dff000 	C:\WINDOWS\System32\kernel.appcore.dll
0x00007ffb56e30000 - 0x00007ffb56ed9000 	C:\WINDOWS\System32\shcore.dll
0x00007ffb56e00000 - 0x00007ffb56e14000 	C:\WINDOWS\System32\profapi.dll

VM Arguments:
jvm_args: -Djava.awt.headless=true -Xmx4g -Dfile.encoding=GBK -Duser.country=CN -Duser.language=zh -Duser.variant 
java_command: com.android.dx.command.Main --dex --num-threads=4 --output D:\andriod-studio\workspace\wenhuaijun-SearchPictureTool-6e61917\app\build\intermediates\pre-dexed\build\debug\systembartint-1.0.3_50baafa1851353fa9d6787caf92afb4467eedff4.jar C:\Users\raozhi\.gradle\caches\modules-2\files-2.1\com.readystatesoftware.systembartint\systembartint\1.0.3\de4f7404e2f58d8f6e83cb1e85d0c2d6c2987287\systembartint-1.0.3.jar
java_class_path (initial): D:\androidstudio\Sdk\build-tools\24.0.0\lib\dx.jar
Launcher Type: SUN_STANDARD

Environment Variables:
JAVA_HOME=C:\Program Files\Java\jdk1.8.0_91
CLASSPATH=.;C:\Program Files\Java\jdk1.8.0_91\lib\dt.jar;C:\Program Files\Java\jdk1.8.0_91\lib\tools.jar
PATH=C:\Program Files\NVIDIA GPU Computing Toolkit\CUDA\v7.5\bin;C:\Program Files\NVIDIA GPU Computing Toolkit\CUDA\v7.5\libnvvp;C:;C:\Program Files\Java\jdk1.8.0_91\bin;C:\Program Files\Java\jdk1.8.0_91\jre\bin;\ProgramData\Oracle\Java\javapath;C:\Program Files (x86)\Intel\iCLS Client\;C:\Program Files\Intel\iCLS Client\;C:\windows\system32;C:\windows;C:\windows\System32\Wbem;C:\windows\System32\WindowsPowerShell\v1.0\;C:\Program Files (x86)\Intel\Intel(R) Management Engine Components\DAL;C:\Program Files\Intel\Intel(R) Management Engine Components\DAL;C:\Program Files (x86)\Intel\Intel(R) Management Engine Components\IPT;C:\Program Files\Intel\Intel(R) Management Engine Components\IPT;C:\Program Files (x86)\NVIDIA Corporation\PhysX\Common;C:\Program Files\Intel\IntelSGXPSW\bin\x64\Release\;C:\Program Files\Intel\IntelSGXPSW\bin\win32\Release\;C:\Program Files\Intel\WiFi\bin\;C:\Program Files\Common Files\Intel\WirelessCommon\;C:\WINDOWS\system32;C:\WINDOWS;C:\WINDOWS\System32\Wbem;C:\WINDOWS\System32\WindowsPowerShell\v1.0\;D:\mysql\bin;D:\openCV\Opencv\build\x64\vc12\bin;C:\Program Files (x86)\Windows Kits\8.1\Windows Performance Toolkit\;C:\Program Files (x86)\Microsoft SDKs\TypeScript\1.0\;D:\opencv\opencv\build\x86\vc12\bin;D:\opencv\opencv\build\x64\vc12\bin;C:\Program Files (x86)\Autodesk\Backburner\;C:\Program Files\Common Files\Autodesk Shared\;C:\Program Files\Microsoft SQL Server\Client SDK\ODBC\110\Tools\Binn\;C:\Program Files (x86)\Microsoft SQL Server\120\Tools\Binn\;C:\Program Files\Microsoft SQL Server\120\Tools\Binn\;C:\Program Files\Microsoft SQL Server\120\DTS\Binn\;C:\Program Files (x86)\Microsoft SQL Server\120\Tools\Binn\ManagementStudio\;C:\Program Files (x86)\Microsoft SQL Server\120\DTS\Binn\;C:\Program Files\Microsoft SQL Server\110\Tools\Binn\;D:\MATLAB\v901\runtime\win64;C:\Program Files (x86)\GtkSharp\2.12\bin;D:\SDK\android-studio\tools;D:\SDK\android-studio\platform-tools;C:\Users\raozhi\AppData\Local\Microsoft\WindowsApps;
USERNAME=raozhi
OS=Windows_NT
PROCESSOR_IDENTIFIER=Intel64 Family 6 Model 94 Stepping 3, GenuineIntel



---------------  S Y S T E M  ---------------

OS: Windows 10.0 , 64 bit Build 14393 (10.0.14393.0)

CPU:total 8 (4 cores per cpu, 2 threads per core) family 6 model 94 stepping 3, cmov, cx8, fxsr, mmx, sse, sse2, sse3, ssse3, sse4.1, sse4.2, popcnt, avx, avx2, aes, clmul, erms, rtm, 3dnowpref, lzcnt, ht, tsc, tscinvbit, bmi1, bmi2, adx

Memory: 4k page, physical 8223456k(1713528k free), swap 11400132k(5144k free)

vm_info: OpenJDK 64-Bit Server VM (25.76-b03) for windows-amd64 JRE (1.8.0_76-release-b03), built on Jun 29 2016 19:09:20 by "ralucas" with MS VC++ 10.0 (VS2010)

time: Fri May 26 19:17:28 2017
elapsed time: 0 seconds (0d 0h 0m 0s)

