#
# There is insufficient memory for the Java Runtime Environment to continue.
# Native memory allocation (malloc) failed to allocate 585216 bytes for Chunk::new
# Possible reasons:
#   The system is out of physical RAM or swap space
#   In 32 bit mode, the process size limit was hit
# Possible solutions:
#   Reduce memory load on the system
#   Increase physical memory or swap space
#   Check if swap backing store is full
#   Use 64 bit Java on a 64 bit OS
#   Decrease Java heap size (-Xmx/-Xms)
#   Decrease number of Java threads
#   Decrease Java thread stack sizes (-Xss)
#   Set larger code cache with -XX:ReservedCodeCacheSize=
# This output file may be truncated or incomplete.
#
#  Out of Memory Error (allocation.cpp:390), pid=11992, tid=0x0000000000004944
#
# JRE version: OpenJDK Runtime Environment (8.0_76-b03) (build 1.8.0_76-release-b03)
# Java VM: OpenJDK 64-Bit Server VM (25.76-b03 mixed mode windows-amd64 compressed oops)
# Failed to write core dump. Minidumps are not enabled by default on client versions of Windows
#

---------------  T H R E A D  ---------------

Current thread (0x000000001ed2b800):  JavaThread "C2 CompilerThread1" daemon [_thread_in_native, id=18756, stack(0x000000001f500000,0x000000001f600000)]

Stack: [0x000000001f500000,0x000000001f600000]
[error occurred during error reporting (printing stack bounds), id 0xc0000005]

Native frames: (J=compiled Java code, j=interpreted, Vv=VM code, C=native code)


Current CompileTask:
C2:   2763 1272   !   4       com.android.dx.cf.code.BytecodeArray::parseInstruction (2764 bytes)


---------------  P R O C E S S  ---------------

Java Threads: ( => current thread )
  0x000000001fa74000 JavaThread "pool-1-thread-4" [_thread_blocked, id=4056, stack(0x0000000020600000,0x0000000020700000)]
  0x000000001fb3b800 JavaThread "pool-1-thread-3" [_thread_blocked, id=19112, stack(0x0000000020500000,0x0000000020600000)]
  0x000000001ef8d000 JavaThread "pool-1-thread-2" [_thread_in_vm, id=824, stack(0x0000000020400000,0x0000000020500000)]
  0x000000001ef87000 JavaThread "pool-2-thread-1" [_thread_blocked, id=5524, stack(0x0000000020300000,0x0000000020400000)]
  0x000000001f09d000 JavaThread "pool-1-thread-1" [_thread_in_Java, id=8660, stack(0x0000000020200000,0x0000000020300000)]
  0x000000001edb9000 JavaThread "Service Thread" daemon [_thread_blocked, id=16848, stack(0x000000001f800000,0x000000001f900000)]
  0x000000001ed86800 JavaThread "C1 CompilerThread3" daemon [_thread_in_native, id=4904, stack(0x000000001f700000,0x000000001f800000)]
  0x000000001ed82800 JavaThread "C2 CompilerThread2" daemon [_thread_in_native, id=11576, stack(0x000000001f600000,0x000000001f700000)]
=>0x000000001ed2b800 JavaThread "C2 CompilerThread1" daemon [_thread_in_native, id=18756, stack(0x000000001f500000,0x000000001f600000)]
  0x000000001cdcb800 JavaThread "C2 CompilerThread0" daemon [_thread_in_native, id=12820, stack(0x000000001f400000,0x000000001f500000)]
  0x000000001ed28000 JavaThread "Attach Listener" daemon [_thread_blocked, id=14480, stack(0x000000001f300000,0x000000001f400000)]
  0x000000001ecdd800 JavaThread "Signal Dispatcher" daemon [_thread_blocked, id=18832, stack(0x000000001f200000,0x000000001f300000)]
  0x000000000324e000 JavaThread "Finalizer" daemon [_thread_blocked, id=19416, stack(0x000000001f0a0000,0x000000001f1a0000)]
  0x0000000003245000 JavaThread "Reference Handler" daemon [_thread_blocked, id=17596, stack(0x000000001eba0000,0x000000001eca0000)]
  0x000000000314e800 JavaThread "main" [_thread_blocked, id=18440, stack(0x0000000003000000,0x0000000003100000)]

Other Threads:
  0x000000001cdb7000 VMThread [stack: 0x000000001eaa0000,0x000000001eba0000] [id=9468]
  0x000000001edba000 WatcherThread [stack: 0x000000001f900000,0x000000001fa00000] [id=9784]

VM state:not at safepoint (normal execution)

VM Mutex/Monitor currently owned by a thread: None

Heap:
 PSYoungGen      total 37888K, used 30355K [0x000000076ab00000, 0x000000076d500000, 0x00000007c0000000)
  eden space 32768K, 77% used [0x000000076ab00000,0x000000076c3d06f8,0x000000076cb00000)
  from space 5120K, 96% used [0x000000076cb00000,0x000000076cfd48e8,0x000000076d000000)
  to   space 5120K, 0% used [0x000000076d000000,0x000000076d000000,0x000000076d500000)
 ParOldGen       total 86016K, used 16K [0x00000006c0000000, 0x00000006c5400000, 0x000000076ab00000)
  object space 86016K, 0% used [0x00000006c0000000,0x00000006c0004000,0x00000006c5400000)
 Metaspace       used 6112K, capacity 7024K, committed 7296K, reserved 1056768K
  class space    used 580K, capacity 616K, committed 640K, reserved 1048576K

Card table byte_map: [0x0000000012610000,0x0000000012e20000] byte_map_base: 0x000000000f010000

Marking Bits: (ParMarkBitMap*) 0x0000000063b69d00
 Begin Bits: [0x0000000013b80000, 0x0000000017b80000)
 End Bits:   [0x0000000017b80000, 0x000000001bb80000)

Polling page: 0x0000000003100000

CodeCache: size=245760Kb used=5834Kb max_used=5834Kb free=239925Kb
 bounds [0x0000000003250000, 0x0000000003810000, 0x0000000012250000]
 total_blobs=1668 nmethods=1400 adapters=182
 compilation: enabled

Compilation events (10 events):
Event: 2.743 Thread 0x000000001ed86800 nmethod 1402 0x00000000037ef750 code [0x00000000037ef980, 0x00000000037f06c8]
Event: 2.745 Thread 0x000000001ed86800 1405       3       com.android.dx.ssa.SsaBasicBlock::addMoveToEnd (172 bytes)
Event: 2.747 Thread 0x000000001ed86800 nmethod 1405 0x00000000037f0dd0 code [0x00000000037f1160, 0x00000000037f30e8]
Event: 2.747 Thread 0x000000001ed86800 1406       3       com.android.dx.dex.file.ClassDefItem::addVirtualMethod (9 bytes)
Event: 2.748 Thread 0x000000001ed86800 nmethod 1406 0x00000000037f4690 code [0x00000000037f4840, 0x00000000037f4f18]
Event: 2.748 Thread 0x000000001ed86800 1407       3       com.android.dx.dex.file.ClassDataItem::addVirtualMethod (24 bytes)
Event: 2.748 Thread 0x000000001ed86800 nmethod 1407 0x00000000037f52d0 code [0x00000000037f5480, 0x00000000037f5b18]
Event: 2.748 Thread 0x000000001ed86800 1409       3       com.android.dx.rop.type.Type::isReference (15 bytes)
Event: 2.749 Thread 0x000000001ed86800 nmethod 1409 0x00000000037f5e90 code [0x00000000037f5fe0, 0x00000000037f6190]
Event: 2.750 Thread 0x000000001ed86800 1410       3       com.android.dx.cf.code.Ropper::addSetupBlocks (535 bytes)

GC Heap History (2 events):
Event: 1.927 GC heap before
{Heap before GC invocations=1 (full 0):
 PSYoungGen      total 37888K, used 32768K [0x000000076ab00000, 0x000000076d500000, 0x00000007c0000000)
  eden space 32768K, 100% used [0x000000076ab00000,0x000000076cb00000,0x000000076cb00000)
  from space 5120K, 0% used [0x000000076d000000,0x000000076d000000,0x000000076d500000)
  to   space 5120K, 0% used [0x000000076cb00000,0x000000076cb00000,0x000000076d000000)
 ParOldGen       total 86016K, used 0K [0x00000006c0000000, 0x00000006c5400000, 0x000000076ab00000)
  object space 86016K, 0% used [0x00000006c0000000,0x00000006c0000000,0x00000006c5400000)
 Metaspace       used 5835K, capacity 6768K, committed 7040K, reserved 1056768K
  class space    used 578K, capacity 616K, committed 640K, reserved 1048576K
Event: 2.082 GC heap after
Heap after GC invocations=1 (full 0):
 PSYoungGen      total 37888K, used 4946K [0x000000076ab00000, 0x000000076d500000, 0x00000007c0000000)
  eden space 32768K, 0% used [0x000000076ab00000,0x000000076ab00000,0x000000076cb00000)
  from space 5120K, 96% used [0x000000076cb00000,0x000000076cfd48e8,0x000000076d000000)
  to   space 5120K, 0% used [0x000000076d000000,0x000000076d000000,0x000000076d500000)
 ParOldGen       total 86016K, used 16K [0x00000006c0000000, 0x00000006c5400000, 0x000000076ab00000)
  object space 86016K, 0% used [0x00000006c0000000,0x00000006c0004000,0x00000006c5400000)
 Metaspace       used 5835K, capacity 6768K, committed 7040K, reserved 1056768K
  class space    used 578K, capacity 616K, committed 640K, reserved 1048576K
}

Deoptimization events (10 events):
Event: 1.662 Thread 0x000000001f09d000 Uncommon trap: reason=unstable_if action=reinterpret pc=0x000000000349fe68 method=java.util.HashMap.getNode(ILjava/lang/Object;)Ljava/util/HashMap$Node; @ 62
Event: 2.109 Thread 0x000000001ef8d000 Uncommon trap: reason=unstable_if action=reinterpret pc=0x00000000034b08f4 method=java.util.BitSet.nextSetBit(I)I @ 87
Event: 2.579 Thread 0x000000001ef8d000 Uncommon trap: reason=unstable_if action=reinterpret pc=0x00000000036e5378 method=com.android.dx.cf.code.Ropper.labelToResultIndex(I)I @ 34
Event: 2.579 Thread 0x000000001ef8d000 Uncommon trap: reason=class_check action=maybe_recompile pc=0x00000000035ae494 method=com.android.dx.rop.type.Type.equals(Ljava/lang/Object;)Z @ 8
Event: 2.580 Thread 0x000000001ef8d000 Uncommon trap: reason=class_check action=maybe_recompile pc=0x00000000035ae494 method=com.android.dx.rop.type.Type.equals(Ljava/lang/Object;)Z @ 8
Event: 2.580 Thread 0x000000001ef8d000 Uncommon trap: reason=class_check action=maybe_recompile pc=0x00000000035ae494 method=com.android.dx.rop.type.Type.equals(Ljava/lang/Object;)Z @ 8
Event: 2.659 Thread 0x000000001ef8d000 Uncommon trap: reason=class_check action=maybe_recompile pc=0x00000000035ae494 method=com.android.dx.rop.type.Type.equals(Ljava/lang/Object;)Z @ 8
Event: 2.661 Thread 0x000000001ef8d000 Uncommon trap: reason=unstable_if action=reinterpret pc=0x00000000036732cc method=com.android.dx.util.LabeledList.set(ILcom/android/dx/util/LabeledItem;)V @ 16
Event: 2.661 Thread 0x000000001ef8d000 Uncommon trap: reason=class_check action=maybe_recompile pc=0x00000000035eea40 method=com.android.dx.rop.type.Type.equals(Ljava/lang/Object;)Z @ 8
Event: 2.727 Thread 0x000000000314e800 Uncommon trap: reason=unloaded action=reinterpret pc=0x0000000003735380 method=com.android.dx.cf.cst.ConstantPoolParser.parse0(ILjava/util/BitSet;)Lcom/android/dx/rop/cst/Constant; @ 198

Internal exceptions (2 events):
Event: 0.152 Thread 0x000000000314e800 Exception <a 'java/lang/NoSuchMethodError': Method sun.misc.Unsafe.defineClass(Ljava/lang/String;[BII)Ljava/lang/Class; name or signature does not match> (0x000000076ab07cc0) thrown at [C:\src\android\AOSP-openjdk\external\jetbrains\jdk\hotspot\src\share\v‰≠Ùª%k√?
Event: 0.152 Thread 0x000000000314e800 Exception <a 'java/lang/NoSuchMethodError': Method sun.misc.Unsafe.prefetchRead(Ljava/lang/Object;J)V name or signature does not match> (0x000000076ab07fa8) thrown at [C:\src\android\AOSP-openjdk\external\jetbrains\jdk\hotspot\src\share\vm\prims\jni.cpp, l

Events (10 events):
Event: 2.713 Executing VM operation: ForceSafepoint done
Event: 2.714 Thread 0x000000001fa74000 DEOPT PACKING pc=0x00000000037931d2 sp=0x00000000206fea30
Event: 2.714 Thread 0x000000001fa74000 DEOPT UNPACKING pc=0x00000000032975bf sp=0x00000000206fe798 mode 0
Event: 2.715 Thread 0x000000001fa74000 DEOPT PACKING pc=0x00000000037931d2 sp=0x00000000206fea30
Event: 2.715 Thread 0x000000001fa74000 DEOPT UNPACKING pc=0x00000000032975bf sp=0x00000000206fe798 mode 0
Event: 2.717 Thread 0x000000001fa74000 DEOPT PACKING pc=0x00000000037931d2 sp=0x00000000206fea30
Event: 2.717 Thread 0x000000001fa74000 DEOPT UNPACKING pc=0x00000000032975bf sp=0x00000000206fe798 mode 0
Event: 2.727 Thread 0x000000000314e800 Uncommon trap: trap_request=0x000000d2 fr.pc=0x0000000003735380
Event: 2.727 Thread 0x000000000314e800 DEOPT PACKING pc=0x0000000003735380 sp=0x00000000030fedf0
Event: 2.727 Thread 0x000000000314e800 DEOPT UNPACKING pc=0x000000000329556a sp=0x00000000030fedb8 mode 2


Dynamic libraries:
0x00007ff6f3b30000 - 0x00007ff6f3b61000 	D:\andriod-studio\Android Studio\jre\bin\java.exe
0x00007ffb5ab90000 - 0x00007ffb5ad61000 	C:\WINDOWS\SYSTEM32\ntdll.dll
0x00007ffb58490000 - 0x00007ffb5853b000 	C:\WINDOWS\System32\KERNEL32.DLL
0x00007ffb57b70000 - 0x00007ffb57d8d000 	C:\WINDOWS\System32\KERNELBASE.dll
0x00007ffb57fd0000 - 0x00007ffb58072000 	C:\WINDOWS\System32\ADVAPI32.dll
0x00007ffb58080000 - 0x00007ffb5811e000 	C:\WINDOWS\System32\msvcrt.dll
0x00007ffb58400000 - 0x00007ffb58459000 	C:\WINDOWS\System32\sechost.dll
0x00007ffb58a70000 - 0x00007ffb58b91000 	C:\WINDOWS\System32\RPCRT4.dll
0x00007ffb58220000 - 0x00007ffb58385000 	C:\WINDOWS\System32\USER32.dll
0x00007ffb579d0000 - 0x00007ffb579ee000 	C:\WINDOWS\System32\win32u.dll
0x00007ffb58640000 - 0x00007ffb58674000 	C:\WINDOWS\System32\GDI32.dll
0x00007ffb56f30000 - 0x00007ffb570b2000 	C:\WINDOWS\System32\gdi32full.dll
0x00007ffb4f630000 - 0x00007ffb4f8a9000 	C:\WINDOWS\WinSxS\amd64_microsoft.windows.common-controls_6595b64144ccf1df_6.0.14393.447_none_42191651c6827bb3\COMCTL32.dll
0x00007ffb58790000 - 0x00007ffb58a58000 	C:\WINDOWS\System32\combase.dll
0x00007ffb57110000 - 0x00007ffb57205000 	C:\WINDOWS\System32\ucrtbase.dll
0x00007ffb57aa0000 - 0x00007ffb57b0a000 	C:\WINDOWS\System32\bcryptPrimitives.dll
0x00007ffb58460000 - 0x00007ffb5848e000 	C:\WINDOWS\System32\IMM32.DLL
0x0000000064600000 - 0x00000000646d2000 	D:\andriod-studio\Android Studio\jre\jre\bin\msvcr100.dll
0x00000000633b0000 - 0x0000000063be4000 	D:\andriod-studio\Android Studio\jre\jre\bin\server\jvm.dll
0x00007ffb57210000 - 0x00007ffb57233000 	C:\WINDOWS\System32\WINMM.dll
0x00007ffb56dc0000 - 0x00007ffb56deb000 	C:\WINDOWS\System32\WINMMBASE.dll
0x00007ffb570c0000 - 0x00007ffb57102000 	C:\WINDOWS\System32\cfgmgr32.dll
0x00007ffb5a660000 - 0x00007ffb5a668000 	C:\WINDOWS\System32\PSAPI.DLL
0x00007ffb52ed0000 - 0x00007ffb52ed9000 	C:\WINDOWS\SYSTEM32\WSOCK32.dll
0x00007ffb57f60000 - 0x00007ffb57fca000 	C:\WINDOWS\System32\WS2_32.dll
0x00007ffb51fb0000 - 0x00007ffb51fba000 	C:\WINDOWS\SYSTEM32\VERSION.dll
0x00007ffb53770000 - 0x00007ffb5377f000 	D:\andriod-studio\Android Studio\jre\jre\bin\verify.dll
0x00007ffb4dbe0000 - 0x00007ffb4dc09000 	D:\andriod-studio\Android Studio\jre\jre\bin\java.dll
0x00007ffb521a0000 - 0x00007ffb521b6000 	D:\andriod-studio\Android Studio\jre\jre\bin\zip.dll
0x00007ffb58ba0000 - 0x00007ffb5a0a9000 	C:\WINDOWS\System32\SHELL32.dll
0x00007ffb57240000 - 0x00007ffb5791a000 	C:\WINDOWS\System32\windows.storage.dll
0x00007ffb56ee0000 - 0x00007ffb56f2c000 	C:\WINDOWS\System32\powrprof.dll
0x00007ffb5a0d0000 - 0x00007ffb5a122000 	C:\WINDOWS\System32\shlwapi.dll
0x00007ffb56df0000 - 0x00007ffb56dff000 	C:\WINDOWS\System32\kernel.appcore.dll
0x00007ffb56e30000 - 0x00007ffb56ed9000 	C:\WINDOWS\System32\shcore.dll
0x00007ffb56e00000 - 0x00007ffb56e14000 	C:\WINDOWS\System32\profapi.dll

VM Arguments:
jvm_args: -Djava.awt.headless=true -Xmx4g -Dfile.encoding=GBK -Duser.country=CN -Duser.language=zh -Duser.variant 
java_command: com.android.dx.command.Main --dex --force-jumbo --num-threads=4 --output D:\andriod-studio\workspace\wenhuaijun-SearchPictureTool-6e61917\app\build\intermediates\pre-dexed\build\debug\com.android.support-support-v4-24.1.1_f7630233f841050061e01cff3b73ba4ccc593254.jar D:\andriod-studio\workspace\wenhuaijun-SearchPictureTool-6e61917\app\build\intermediates\exploded-aar\com.android.support\support-v4\24.1.1\jars\classes.jar
java_class_path (initial): D:\androidstudio\Sdk\build-tools\24.0.0\lib\dx.jar
Launcher Type: SUN_STANDARD

Environment Variables:
JAVA_HOME=C:\Program Files\Java\jdk1.8.0_91
CLASSPATH=.;C:\Program Files\Java\jdk1.8.0_91\lib\dt.jar;C:\Program Files\Java\jdk1.8.0_91\lib\tools.jar
PATH=C:\Program Files\NVIDIA GPU Computing Toolkit\CUDA\v7.5\bin;C:\Program Files\NVIDIA GPU Computing Toolkit\CUDA\v7.5\libnvvp;C:;C:\Program Files\Java\jdk1.8.0_91\bin;C:\Program Files\Java\jdk1.8.0_91\jre\bin;\ProgramData\Oracle\Java\javapath;C:\Program Files (x86)\Intel\iCLS Client\;C:\Program Files\Intel\iCLS Client\;C:\windows\system32;C:\windows;C:\windows\System32\Wbem;C:\windows\System32\WindowsPowerShell\v1.0\;C:\Program Files (x86)\Intel\Intel(R) Management Engine Components\DAL;C:\Program Files\Intel\Intel(R) Management Engine Components\DAL;C:\Program Files (x86)\Intel\Intel(R) Management Engine Components\IPT;C:\Program Files\Intel\Intel(R) Management Engine Components\IPT;C:\Program Files (x86)\NVIDIA Corporation\PhysX\Common;C:\Program Files\Intel\IntelSGXPSW\bin\x64\Release\;C:\Program Files\Intel\IntelSGXPSW\bin\win32\Release\;C:\Program Files\Intel\WiFi\bin\;C:\Program Files\Common Files\Intel\WirelessCommon\;C:\WINDOWS\system32;C:\WINDOWS;C:\WINDOWS\System32\Wbem;C:\WINDOWS\System32\WindowsPowerShell\v1.0\;D:\mysql\bin;D:\openCV\Opencv\build\x64\vc12\bin;C:\Program Files (x86)\Windows Kits\8.1\Windows Performance Toolkit\;C:\Program Files (x86)\Microsoft SDKs\TypeScript\1.0\;D:\opencv\opencv\build\x86\vc12\bin;D:\opencv\opencv\build\x64\vc12\bin;C:\Program Files (x86)\Autodesk\Backburner\;C:\Program Files\Common Files\Autodesk Shared\;C:\Program Files\Microsoft SQL Server\Client SDK\ODBC\110\Tools\Binn\;C:\Program Files (x86)\Microsoft SQL Server\120\Tools\Binn\;C:\Program Files\Microsoft SQL Server\120\Tools\Binn\;C:\Program Files\Microsoft SQL Server\120\DTS\Binn\;C:\Program Files (x86)\Microsoft SQL Server\120\Tools\Binn\ManagementStudio\;C:\Program Files (x86)\Microsoft SQL Server\120\DTS\Binn\;C:\Program Files\Microsoft SQL Server\110\Tools\Binn\;D:\MATLAB\v901\runtime\win64;C:\Program Files (x86)\GtkSharp\2.12\bin;D:\SDK\android-studio\tools;D:\SDK\android-studio\platform-tools;C:\Users\raozhi\AppData\Local\Microsoft\WindowsApps;
USERNAME=raozhi
OS=Windows_NT
PROCESSOR_IDENTIFIER=Intel64 Family 6 Model 94 Stepping 3, GenuineIntel



---------------  S Y S T E M  ---------------

OS: Windows 10.0 , 64 bit Build 14393 (10.0.14393.0)

CPU:total 8 (4 cores per cpu, 2 threads per core) family 6 model 94 stepping 3, cmov, cx8, fxsr, mmx, sse, sse2, sse3, ssse3, sse4.1, sse4.2, popcnt, avx, avx2, aes, clmul, erms, rtm, 3dnowpref, lzcnt, ht, tsc, tscinvbit, bmi1, bmi2, adx

Memory: 4k page, physical 8223456k(1719044k free), swap 11795664k(5368k free)

vm_info: OpenJDK 64-Bit Server VM (25.76-b03) for windows-amd64 JRE (1.8.0_76-release-b03), built on Jun 29 2016 19:09:20 by "ralucas" with MS VC++ 10.0 (VS2010)

time: Fri May 26 19:26:18 2017
elapsed time: 2 seconds (0d 0h 0m 2s)

