#
# There is insufficient memory for the Java Runtime Environment to continue.
# Native memory allocation (malloc) failed to allocate 32744 bytes for ChunkPool::allocate
# Possible reasons:
#   The system is out of physical RAM or swap space
#   In 32 bit mode, the process size limit was hit
# Possible solutions:
#   Reduce memory load on the system
#   Increase physical memory or swap space
#   Check if swap backing store is full
#   Use 64 bit Java on a 64 bit OS
#   Decrease Java heap size (-Xmx/-Xms)
#   Decrease number of Java threads
#   Decrease Java thread stack sizes (-Xss)
#   Set larger code cache with -XX:ReservedCodeCacheSize=
# This output file may be truncated or incomplete.
#
#  Out of Memory Error (allocation.cpp:273), pid=19144, tid=0x0000000000004b38
#
# JRE version: OpenJDK Runtime Environment (8.0_76-b03) (build 1.8.0_76-release-b03)
# Java VM: OpenJDK 64-Bit Server VM (25.76-b03 mixed mode windows-amd64 compressed oops)
# Failed to write core dump. Minidumps are not enabled by default on client versions of Windows
#

---------------  T H R E A D  ---------------

Current thread (0x000000000304e800):  JavaThread "main" [_thread_in_vm, id=19256, stack(0x0000000003050000,0x0000000003150000)]

Stack: [0x0000000003050000,0x0000000003150000]
[error occurred during error reporting (printing stack bounds), id 0xc0000005]

Native frames: (J=compiled Java code, j=interpreted, Vv=VM code, C=native code)

Java frames: (J=compiled Java code, j=interpreted, Vv=VM code)
j  java.lang.ClassLoader.defineClass1(Ljava/lang/String;[BIILjava/security/ProtectionDomain;Ljava/lang/String;)Ljava/lang/Class;+0
j  java.lang.ClassLoader.defineClass(Ljava/lang/String;[BIILjava/security/ProtectionDomain;)Ljava/lang/Class;+27
j  java.security.SecureClassLoader.defineClass(Ljava/lang/String;[BIILjava/security/CodeSource;)Ljava/lang/Class;+12
j  java.net.URLClassLoader.defineClass(Ljava/lang/String;Lsun/misc/Resource;)Ljava/lang/Class;+138
j  java.net.URLClassLoader.access$100(Ljava/net/URLClassLoader;Ljava/lang/String;Lsun/misc/Resource;)Ljava/lang/Class;+3
j  java.net.URLClassLoader$1.run()Ljava/lang/Class;+43
j  java.net.URLClassLoader$1.run()Ljava/lang/Object;+1
v  ~StubRoutines::call_stub
j  java.security.AccessController.doPrivileged(Ljava/security/PrivilegedExceptionAction;Ljava/security/AccessControlContext;)Ljava/lang/Object;+0
j  java.net.URLClassLoader.findClass(Ljava/lang/String;)Ljava/lang/Class;+13
J 103 C1 java.lang.ClassLoader.loadClass(Ljava/lang/String;Z)Ljava/lang/Class; (122 bytes) @ 0x0000000003386734 [0x0000000003385dc0+0x974]
j  sun.misc.Launcher$AppClassLoader.loadClass(Ljava/lang/String;Z)Ljava/lang/Class;+81
j  java.lang.ClassLoader.loadClass(Ljava/lang/String;)Ljava/lang/Class;+3
v  ~StubRoutines::call_stub
j  com.android.dx.cf.code.LocalVariableList.set(IIILcom/android/dx/rop/cst/CstString;Lcom/android/dx/rop/cst/CstString;Lcom/android/dx/rop/cst/CstString;I)V+2
j  com.android.dx.cf.direct.StdAttributeFactory.parseLocalVariables(Lcom/android/dx/util/ByteArray;Lcom/android/dx/rop/cst/ConstantPool;Lcom/android/dx/cf/iface/ParseObserver;IZ)Lcom/android/dx/cf/code/LocalVariableList;+149
j  com.android.dx.cf.direct.StdAttributeFactory.localVariableTable(Lcom/android/dx/cf/direct/DirectClassFile;IILcom/android/dx/cf/iface/ParseObserver;)Lcom/android/dx/cf/iface/Attribute;+83
j  com.android.dx.cf.direct.StdAttributeFactory.parse0(Lcom/android/dx/cf/direct/DirectClassFile;ILjava/lang/String;IILcom/android/dx/cf/iface/ParseObserver;)Lcom/android/dx/cf/iface/Attribute;+496
j  com.android.dx.cf.direct.AttributeFactory.parse(Lcom/android/dx/cf/direct/DirectClassFile;IILcom/android/dx/cf/iface/ParseObserver;)Lcom/android/dx/cf/iface/Attribute;+171
j  com.android.dx.cf.direct.AttributeListParser.parse()V+147
j  com.android.dx.cf.direct.AttributeListParser.parseIfNecessary()V+8
j  com.android.dx.cf.direct.AttributeListParser.getList()Lcom/android/dx/cf/iface/StdAttributeList;+1
j  com.android.dx.cf.direct.StdAttributeFactory.code(Lcom/android/dx/cf/direct/DirectClassFile;IILcom/android/dx/cf/iface/ParseObserver;)Lcom/android/dx/cf/iface/Attribute;+559
j  com.android.dx.cf.direct.StdAttributeFactory.parse0(Lcom/android/dx/cf/direct/DirectClassFile;ILjava/lang/String;IILcom/android/dx/cf/iface/ParseObserver;)Lcom/android/dx/cf/iface/Attribute;+316
j  com.android.dx.cf.direct.AttributeFactory.parse(Lcom/android/dx/cf/direct/DirectClassFile;IILcom/android/dx/cf/iface/ParseObserver;)Lcom/android/dx/cf/iface/Attribute;+171
j  com.android.dx.cf.direct.AttributeListParser.parse()V+147
j  com.android.dx.cf.direct.AttributeListParser.parseIfNecessary()V+8
j  com.android.dx.cf.direct.AttributeListParser.getEndOffset()I+1
j  com.android.dx.cf.direct.MemberListParser.parse()V+387
j  com.android.dx.cf.direct.MemberListParser.parseIfNecessary()V+8
j  com.android.dx.cf.direct.MethodListParser.getList()Lcom/android/dx/cf/iface/StdMethodList;+1
j  com.android.dx.cf.direct.DirectClassFile.parse0()V+795
j  com.android.dx.cf.direct.DirectClassFile.parse()V+1
j  com.android.dx.cf.direct.DirectClassFile.parseToInterfacesIfNecessary()V+9
j  com.android.dx.cf.direct.DirectClassFile.getMagic()I+1
j  com.android.dx.command.dexer.Main.parseClass(Ljava/lang/String;[B)Lcom/android/dx/cf/direct/DirectClassFile;+27
j  com.android.dx.command.dexer.Main.access$1500(Ljava/lang/String;[B)Lcom/android/dx/cf/direct/DirectClassFile;+2
j  com.android.dx.command.dexer.Main$ClassParserTask.call()Lcom/android/dx/cf/direct/DirectClassFile;+8
j  com.android.dx.command.dexer.Main.processClass(Ljava/lang/String;[B)Z+34
j  com.android.dx.command.dexer.Main.processFileBytes(Ljava/lang/String;J[B)Z+188
j  com.android.dx.command.dexer.Main.access$1200(Ljava/lang/String;J[B)Z+3
j  com.android.dx.command.dexer.Main$FileBytesConsumer.processFileBytes(Ljava/lang/String;J[B)Z+4
j  com.android.dx.cf.direct.ClassPathOpener.processOne(Ljava/io/File;Z)Z+82
j  com.android.dx.cf.direct.ClassPathOpener.processDirectory(Ljava/io/File;Z)Z+64
j  com.android.dx.cf.direct.ClassPathOpener.processOne(Ljava/io/File;Z)Z+10
j  com.android.dx.cf.direct.ClassPathOpener.processDirectory(Ljava/io/File;Z)Z+64
j  com.android.dx.cf.direct.ClassPathOpener.processOne(Ljava/io/File;Z)Z+10
j  com.android.dx.cf.direct.ClassPathOpener.processDirectory(Ljava/io/File;Z)Z+64
j  com.android.dx.cf.direct.ClassPathOpener.processOne(Ljava/io/File;Z)Z+10
j  com.android.dx.cf.direct.ClassPathOpener.processDirectory(Ljava/io/File;Z)Z+64
j  com.android.dx.cf.direct.ClassPathOpener.processOne(Ljava/io/File;Z)Z+10
j  com.android.dx.cf.direct.ClassPathOpener.process()Z+15
j  com.android.dx.command.dexer.Main.processOne(Ljava/lang/String;Lcom/android/dx/cf/direct/ClassPathOpener$FileNameFilter;)V+20
j  com.android.dx.command.dexer.Main.processAllFiles()Z+272
j  com.android.dx.command.dexer.Main.runMonoDex()I+58
j  com.android.dx.command.dexer.Main.run(Lcom/android/dx/command/dexer/Main$Arguments;)I+76
j  com.android.dx.command.dexer.Main.main([Ljava/lang/String;)V+14
j  com.android.dx.command.Main.main([Ljava/lang/String;)V+61
v  ~StubRoutines::call_stub

---------------  P R O C E S S  ---------------

Java Threads: ( => current thread )
  0x000000001ed4c800 JavaThread "Service Thread" daemon [_thread_blocked, id=14964, stack(0x000000001f7b0000,0x000000001f8b0000)]
  0x000000001ece4000 JavaThread "C1 CompilerThread3" daemon [_thread_blocked, id=15372, stack(0x000000001f6b0000,0x000000001f7b0000)]
  0x000000001ece0000 JavaThread "C2 CompilerThread2" daemon [_thread_blocked, id=18840, stack(0x000000001f5b0000,0x000000001f6b0000)]
  0x000000001ecdb000 JavaThread "C2 CompilerThread1" daemon [_thread_blocked, id=18440, stack(0x000000001f4b0000,0x000000001f5b0000)]
  0x000000001cd7b000 JavaThread "C2 CompilerThread0" daemon [_thread_blocked, id=18704, stack(0x000000001f3b0000,0x000000001f4b0000)]
  0x000000001cd7a000 JavaThread "Attach Listener" daemon [_thread_blocked, id=12748, stack(0x000000001f2b0000,0x000000001f3b0000)]
  0x000000001ecd8800 JavaThread "Signal Dispatcher" daemon [_thread_blocked, id=16340, stack(0x000000001f1b0000,0x000000001f2b0000)]
  0x0000000003249000 JavaThread "Finalizer" daemon [_thread_blocked, id=12896, stack(0x000000001f050000,0x000000001f150000)]
  0x0000000003246000 JavaThread "Reference Handler" daemon [_thread_blocked, id=17572, stack(0x000000001eb50000,0x000000001ec50000)]
=>0x000000000304e800 JavaThread "main" [_thread_in_vm, id=19256, stack(0x0000000003050000,0x0000000003150000)]

Other Threads:
  0x000000001cd67000 VMThread [stack: 0x000000001ea50000,0x000000001eb50000] [id=14480]
  0x000000001ed51000 WatcherThread [stack: 0x000000001f8b0000,0x000000001f9b0000] [id=18940]

VM state:not at safepoint (normal execution)

VM Mutex/Monitor currently owned by a thread: None

Heap:
 PSYoungGen      total 37888K, used 3277K [0x000000076ab00000, 0x000000076d500000, 0x00000007c0000000)
  eden space 32768K, 10% used [0x000000076ab00000,0x000000076ae33480,0x000000076cb00000)
  from space 5120K, 0% used [0x000000076d000000,0x000000076d000000,0x000000076d500000)
  to   space 5120K, 0% used [0x000000076cb00000,0x000000076cb00000,0x000000076d000000)
 ParOldGen       total 86016K, used 0K [0x00000006c0000000, 0x00000006c5400000, 0x000000076ab00000)
  object space 86016K, 0% used [0x00000006c0000000,0x00000006c0000000,0x00000006c5400000)
 Metaspace       used 3610K, capacity 5008K, committed 5120K, reserved 1056768K
  class space    used 390K, capacity 456K, committed 512K, reserved 1048576K

Card table byte_map: [0x0000000012610000,0x0000000012e20000] byte_map_base: 0x000000000f010000

Marking Bits: (ParMarkBitMap*) 0x0000000063b69d00
 Begin Bits: [0x0000000013b80000, 0x0000000017b80000)
 End Bits:   [0x0000000017b80000, 0x000000001bb80000)

Polling page: 0x00000000014f0000

CodeCache: size=245760Kb used=1295Kb max_used=1306Kb free=244465Kb
 bounds [0x0000000003250000, 0x00000000034c0000, 0x0000000012250000]
 total_blobs=371 nmethods=124 adapters=161
 compilation: enabled

Compilation events (10 events):
Event: 0.257 Thread 0x000000001ece4000 nmethod 117 0x0000000003390610 code [0x0000000003390780, 0x00000000033909f0]
Event: 0.257 Thread 0x000000001ece4000  119       3       java.nio.DirectLongBufferU::put (18 bytes)
Event: 0.257 Thread 0x000000001ece4000 nmethod 119 0x0000000003390b10 code [0x0000000003390c80, 0x0000000003390ef0]
Event: 0.261 Thread 0x000000001ece4000  120       3       java.util.BitSet::wordIndex (5 bytes)
Event: 0.261 Thread 0x000000001ece4000 nmethod 120 0x0000000003391210 code [0x0000000003391360, 0x0000000003391490]
Event: 0.261 Thread 0x000000001ece4000  121       3       java.util.BitSet::checkInvariants (111 bytes)
Event: 0.261 Thread 0x000000001ece4000 nmethod 121 0x0000000003391510 code [0x0000000003391660, 0x00000000033917f0]
Event: 0.261 Thread 0x000000001cd7b000  122       4       java.lang.String::hashCode (55 bytes)
Event: 0.262 Thread 0x000000001ece0000  123       4       java.lang.String::indexOf (70 bytes)
Event: 0.262 Thread 0x000000001ece4000  124       3       sun.net.www.ParseUtil::encodePath (336 bytes)

GC Heap History (0 events):
No events

Deoptimization events (0 events):
No events

Internal exceptions (2 events):
Event: 0.059 Thread 0x000000000304e800 Exception <a 'java/lang/NoSuchMethodError': Method sun.misc.Unsafe.defineClass(Ljava/lang/String;[BII)Ljava/lang/Class; name or signature does not match> (0x000000076ab07cc0) thrown at [C:\src\android\AOSP-openjdk\external\jetbrains\jdk\hotspot\src\share\v`ËÊO†r®?
Event: 0.059 Thread 0x000000000304e800 Exception <a 'java/lang/NoSuchMethodError': Method sun.misc.Unsafe.prefetchRead(Ljava/lang/Object;J)V name or signature does not match> (0x000000076ab07fa8) thrown at [C:\src\android\AOSP-openjdk\external\jetbrains\jdk\hotspot\src\share\vm\prims\jni.cpp, l

Events (10 events):
Event: 0.261 loading class java/io/DataInputStream
Event: 0.261 loading class java/io/DataInput
Event: 0.261 loading class java/io/DataInput done
Event: 0.261 loading class java/io/DataInputStream done
Event: 0.261 loading class com/android/dx/util/ByteArray$MyInputStream
Event: 0.261 loading class com/android/dx/util/ByteArray$MyInputStream done
Event: 0.262 loading class com/android/dx/cf/code/LocalVariableList
Event: 0.262 loading class com/android/dx/cf/code/LocalVariableList done
Event: 0.262 loading class com/android/dx/cf/code/LocalVariableList$Item
Event: 0.262 loading class com/android/dx/cf/code/LocalVariableList$Item done


Dynamic libraries:
0x00007ff6f3b30000 - 0x00007ff6f3b61000 	D:\andriod-studio\Android Studio\jre\bin\java.exe
0x00007ffb5ab90000 - 0x00007ffb5ad61000 	C:\WINDOWS\SYSTEM32\ntdll.dll
0x00007ffb58490000 - 0x00007ffb5853b000 	C:\WINDOWS\System32\KERNEL32.DLL
0x00007ffb57b70000 - 0x00007ffb57d8d000 	C:\WINDOWS\System32\KERNELBASE.dll
0x00007ffb57fd0000 - 0x00007ffb58072000 	C:\WINDOWS\System32\ADVAPI32.dll
0x00007ffb58080000 - 0x00007ffb5811e000 	C:\WINDOWS\System32\msvcrt.dll
0x00007ffb58400000 - 0x00007ffb58459000 	C:\WINDOWS\System32\sechost.dll
0x00007ffb58a70000 - 0x00007ffb58b91000 	C:\WINDOWS\System32\RPCRT4.dll
0x00007ffb58220000 - 0x00007ffb58385000 	C:\WINDOWS\System32\USER32.dll
0x00007ffb579d0000 - 0x00007ffb579ee000 	C:\WINDOWS\System32\win32u.dll
0x00007ffb58640000 - 0x00007ffb58674000 	C:\WINDOWS\System32\GDI32.dll
0x00007ffb56f30000 - 0x00007ffb570b2000 	C:\WINDOWS\System32\gdi32full.dll
0x00007ffb4f630000 - 0x00007ffb4f8a9000 	C:\WINDOWS\WinSxS\amd64_microsoft.windows.common-controls_6595b64144ccf1df_6.0.14393.447_none_42191651c6827bb3\COMCTL32.dll
0x00007ffb58790000 - 0x00007ffb58a58000 	C:\WINDOWS\System32\combase.dll
0x00007ffb57110000 - 0x00007ffb57205000 	C:\WINDOWS\System32\ucrtbase.dll
0x00007ffb57aa0000 - 0x00007ffb57b0a000 	C:\WINDOWS\System32\bcryptPrimitives.dll
0x00007ffb58460000 - 0x00007ffb5848e000 	C:\WINDOWS\System32\IMM32.DLL
0x0000000064600000 - 0x00000000646d2000 	D:\andriod-studio\Android Studio\jre\jre\bin\msvcr100.dll
0x00000000633b0000 - 0x0000000063be4000 	D:\andriod-studio\Android Studio\jre\jre\bin\server\jvm.dll
0x00007ffb57210000 - 0x00007ffb57233000 	C:\WINDOWS\System32\WINMM.dll
0x00007ffb56dc0000 - 0x00007ffb56deb000 	C:\WINDOWS\System32\WINMMBASE.dll
0x00007ffb570c0000 - 0x00007ffb57102000 	C:\WINDOWS\System32\cfgmgr32.dll
0x00007ffb5a660000 - 0x00007ffb5a668000 	C:\WINDOWS\System32\PSAPI.DLL
0x00007ffb52ed0000 - 0x00007ffb52ed9000 	C:\WINDOWS\SYSTEM32\WSOCK32.dll
0x00007ffb57f60000 - 0x00007ffb57fca000 	C:\WINDOWS\System32\WS2_32.dll
0x00007ffb51fb0000 - 0x00007ffb51fba000 	C:\WINDOWS\SYSTEM32\VERSION.dll
0x00007ffb53770000 - 0x00007ffb5377f000 	D:\andriod-studio\Android Studio\jre\jre\bin\verify.dll
0x00007ffb4dbe0000 - 0x00007ffb4dc09000 	D:\andriod-studio\Android Studio\jre\jre\bin\java.dll
0x00007ffb521a0000 - 0x00007ffb521b6000 	D:\andriod-studio\Android Studio\jre\jre\bin\zip.dll
0x00007ffb58ba0000 - 0x00007ffb5a0a9000 	C:\WINDOWS\System32\SHELL32.dll
0x00007ffb57240000 - 0x00007ffb5791a000 	C:\WINDOWS\System32\windows.storage.dll
0x00007ffb56ee0000 - 0x00007ffb56f2c000 	C:\WINDOWS\System32\powrprof.dll
0x00007ffb5a0d0000 - 0x00007ffb5a122000 	C:\WINDOWS\System32\shlwapi.dll
0x00007ffb56df0000 - 0x00007ffb56dff000 	C:\WINDOWS\System32\kernel.appcore.dll
0x00007ffb56e30000 - 0x00007ffb56ed9000 	C:\WINDOWS\System32\shcore.dll
0x00007ffb56e00000 - 0x00007ffb56e14000 	C:\WINDOWS\System32\profapi.dll

VM Arguments:
jvm_args: -Djava.awt.headless=true -Xmx4g -Dfile.encoding=GBK -Duser.country=CN -Duser.language=zh -Duser.variant 
java_command: com.android.dx.command.Main --dex --num-threads=4 --output D:\andriod-studio\workspace\wenhuaijun-SearchPictureTool-6e61917\app\build\intermediates\pre-dexed\build\debug\debug_7804e6e25d38de5ae061fca3a3cf0599bbfa1514.jar D:\andriod-studio\workspace\wenhuaijun-SearchPictureTool-6e61917\app\build\intermediates\classes\build\debug
java_class_path (initial): D:\androidstudio\Sdk\build-tools\24.0.0\lib\dx.jar
Launcher Type: SUN_STANDARD

Environment Variables:
JAVA_HOME=C:\Program Files\Java\jdk1.8.0_91
CLASSPATH=.;C:\Program Files\Java\jdk1.8.0_91\lib\dt.jar;C:\Program Files\Java\jdk1.8.0_91\lib\tools.jar
PATH=C:\Program Files\NVIDIA GPU Computing Toolkit\CUDA\v7.5\bin;C:\Program Files\NVIDIA GPU Computing Toolkit\CUDA\v7.5\libnvvp;C:;C:\Program Files\Java\jdk1.8.0_91\bin;C:\Program Files\Java\jdk1.8.0_91\jre\bin;\ProgramData\Oracle\Java\javapath;C:\Program Files (x86)\Intel\iCLS Client\;C:\Program Files\Intel\iCLS Client\;C:\windows\system32;C:\windows;C:\windows\System32\Wbem;C:\windows\System32\WindowsPowerShell\v1.0\;C:\Program Files (x86)\Intel\Intel(R) Management Engine Components\DAL;C:\Program Files\Intel\Intel(R) Management Engine Components\DAL;C:\Program Files (x86)\Intel\Intel(R) Management Engine Components\IPT;C:\Program Files\Intel\Intel(R) Management Engine Components\IPT;C:\Program Files (x86)\NVIDIA Corporation\PhysX\Common;C:\Program Files\Intel\IntelSGXPSW\bin\x64\Release\;C:\Program Files\Intel\IntelSGXPSW\bin\win32\Release\;C:\Program Files\Intel\WiFi\bin\;C:\Program Files\Common Files\Intel\WirelessCommon\;C:\WINDOWS\system32;C:\WINDOWS;C:\WINDOWS\System32\Wbem;C:\WINDOWS\System32\WindowsPowerShell\v1.0\;D:\mysql\bin;D:\openCV\Opencv\build\x64\vc12\bin;C:\Program Files (x86)\Windows Kits\8.1\Windows Performance Toolkit\;C:\Program Files (x86)\Microsoft SDKs\TypeScript\1.0\;D:\opencv\opencv\build\x86\vc12\bin;D:\opencv\opencv\build\x64\vc12\bin;C:\Program Files (x86)\Autodesk\Backburner\;C:\Program Files\Common Files\Autodesk Shared\;C:\Program Files\Microsoft SQL Server\Client SDK\ODBC\110\Tools\Binn\;C:\Program Files (x86)\Microsoft SQL Server\120\Tools\Binn\;C:\Program Files\Microsoft SQL Server\120\Tools\Binn\;C:\Program Files\Microsoft SQL Server\120\DTS\Binn\;C:\Program Files (x86)\Microsoft SQL Server\120\Tools\Binn\ManagementStudio\;C:\Program Files (x86)\Microsoft SQL Server\120\DTS\Binn\;C:\Program Files\Microsoft SQL Server\110\Tools\Binn\;D:\MATLAB\v901\runtime\win64;C:\Program Files (x86)\GtkSharp\2.12\bin;D:\SDK\android-studio\tools;D:\SDK\android-studio\platform-tools;C:\Users\raozhi\AppData\Local\Microsoft\WindowsApps;
USERNAME=raozhi
OS=Windows_NT
PROCESSOR_IDENTIFIER=Intel64 Family 6 Model 94 Stepping 3, GenuineIntel



---------------  S Y S T E M  ---------------

OS: Windows 10.0 , 64 bit Build 14393 (10.0.14393.0)

CPU:total 8 (4 cores per cpu, 2 threads per core) family 6 model 94 stepping 3, cmov, cx8, fxsr, mmx, sse, sse2, sse3, ssse3, sse4.1, sse4.2, popcnt, avx, avx2, aes, clmul, erms, rtm, 3dnowpref, lzcnt, ht, tsc, tscinvbit, bmi1, bmi2, adx

Memory: 4k page, physical 8223456k(1546764k free), swap 11400132k(1008k free)

vm_info: OpenJDK 64-Bit Server VM (25.76-b03) for windows-amd64 JRE (1.8.0_76-release-b03), built on Jun 29 2016 19:09:20 by "ralucas" with MS VC++ 10.0 (VS2010)

time: Fri May 26 19:21:35 2017
elapsed time: 0 seconds (0d 0h 0m 0s)

