#
# There is insufficient memory for the Java Runtime Environment to continue.
# Native memory allocation (malloc) failed to allocate 42480 bytes for Chunk::new
# Possible reasons:
#   The system is out of physical RAM or swap space
#   In 32 bit mode, the process size limit was hit
# Possible solutions:
#   Reduce memory load on the system
#   Increase physical memory or swap space
#   Check if swap backing store is full
#   Use 64 bit Java on a 64 bit OS
#   Decrease Java heap size (-Xmx/-Xms)
#   Decrease number of Java threads
#   Decrease Java thread stack sizes (-Xss)
#   Set larger code cache with -XX:ReservedCodeCacheSize=
# This output file may be truncated or incomplete.
#
#  Out of Memory Error (allocation.cpp:390), pid=8680, tid=0x000000000000330c
#
# JRE version: OpenJDK Runtime Environment (8.0_76-b03) (build 1.8.0_76-release-b03)
# Java VM: OpenJDK 64-Bit Server VM (25.76-b03 mixed mode windows-amd64 compressed oops)
# Failed to write core dump. Minidumps are not enabled by default on client versions of Windows
#

---------------  T H R E A D  ---------------

Current thread (0x000000001c88a000):  JavaThread "C2 CompilerThread0" daemon [_thread_in_native, id=13068, stack(0x000000001ee50000,0x000000001ef50000)]

Stack: [0x000000001ee50000,0x000000001ef50000]
[error occurred during error reporting (printing stack bounds), id 0xc0000005]

Native frames: (J=compiled Java code, j=interpreted, Vv=VM code, C=native code)


Current CompileTask:
C2:   4197 1941       4       com.android.dx.ssa.LocalVariableExtractor::processBlock (383 bytes)


---------------  P R O C E S S  ---------------

Java Threads: ( => current thread )
  0x000000001eb06000 JavaThread "pool-2-thread-1" [_thread_blocked, id=13004, stack(0x000000001fd50000,0x000000001fe50000)]
  0x000000001e851000 JavaThread "Service Thread" daemon [_thread_blocked, id=18500, stack(0x000000001f250000,0x000000001f350000)]
  0x000000001e84e000 JavaThread "C1 CompilerThread3" daemon [_thread_blocked, id=8976, stack(0x000000001f150000,0x000000001f250000)]
  0x000000001e833000 JavaThread "C2 CompilerThread2" daemon [_thread_in_native, id=4572, stack(0x000000001f050000,0x000000001f150000)]
  0x000000001e830800 JavaThread "C2 CompilerThread1" daemon [_thread_in_native, id=4616, stack(0x000000001ef50000,0x000000001f050000)]
=>0x000000001c88a000 JavaThread "C2 CompilerThread0" daemon [_thread_in_native, id=13068, stack(0x000000001ee50000,0x000000001ef50000)]
  0x000000001e7d7800 JavaThread "Attach Listener" daemon [_thread_blocked, id=11728, stack(0x000000001ed50000,0x000000001ee50000)]
  0x000000001e78c000 JavaThread "Signal Dispatcher" daemon [_thread_blocked, id=16480, stack(0x000000001ec50000,0x000000001ed50000)]
  0x0000000002d58800 JavaThread "Finalizer" daemon [_thread_blocked, id=10636, stack(0x000000001eb50000,0x000000001ec50000)]
  0x0000000002d55000 JavaThread "Reference Handler" daemon [_thread_blocked, id=9024, stack(0x000000001e650000,0x000000001e750000)]
  0x0000000002b5e800 JavaThread "main" [_thread_blocked, id=13592, stack(0x0000000002b60000,0x0000000002c60000)]

Other Threads:
  0x000000001c877000 VMThread [stack: 0x000000001e550000,0x000000001e650000] [id=18668]
  0x000000001e851800 WatcherThread [stack: 0x000000001f350000,0x000000001f450000] [id=5524]

VM state:not at safepoint (normal execution)

VM Mutex/Monitor currently owned by a thread: None

Heap:
 PSYoungGen      total 136192K, used 33393K [0x000000076ab00000, 0x000000077dd00000, 0x00000007c0000000)
  eden space 131072K, 21% used [0x000000076ab00000,0x000000076c69d740,0x0000000772b00000)
  from space 5120K, 99% used [0x0000000772b00000,0x0000000772fff0b8,0x0000000773000000)
  to   space 25600K, 0% used [0x000000077c400000,0x000000077c400000,0x000000077dd00000)
 ParOldGen       total 86016K, used 43991K [0x00000006c0000000, 0x00000006c5400000, 0x000000076ab00000)
  object space 86016K, 51% used [0x00000006c0000000,0x00000006c2af5ed8,0x00000006c5400000)
 Metaspace       used 6429K, capacity 7156K, committed 7296K, reserved 1056768K
  class space    used 600K, capacity 620K, committed 640K, reserved 1048576K

Card table byte_map: [0x0000000012120000,0x0000000012930000] byte_map_base: 0x000000000eb20000

Marking Bits: (ParMarkBitMap*) 0x0000000063b69d00
 Begin Bits: [0x0000000013690000, 0x0000000017690000)
 End Bits:   [0x0000000017690000, 0x000000001b690000)

Polling page: 0x0000000000ef0000

CodeCache: size=245760Kb used=7572Kb max_used=7590Kb free=238188Kb
 bounds [0x0000000002d60000, 0x00000000034d0000, 0x0000000011d60000]
 total_blobs=2145 nmethods=1876 adapters=182
 compilation: enabled

Compilation events (10 events):
Event: 4.133 Thread 0x000000001e84e000 1950       2       com.android.dx.rop.code.SwitchInsn::withNewRegisters (22 bytes)
Event: 4.133 Thread 0x000000001e84e000 nmethod 1950 0x00000000034be690 code [0x00000000034be800, 0x00000000034be9e8]
Event: 4.143 Thread 0x000000001c88a000 nmethod 1845 0x00000000034c3b90 code [0x00000000034c3fa0, 0x00000000034c7818]
Event: 4.143 Thread 0x000000001c88a000 1937       4       java.util.HashMap::getNode (148 bytes)
Event: 4.153 Thread 0x000000001c88a000 nmethod 1937 0x00000000034c07d0 code [0x00000000034c0960, 0x00000000034c11a8]
Event: 4.153 Thread 0x000000001c88a000 1941       4       com.android.dx.ssa.LocalVariableExtractor::processBlock (383 bytes)
Event: 4.170 Thread 0x000000001e84e000 1952       2       java.util.concurrent.locks.ReentrantLock$Sync::nonfairTryAcquire (67 bytes)
Event: 4.171 Thread 0x000000001e84e000 nmethod 1952 0x00000000034be190 code [0x00000000034be300, 0x00000000034be5a8]
Event: 4.171 Thread 0x000000001e84e000 1953       2       java.util.concurrent.locks.ReentrantLock$NonfairSync::tryAcquire (6 bytes)
Event: 4.171 Thread 0x000000001e84e000 nmethod 1953 0x00000000034bde10 code [0x00000000034bdf80, 0x00000000034be0e8]

GC Heap History (10 events):
Event: 2.296 GC heap before
{Heap before GC invocations=1 (full 0):
 PSYoungGen      total 37888K, used 32768K [0x000000076ab00000, 0x000000076d500000, 0x00000007c0000000)
  eden space 32768K, 100% used [0x000000076ab00000,0x000000076cb00000,0x000000076cb00000)
  from space 5120K, 0% used [0x000000076d000000,0x000000076d000000,0x000000076d500000)
  to   space 5120K, 0% used [0x000000076cb00000,0x000000076cb00000,0x000000076d000000)
 ParOldGen       total 86016K, used 0K [0x00000006c0000000, 0x00000006c5400000, 0x000000076ab00000)
  object space 86016K, 0% used [0x00000006c0000000,0x00000006c0000000,0x00000006c5400000)
 Metaspace       used 5911K, capacity 6832K, committed 7040K, reserved 1056768K
  class space    used 579K, capacity 616K, committed 640K, reserved 1048576K
Event: 2.323 GC heap after
Heap after GC invocations=1 (full 0):
 PSYoungGen      total 37888K, used 5100K [0x000000076ab00000, 0x000000076f500000, 0x00000007c0000000)
  eden space 32768K, 0% used [0x000000076ab00000,0x000000076ab00000,0x000000076cb00000)
  from space 5120K, 99% used [0x000000076cb00000,0x000000076cffb258,0x000000076d000000)
  to   space 5120K, 0% used [0x000000076f000000,0x000000076f000000,0x000000076f500000)
 ParOldGen       total 86016K, used 1310K [0x00000006c0000000, 0x00000006c5400000, 0x000000076ab00000)
  object space 86016K, 1% used [0x00000006c0000000,0x00000006c0147970,0x00000006c5400000)
 Metaspace       used 5911K, capacity 6832K, committed 7040K, reserved 1056768K
  class space    used 579K, capacity 616K, committed 640K, reserved 1048576K
}
Event: 2.728 GC heap before
{Heap before GC invocations=2 (full 0):
 PSYoungGen      total 37888K, used 37868K [0x000000076ab00000, 0x000000076f500000, 0x00000007c0000000)
  eden space 32768K, 100% used [0x000000076ab00000,0x000000076cb00000,0x000000076cb00000)
  from space 5120K, 99% used [0x000000076cb00000,0x000000076cffb258,0x000000076d000000)
  to   space 5120K, 0% used [0x000000076f000000,0x000000076f000000,0x000000076f500000)
 ParOldGen       total 86016K, used 1310K [0x00000006c0000000, 0x00000006c5400000, 0x000000076ab00000)
  object space 86016K, 1% used [0x00000006c0000000,0x00000006c0147970,0x00000006c5400000)
 Metaspace       used 6133K, capacity 7088K, committed 7296K, reserved 1056768K
  class space    used 579K, capacity 616K, committed 640K, reserved 1048576K
Event: 2.746 GC heap after
Heap after GC invocations=2 (full 0):
 PSYoungGen      total 70656K, used 5118K [0x000000076ab00000, 0x000000076f500000, 0x00000007c0000000)
  eden space 65536K, 0% used [0x000000076ab00000,0x000000076ab00000,0x000000076eb00000)
  from space 5120K, 99% used [0x000000076f000000,0x000000076f4ff818,0x000000076f500000)
  to   space 5120K, 0% used [0x000000076eb00000,0x000000076eb00000,0x000000076f000000)
 ParOldGen       total 86016K, used 6228K [0x00000006c0000000, 0x00000006c5400000, 0x000000076ab00000)
  object space 86016K, 7% used [0x00000006c0000000,0x00000006c0615008,0x00000006c5400000)
 Metaspace       used 6133K, capacity 7088K, committed 7296K, reserved 1056768K
  class space    used 579K, capacity 616K, committed 640K, reserved 1048576K
}
Event: 3.265 GC heap before
{Heap before GC invocations=3 (full 0):
 PSYoungGen      total 70656K, used 70654K [0x000000076ab00000, 0x000000076f500000, 0x00000007c0000000)
  eden space 65536K, 100% used [0x000000076ab00000,0x000000076eb00000,0x000000076eb00000)
  from space 5120K, 99% used [0x000000076f000000,0x000000076f4ff818,0x000000076f500000)
  to   space 5120K, 0% used [0x000000076eb00000,0x000000076eb00000,0x000000076f000000)
 ParOldGen       total 86016K, used 6228K [0x00000006c0000000, 0x00000006c5400000, 0x000000076ab00000)
  object space 86016K, 7% used [0x00000006c0000000,0x00000006c0615008,0x00000006c5400000)
 Metaspace       used 6225K, capacity 7088K, committed 7296K, reserved 1056768K
  class space    used 580K, capacity 616K, committed 640K, reserved 1048576K
Event: 3.298 GC heap after
Heap after GC invocations=3 (full 0):
 PSYoungGen      total 70656K, used 5118K [0x000000076ab00000, 0x0000000773500000, 0x00000007c0000000)
  eden space 65536K, 0% used [0x000000076ab00000,0x000000076ab00000,0x000000076eb00000)
  from space 5120K, 99% used [0x000000076eb00000,0x000000076efffb60,0x000000076f000000)
  to   space 5120K, 0% used [0x0000000773000000,0x0000000773000000,0x0000000773500000)
 ParOldGen       total 86016K, used 15676K [0x00000006c0000000, 0x00000006c5400000, 0x000000076ab00000)
  object space 86016K, 18% used [0x00000006c0000000,0x00000006c0f4f300,0x00000006c5400000)
 Metaspace       used 6225K, capacity 7088K, committed 7296K, reserved 1056768K
  class space    used 580K, capacity 616K, committed 640K, reserved 1048576K
}
Event: 3.471 GC heap before
{Heap before GC invocations=4 (full 0):
 PSYoungGen      total 70656K, used 70654K [0x000000076ab00000, 0x0000000773500000, 0x00000007c0000000)
  eden space 65536K, 100% used [0x000000076ab00000,0x000000076eb00000,0x000000076eb00000)
  from space 5120K, 99% used [0x000000076eb00000,0x000000076efffb60,0x000000076f000000)
  to   space 5120K, 0% used [0x0000000773000000,0x0000000773000000,0x0000000773500000)
 ParOldGen       total 86016K, used 15676K [0x00000006c0000000, 0x00000006c5400000, 0x000000076ab00000)
  object space 86016K, 18% used [0x00000006c0000000,0x00000006c0f4f300,0x00000006c5400000)
 Metaspace       used 6351K, capacity 7154K, committed 7296K, reserved 1056768K
  class space    used 598K, capacity 618K, committed 640K, reserved 1048576K
Event: 3.493 GC heap after
Heap after GC invocations=4 (full 0):
 PSYoungGen      total 136192K, used 5102K [0x000000076ab00000, 0x0000000773500000, 0x00000007c0000000)
  eden space 131072K, 0% used [0x000000076ab00000,0x000000076ab00000,0x0000000772b00000)
  from space 5120K, 99% used [0x0000000773000000,0x00000007734fbad0,0x0000000773500000)
  to   space 5120K, 0% used [0x0000000772b00000,0x0000000772b00000,0x0000000773000000)
 ParOldGen       total 86016K, used 24594K [0x00000006c0000000, 0x00000006c5400000, 0x000000076ab00000)
  object space 86016K, 28% used [0x00000006c0000000,0x00000006c1804a48,0x00000006c5400000)
 Metaspace       used 6351K, capacity 7154K, committed 7296K, reserved 1056768K
  class space    used 598K, capacity 618K, committed 640K, reserved 1048576K
}
Event: 3.925 GC heap before
{Heap before GC invocations=5 (full 0):
 PSYoungGen      total 136192K, used 136174K [0x000000076ab00000, 0x0000000773500000, 0x00000007c0000000)
  eden space 131072K, 100% used [0x000000076ab00000,0x0000000772b00000,0x0000000772b00000)
  from space 5120K, 99% used [0x0000000773000000,0x00000007734fbad0,0x0000000773500000)
  to   space 5120K, 0% used [0x0000000772b00000,0x0000000772b00000,0x0000000773000000)
 ParOldGen       total 86016K, used 24594K [0x00000006c0000000, 0x00000006c5400000, 0x000000076ab00000)
  object space 86016K, 28% used [0x00000006c0000000,0x00000006c1804a48,0x00000006c5400000)
 Metaspace       used 6426K, capacity 7156K, committed 7296K, reserved 1056768K
  class space    used 600K, capacity 620K, committed 640K, reserved 1048576K
Event: 3.966 GC heap after
Heap after GC invocations=5 (full 0):
 PSYoungGen      total 136192K, used 5116K [0x000000076ab00000, 0x000000077dd00000, 0x00000007c0000000)
  eden space 131072K, 0% used [0x000000076ab00000,0x000000076ab00000,0x0000000772b00000)
  from space 5120K, 99% used [0x0000000772b00000,0x0000000772fff0b8,0x0000000773000000)
  to   space 25600K, 0% used [0x000000077c400000,0x000000077c400000,0x000000077dd00000)
 ParOldGen       total 86016K, used 43991K [0x00000006c0000000, 0x00000006c5400000, 0x000000076ab00000)
  object space 86016K, 51% used [0x00000006c0000000,0x00000006c2af5ed8,0x00000006c5400000)
 Metaspace       used 6426K, capacity 7156K, committed 7296K, reserved 1056768K
  class space    used 600K, capacity 620K, committed 640K, reserved 1048576K
}

Deoptimization events (10 events):
Event: 3.498 Thread 0x000000001eb03000 Uncommon trap: reason=unstable_if action=reinterpret pc=0x00000000031b1dc8 method=java.util.HashMap.putVal(ILjava/lang/Object;Ljava/lang/Object;ZZ)Ljava/lang/Object; @ 162
Event: 3.547 Thread 0x000000001eb0a000 Uncommon trap: reason=bimorphic action=maybe_recompile pc=0x00000000033b09bc method=com.android.dx.ssa.LiteralOpUpgrader.tryReplacingWithConstant(Lcom/android/dx/ssa/NormalSsaInsn;)Z @ 62
Event: 3.560 Thread 0x000000001eb03000 Uncommon trap: reason=bimorphic action=maybe_recompile pc=0x00000000034462d8 method=com.android.dx.cf.code.BytecodeArray.parseInstruction(ILcom/android/dx/cf/code/BytecodeArray$Visitor;)I @ 1130
Event: 3.560 Thread 0x000000001eb03000 Uncommon trap: reason=bimorphic action=maybe_recompile pc=0x0000000003445dec method=com.android.dx.cf.code.BytecodeArray.parseInstruction(ILcom/android/dx/cf/code/BytecodeArray$Visitor;)I @ 955
Event: 3.561 Thread 0x000000001eb03000 Uncommon trap: reason=bimorphic action=maybe_recompile pc=0x0000000003445e78 method=com.android.dx.cf.code.BytecodeArray.parseInstruction(ILcom/android/dx/cf/code/BytecodeArray$Visitor;)I @ 971
Event: 3.561 Thread 0x000000001eb0c800 Uncommon trap: reason=unstable_if action=reinterpret pc=0x00000000033a4760 method=com.android.dx.ssa.MoveParamCombiner$1.visitNonMoveInsn(Lcom/android/dx/ssa/NormalSsaInsn;)V @ 27
Event: 3.562 Thread 0x000000001eb03000 Uncommon trap: reason=bimorphic action=maybe_recompile pc=0x0000000003445f04 method=com.android.dx.cf.code.BytecodeArray.parseInstruction(ILcom/android/dx/cf/code/BytecodeArray$Visitor;)I @ 987
Event: 3.563 Thread 0x000000001eb03000 Uncommon trap: reason=bimorphic action=maybe_recompile pc=0x00000000034462d8 method=com.android.dx.cf.code.BytecodeArray.parseInstruction(ILcom/android/dx/cf/code/BytecodeArray$Visitor;)I @ 1130
Event: 3.611 Thread 0x000000001eb0c800 Uncommon trap: reason=unstable_if action=reinterpret pc=0x00000000033a1040 method=java.util.HashMap.resize()[Ljava/util/HashMap$Node; @ 206
Event: 3.854 Thread 0x000000001eb11800 Uncommon trap: reason=unstable_if action=reinterpret pc=0x000000000335b4c8 method=com.android.dx.ssa.SCCP.simulateBranch(Lcom/android/dx/ssa/SsaInsn;)V @ 548

Internal exceptions (5 events):
Event: 0.118 Thread 0x0000000002b5e800 Exception <a 'java/lang/NoSuchMethodError': Method sun.misc.Unsafe.defineClass(Ljava/lang/String;[BII)Ljava/lang/Class; name or signature does not match> (0x000000076ab07cc0) thrown at [C:\src\android\AOSP-openjdk\external\jetbrains\jdk\hotspot\src\share\v$:¡×¾?
Event: 0.118 Thread 0x0000000002b5e800 Exception <a 'java/lang/NoSuchMethodError': Method sun.misc.Unsafe.prefetchRead(Ljava/lang/Object;J)V name or signature does not match> (0x000000076ab07fa8) thrown at [C:\src\android\AOSP-openjdk\external\jetbrains\jdk\hotspot\src\share\vm\prims\jni.cpp, lõÂS×\†@
Event: 3.441 Thread 0x000000001eb0a000 Exception <a 'java/lang/ArrayIndexOutOfBoundsException': 18> (0x000000076e2cb728) thrown at [C:\src\android\AOSP-openjdk\external\jetbrains\jdk\hotspot\src\share\vm\interpreter\interpreterRuntime.cpp, line 366]
Event: 3.441 Thread 0x000000001eb0a000 Exception <a 'java/lang/ArrayIndexOutOfBoundsException': 145> (0x000000076e2cd2a8) thrown at [C:\src\android\AOSP-openjdk\external\jetbrains\jdk\hotspot\src\share\vm\interpreter\interpreterRuntime.cpp, line 366]
Event: 3.442 Thread 0x000000001eb0a000 Exception <a 'java/lang/ArrayIndexOutOfBoundsException'> (0x000000076e2ce590) thrown at [C:\src\android\AOSP-openjdk\external\jetbrains\jdk\hotspot\src\share\vm\runtime\sharedRuntime.cpp, line 605]

Events (10 events):
Event: 3.902 loading class java/util/HashMap$KeyIterator
Event: 3.902 loading class java/util/HashMap$KeyIterator done
Event: 3.924 Executing VM operation: ParallelGCFailedAllocation
Event: 3.966 Executing VM operation: ParallelGCFailedAllocation done
Event: 3.982 Thread 0x000000001eb0c800 DEOPT PACKING pc=0x000000000310476a sp=0x000000002004e680
Event: 3.982 Thread 0x000000001eb0c800 DEOPT UNPACKING pc=0x0000000002da75bf sp=0x000000002004e448 mode 0
Event: 4.029 Thread 0x000000001eb03000 Thread exited: 0x000000001eb03000
Event: 4.029 Thread 0x000000001eb0c800 Thread exited: 0x000000001eb0c800
Event: 4.032 Thread 0x000000001eb11800 Thread exited: 0x000000001eb11800
Event: 4.171 Thread 0x000000001eb0a000 Thread exited: 0x000000001eb0a000


Dynamic libraries:
0x00007ff6f3b30000 - 0x00007ff6f3b61000 	D:\andriod-studio\Android Studio\jre\bin\java.exe
0x00007ffb5ab90000 - 0x00007ffb5ad61000 	C:\WINDOWS\SYSTEM32\ntdll.dll
0x00007ffb58490000 - 0x00007ffb5853b000 	C:\WINDOWS\System32\KERNEL32.DLL
0x00007ffb57b70000 - 0x00007ffb57d8d000 	C:\WINDOWS\System32\KERNELBASE.dll
0x00007ffb57fd0000 - 0x00007ffb58072000 	C:\WINDOWS\System32\ADVAPI32.dll
0x00007ffb58080000 - 0x00007ffb5811e000 	C:\WINDOWS\System32\msvcrt.dll
0x00007ffb58400000 - 0x00007ffb58459000 	C:\WINDOWS\System32\sechost.dll
0x00007ffb58a70000 - 0x00007ffb58b91000 	C:\WINDOWS\System32\RPCRT4.dll
0x00007ffb58220000 - 0x00007ffb58385000 	C:\WINDOWS\System32\USER32.dll
0x00007ffb579d0000 - 0x00007ffb579ee000 	C:\WINDOWS\System32\win32u.dll
0x00007ffb58640000 - 0x00007ffb58674000 	C:\WINDOWS\System32\GDI32.dll
0x00007ffb56f30000 - 0x00007ffb570b2000 	C:\WINDOWS\System32\gdi32full.dll
0x00007ffb4f630000 - 0x00007ffb4f8a9000 	C:\WINDOWS\WinSxS\amd64_microsoft.windows.common-controls_6595b64144ccf1df_6.0.14393.447_none_42191651c6827bb3\COMCTL32.dll
0x00007ffb58790000 - 0x00007ffb58a58000 	C:\WINDOWS\System32\combase.dll
0x00007ffb57110000 - 0x00007ffb57205000 	C:\WINDOWS\System32\ucrtbase.dll
0x00007ffb57aa0000 - 0x00007ffb57b0a000 	C:\WINDOWS\System32\bcryptPrimitives.dll
0x00007ffb58460000 - 0x00007ffb5848e000 	C:\WINDOWS\System32\IMM32.DLL
0x0000000064600000 - 0x00000000646d2000 	D:\andriod-studio\Android Studio\jre\jre\bin\msvcr100.dll
0x00000000633b0000 - 0x0000000063be4000 	D:\andriod-studio\Android Studio\jre\jre\bin\server\jvm.dll
0x00007ffb57210000 - 0x00007ffb57233000 	C:\WINDOWS\System32\WINMM.dll
0x00007ffb56dc0000 - 0x00007ffb56deb000 	C:\WINDOWS\System32\WINMMBASE.dll
0x00007ffb570c0000 - 0x00007ffb57102000 	C:\WINDOWS\System32\cfgmgr32.dll
0x00007ffb5a660000 - 0x00007ffb5a668000 	C:\WINDOWS\System32\PSAPI.DLL
0x00007ffb52ed0000 - 0x00007ffb52ed9000 	C:\WINDOWS\SYSTEM32\WSOCK32.dll
0x00007ffb51fb0000 - 0x00007ffb51fba000 	C:\WINDOWS\SYSTEM32\VERSION.dll
0x00007ffb57f60000 - 0x00007ffb57fca000 	C:\WINDOWS\System32\WS2_32.dll
0x00007ffb53770000 - 0x00007ffb5377f000 	D:\andriod-studio\Android Studio\jre\jre\bin\verify.dll
0x00007ffb4dbe0000 - 0x00007ffb4dc09000 	D:\andriod-studio\Android Studio\jre\jre\bin\java.dll
0x00007ffb521a0000 - 0x00007ffb521b6000 	D:\andriod-studio\Android Studio\jre\jre\bin\zip.dll
0x00007ffb58ba0000 - 0x00007ffb5a0a9000 	C:\WINDOWS\System32\SHELL32.dll
0x00007ffb57240000 - 0x00007ffb5791a000 	C:\WINDOWS\System32\windows.storage.dll
0x00007ffb56ee0000 - 0x00007ffb56f2c000 	C:\WINDOWS\System32\powrprof.dll
0x00007ffb5a0d0000 - 0x00007ffb5a122000 	C:\WINDOWS\System32\shlwapi.dll
0x00007ffb56df0000 - 0x00007ffb56dff000 	C:\WINDOWS\System32\kernel.appcore.dll
0x00007ffb56e30000 - 0x00007ffb56ed9000 	C:\WINDOWS\System32\shcore.dll
0x00007ffb56e00000 - 0x00007ffb56e14000 	C:\WINDOWS\System32\profapi.dll

VM Arguments:
jvm_args: -Djava.awt.headless=true -Xmx4g -Dfile.encoding=GBK -Duser.country=CN -Duser.language=zh -Duser.variant 
java_command: com.android.dx.command.Main --dex --force-jumbo --num-threads=4 --output D:\andriod-studio\workspace\wenhuaijun-SearchPictureTool-6e61917\app\build\intermediates\pre-dexed\build\debug\com.android.support-appcompat-v7-24.1.1_c6d942634c5e4ededacc1dd4e9ce7dd246526a1b.jar D:\andriod-studio\workspace\wenhuaijun-SearchPictureTool-6e61917\app\build\intermediates\exploded-aar\com.android.support\appcompat-v7\24.1.1\jars\classes.jar
java_class_path (initial): D:\androidstudio\Sdk\build-tools\24.0.0\lib\dx.jar
Launcher Type: SUN_STANDARD

Environment Variables:
JAVA_HOME=C:\Program Files\Java\jdk1.8.0_91
CLASSPATH=.;C:\Program Files\Java\jdk1.8.0_91\lib\dt.jar;C:\Program Files\Java\jdk1.8.0_91\lib\tools.jar
PATH=C:\Program Files\NVIDIA GPU Computing Toolkit\CUDA\v7.5\bin;C:\Program Files\NVIDIA GPU Computing Toolkit\CUDA\v7.5\libnvvp;C:;C:\Program Files\Java\jdk1.8.0_91\bin;C:\Program Files\Java\jdk1.8.0_91\jre\bin;\ProgramData\Oracle\Java\javapath;C:\Program Files (x86)\Intel\iCLS Client\;C:\Program Files\Intel\iCLS Client\;C:\windows\system32;C:\windows;C:\windows\System32\Wbem;C:\windows\System32\WindowsPowerShell\v1.0\;C:\Program Files (x86)\Intel\Intel(R) Management Engine Components\DAL;C:\Program Files\Intel\Intel(R) Management Engine Components\DAL;C:\Program Files (x86)\Intel\Intel(R) Management Engine Components\IPT;C:\Program Files\Intel\Intel(R) Management Engine Components\IPT;C:\Program Files (x86)\NVIDIA Corporation\PhysX\Common;C:\Program Files\Intel\IntelSGXPSW\bin\x64\Release\;C:\Program Files\Intel\IntelSGXPSW\bin\win32\Release\;C:\Program Files\Intel\WiFi\bin\;C:\Program Files\Common Files\Intel\WirelessCommon\;C:\WINDOWS\system32;C:\WINDOWS;C:\WINDOWS\System32\Wbem;C:\WINDOWS\System32\WindowsPowerShell\v1.0\;D:\mysql\bin;D:\openCV\Opencv\build\x64\vc12\bin;C:\Program Files (x86)\Windows Kits\8.1\Windows Performance Toolkit\;C:\Program Files (x86)\Microsoft SDKs\TypeScript\1.0\;D:\opencv\opencv\build\x86\vc12\bin;D:\opencv\opencv\build\x64\vc12\bin;C:\Program Files (x86)\Autodesk\Backburner\;C:\Program Files\Common Files\Autodesk Shared\;C:\Program Files\Microsoft SQL Server\Client SDK\ODBC\110\Tools\Binn\;C:\Program Files (x86)\Microsoft SQL Server\120\Tools\Binn\;C:\Program Files\Microsoft SQL Server\120\Tools\Binn\;C:\Program Files\Microsoft SQL Server\120\DTS\Binn\;C:\Program Files (x86)\Microsoft SQL Server\120\Tools\Binn\ManagementStudio\;C:\Program Files (x86)\Microsoft SQL Server\120\DTS\Binn\;C:\Program Files\Microsoft SQL Server\110\Tools\Binn\;D:\MATLAB\v901\runtime\win64;C:\Program Files (x86)\GtkSharp\2.12\bin;D:\SDK\android-studio\tools;D:\SDK\android-studio\platform-tools;C:\Users\raozhi\AppData\Local\Microsoft\WindowsApps;
USERNAME=raozhi
OS=Windows_NT
PROCESSOR_IDENTIFIER=Intel64 Family 6 Model 94 Stepping 3, GenuineIntel



---------------  S Y S T E M  ---------------

OS: Windows 10.0 , 64 bit Build 14393 (10.0.14393.0)

CPU:total 8 (4 cores per cpu, 2 threads per core) family 6 model 94 stepping 3, cmov, cx8, fxsr, mmx, sse, sse2, sse3, ssse3, sse4.1, sse4.2, popcnt, avx, avx2, aes, clmul, erms, rtm, 3dnowpref, lzcnt, ht, tsc, tscinvbit, bmi1, bmi2, adx

Memory: 4k page, physical 8223456k(1609308k free), swap 11852924k(5148k free)

vm_info: OpenJDK 64-Bit Server VM (25.76-b03) for windows-amd64 JRE (1.8.0_76-release-b03), built on Jun 29 2016 19:09:20 by "ralucas" with MS VC++ 10.0 (VS2010)

time: Fri May 26 19:29:42 2017
elapsed time: 4 seconds (0d 0h 0m 4s)

