#
# There is insufficient memory for the Java Runtime Environment to continue.
# Native memory allocation (malloc) failed to allocate 32744 bytes for ChunkPool::allocate
# Possible reasons:
#   The system is out of physical RAM or swap space
#   In 32 bit mode, the process size limit was hit
# Possible solutions:
#   Reduce memory load on the system
#   Increase physical memory or swap space
#   Check if swap backing store is full
#   Use 64 bit Java on a 64 bit OS
#   Decrease Java heap size (-Xmx/-Xms)
#   Decrease number of Java threads
#   Decrease Java thread stack sizes (-Xss)
#   Set larger code cache with -XX:ReservedCodeCacheSize=
# This output file may be truncated or incomplete.
#
#  Out of Memory Error (allocation.cpp:273), pid=17644, tid=0x00000000000048e4
#
# JRE version: OpenJDK Runtime Environment (8.0_76-b03) (build 1.8.0_76-release-b03)
# Java VM: OpenJDK 64-Bit Server VM (25.76-b03 mixed mode windows-amd64 compressed oops)
# Failed to write core dump. Minidumps are not enabled by default on client versions of Windows
#

---------------  T H R E A D  ---------------

Current thread (0x000000001e9d6800):  JavaThread "C1 CompilerThread3" daemon [_thread_in_native, id=18660, stack(0x000000001f3a0000,0x000000001f4a0000)]

Stack: [0x000000001f3a0000,0x000000001f4a0000]
[error occurred during error reporting (printing stack bounds), id 0xc0000005]

Native frames: (J=compiled Java code, j=interpreted, Vv=VM code, C=native code)


Current CompileTask:
C1:    872  621   !   3       com.android.dx.cf.code.BytecodeArray::parseInstruction (2764 bytes)


---------------  P R O C E S S  ---------------

Java Threads: ( => current thread )
  0x000000001eced800 JavaThread "pool-1-thread-4" [_thread_in_Java, id=18868, stack(0x00000000202a0000,0x00000000203a0000)]
  0x000000001ece9000 JavaThread "pool-1-thread-3" [_thread_in_vm, id=18872, stack(0x00000000201a0000,0x00000000202a0000)]
  0x000000001ece5000 JavaThread "pool-1-thread-2" [_thread_blocked, id=19032, stack(0x00000000200a0000,0x00000000201a0000)]
  0x000000001ec7b800 JavaThread "pool-2-thread-1" [_thread_blocked, id=18460, stack(0x000000001ffa0000,0x00000000200a0000)]
  0x000000001ec78000 JavaThread "pool-1-thread-1" [_thread_blocked, id=18428, stack(0x000000001fea0000,0x000000001ffa0000)]
  0x000000001ea53000 JavaThread "Service Thread" daemon [_thread_blocked, id=12364, stack(0x000000001f4a0000,0x000000001f5a0000)]
=>0x000000001e9d6800 JavaThread "C1 CompilerThread3" daemon [_thread_in_native, id=18660, stack(0x000000001f3a0000,0x000000001f4a0000)]
  0x000000001e9cb000 JavaThread "C2 CompilerThread2" daemon [_thread_blocked, id=4556, stack(0x000000001f2a0000,0x000000001f3a0000)]
  0x000000001e9ca000 JavaThread "C2 CompilerThread1" daemon [_thread_blocked, id=19128, stack(0x000000001f1a0000,0x000000001f2a0000)]
  0x000000001ca5b000 JavaThread "C2 CompilerThread0" daemon [_thread_blocked, id=19312, stack(0x000000001f0a0000,0x000000001f1a0000)]
  0x000000001ca5a000 JavaThread "Attach Listener" daemon [_thread_blocked, id=10332, stack(0x000000001efa0000,0x000000001f0a0000)]
  0x000000001e9c8000 JavaThread "Signal Dispatcher" daemon [_thread_blocked, id=7924, stack(0x000000001eea0000,0x000000001efa0000)]
  0x0000000002f29800 JavaThread "Finalizer" daemon [_thread_blocked, id=16708, stack(0x000000001ed40000,0x000000001ee40000)]
  0x0000000002f26000 JavaThread "Reference Handler" daemon [_thread_blocked, id=17124, stack(0x000000001e840000,0x000000001e940000)]
  0x0000000002e2e800 JavaThread "main" [_thread_in_vm, id=9236, stack(0x0000000002cf0000,0x0000000002df0000)]

Other Threads:
  0x000000001ca47800 VMThread [stack: 0x000000001e740000,0x000000001e840000] [id=2356]
  0x000000001ea54000 WatcherThread [stack: 0x000000001f5a0000,0x000000001f6a0000] [id=18952]

VM state:not at safepoint (normal execution)

VM Mutex/Monitor currently owned by a thread: None

Heap:
 PSYoungGen      total 37888K, used 16463K [0x000000076ab00000, 0x000000076d500000, 0x00000007c0000000)
  eden space 32768K, 50% used [0x000000076ab00000,0x000000076bb13d18,0x000000076cb00000)
  from space 5120K, 0% used [0x000000076d000000,0x000000076d000000,0x000000076d500000)
  to   space 5120K, 0% used [0x000000076cb00000,0x000000076cb00000,0x000000076d000000)
 ParOldGen       total 86016K, used 0K [0x00000006c0000000, 0x00000006c5400000, 0x000000076ab00000)
  object space 86016K, 0% used [0x00000006c0000000,0x00000006c0000000,0x00000006c5400000)
 Metaspace       used 5573K, capacity 6576K, committed 6784K, reserved 1056768K
  class space    used 571K, capacity 616K, committed 640K, reserved 1048576K

Card table byte_map: [0x00000000122f0000,0x0000000012b00000] byte_map_base: 0x000000000ecf0000

Marking Bits: (ParMarkBitMap*) 0x0000000063b69d00
 Begin Bits: [0x0000000013860000, 0x0000000017860000)
 End Bits:   [0x0000000017860000, 0x000000001b860000)

Polling page: 0x00000000028f0000

CodeCache: size=245760Kb used=2399Kb max_used=2399Kb free=243360Kb
 bounds [0x0000000002f30000, 0x00000000031a0000, 0x0000000011f30000]
 total_blobs=877 nmethods=609 adapters=182
 compilation: enabled

Compilation events (10 events):
Event: 0.860 Thread 0x000000001e9d6800 nmethod 608 0x0000000003187950 code [0x0000000003187b00, 0x0000000003188178]
Event: 0.860 Thread 0x000000001e9d6800  613       3       com.android.dx.rop.code.RegisterSpec::make (7 bytes)
Event: 0.861 Thread 0x000000001e9d6800 nmethod 613 0x00000000031804d0 code [0x0000000003180640, 0x00000000031807a8]
Event: 0.861 Thread 0x000000001e9d6800  586       3       java.util.Collections$UnmodifiableCollection$1::next (10 bytes)
Event: 0.861 Thread 0x000000001e9d6800 nmethod 586 0x00000000031882d0 code [0x0000000003188440, 0x0000000003188668]
Event: 0.861 Thread 0x000000001e9d6800  623       3       com.android.dx.ssa.SsaMethod::bitSetFromLabelList (47 bytes)
Event: 0.861 Thread 0x000000001e9d6800 nmethod 623 0x0000000003188710 code [0x00000000031888c0, 0x0000000003189058]
Event: 0.861 Thread 0x000000001e9d6800  606       3       com.android.dx.cf.code.ByteOps::opInfo (6 bytes)
Event: 0.861 Thread 0x000000001e9d6800 nmethod 606 0x0000000003189350 code [0x00000000031894a0, 0x00000000031895f0]
Event: 0.861 Thread 0x000000001e9d6800  621   !   3       com.android.dx.cf.code.BytecodeArray::parseInstruction (2764 bytes)

GC Heap History (0 events):
No events

Deoptimization events (2 events):
Event: 0.458 Thread 0x0000000002e2e800 Uncommon trap: reason=unstable_if action=reinterpret pc=0x0000000003074354 method=java.lang.String.indexOf(II)I @ 49
Event: 0.831 Thread 0x000000001eced800 Uncommon trap: reason=unstable_if action=reinterpret pc=0x0000000003168764 method=java.util.HashMap.getNode(ILjava/lang/Object;)Ljava/util/HashMap$Node; @ 62

Internal exceptions (2 events):
Event: 0.051 Thread 0x0000000002e2e800 Exception <a 'java/lang/NoSuchMethodError': Method sun.misc.Unsafe.defineClass(Ljava/lang/String;[BII)Ljava/lang/Class; name or signature does not match> (0x000000076ab07cc0) thrown at [C:\src\android\AOSP-openjdk\external\jetbrains\jdk\hotspot\src\share\vM#ÿçh™?
Event: 0.052 Thread 0x0000000002e2e800 Exception <a 'java/lang/NoSuchMethodError': Method sun.misc.Unsafe.prefetchRead(Ljava/lang/Object;J)V name or signature does not match> (0x000000076ab07fa8) thrown at [C:\src\android\AOSP-openjdk\external\jetbrains\jdk\hotspot\src\share\vm\prims\jni.cpp, l

Events (10 events):
Event: 0.823 loading class java/util/TreeMap$EntryIterator done
Event: 0.826 loading class com/android/dx/cf/code/Ropper$ExceptionHandlerSetup
Event: 0.826 loading class com/android/dx/cf/code/Ropper$ExceptionHandlerSetup done
Event: 0.829 loading class java/util/HashMap$Values
Event: 0.830 loading class java/util/HashMap$Values done
Event: 0.830 loading class java/util/HashMap$ValueIterator
Event: 0.830 loading class java/util/HashMap$ValueIterator done
Event: 0.831 Thread 0x000000001eced800 Uncommon trap: trap_request=0xffffff65 fr.pc=0x0000000003168764
Event: 0.831 Thread 0x000000001eced800 DEOPT PACKING pc=0x0000000003168764 sp=0x000000002039eb60
Event: 0.831 Thread 0x000000001eced800 DEOPT UNPACKING pc=0x0000000002f7556a sp=0x000000002039ead8 mode 2


Dynamic libraries:
0x00007ff6f3b30000 - 0x00007ff6f3b61000 	D:\andriod-studio\Android Studio\jre\bin\java.exe
0x00007ffb5ab90000 - 0x00007ffb5ad61000 	C:\WINDOWS\SYSTEM32\ntdll.dll
0x00007ffb58490000 - 0x00007ffb5853b000 	C:\WINDOWS\System32\KERNEL32.DLL
0x00007ffb57b70000 - 0x00007ffb57d8d000 	C:\WINDOWS\System32\KERNELBASE.dll
0x00007ffb57fd0000 - 0x00007ffb58072000 	C:\WINDOWS\System32\ADVAPI32.dll
0x00007ffb58080000 - 0x00007ffb5811e000 	C:\WINDOWS\System32\msvcrt.dll
0x00007ffb58400000 - 0x00007ffb58459000 	C:\WINDOWS\System32\sechost.dll
0x00007ffb58a70000 - 0x00007ffb58b91000 	C:\WINDOWS\System32\RPCRT4.dll
0x00007ffb58220000 - 0x00007ffb58385000 	C:\WINDOWS\System32\USER32.dll
0x00007ffb579d0000 - 0x00007ffb579ee000 	C:\WINDOWS\System32\win32u.dll
0x00007ffb58640000 - 0x00007ffb58674000 	C:\WINDOWS\System32\GDI32.dll
0x00007ffb56f30000 - 0x00007ffb570b2000 	C:\WINDOWS\System32\gdi32full.dll
0x00007ffb4f630000 - 0x00007ffb4f8a9000 	C:\WINDOWS\WinSxS\amd64_microsoft.windows.common-controls_6595b64144ccf1df_6.0.14393.447_none_42191651c6827bb3\COMCTL32.dll
0x00007ffb58790000 - 0x00007ffb58a58000 	C:\WINDOWS\System32\combase.dll
0x00007ffb57110000 - 0x00007ffb57205000 	C:\WINDOWS\System32\ucrtbase.dll
0x00007ffb57aa0000 - 0x00007ffb57b0a000 	C:\WINDOWS\System32\bcryptPrimitives.dll
0x00007ffb58460000 - 0x00007ffb5848e000 	C:\WINDOWS\System32\IMM32.DLL
0x0000000064600000 - 0x00000000646d2000 	D:\andriod-studio\Android Studio\jre\jre\bin\msvcr100.dll
0x00000000633b0000 - 0x0000000063be4000 	D:\andriod-studio\Android Studio\jre\jre\bin\server\jvm.dll
0x00007ffb57210000 - 0x00007ffb57233000 	C:\WINDOWS\System32\WINMM.dll
0x00007ffb56dc0000 - 0x00007ffb56deb000 	C:\WINDOWS\System32\WINMMBASE.dll
0x00007ffb570c0000 - 0x00007ffb57102000 	C:\WINDOWS\System32\cfgmgr32.dll
0x00007ffb52ed0000 - 0x00007ffb52ed9000 	C:\WINDOWS\SYSTEM32\WSOCK32.dll
0x00007ffb5a660000 - 0x00007ffb5a668000 	C:\WINDOWS\System32\PSAPI.DLL
0x00007ffb51fb0000 - 0x00007ffb51fba000 	C:\WINDOWS\SYSTEM32\VERSION.dll
0x00007ffb57f60000 - 0x00007ffb57fca000 	C:\WINDOWS\System32\WS2_32.dll
0x00007ffb53770000 - 0x00007ffb5377f000 	D:\andriod-studio\Android Studio\jre\jre\bin\verify.dll
0x00007ffb4dbe0000 - 0x00007ffb4dc09000 	D:\andriod-studio\Android Studio\jre\jre\bin\java.dll
0x00007ffb521a0000 - 0x00007ffb521b6000 	D:\andriod-studio\Android Studio\jre\jre\bin\zip.dll
0x00007ffb58ba0000 - 0x00007ffb5a0a9000 	C:\WINDOWS\System32\SHELL32.dll
0x00007ffb57240000 - 0x00007ffb5791a000 	C:\WINDOWS\System32\windows.storage.dll
0x00007ffb56ee0000 - 0x00007ffb56f2c000 	C:\WINDOWS\System32\powrprof.dll
0x00007ffb5a0d0000 - 0x00007ffb5a122000 	C:\WINDOWS\System32\shlwapi.dll
0x00007ffb56df0000 - 0x00007ffb56dff000 	C:\WINDOWS\System32\kernel.appcore.dll
0x00007ffb56e30000 - 0x00007ffb56ed9000 	C:\WINDOWS\System32\shcore.dll
0x00007ffb56e00000 - 0x00007ffb56e14000 	C:\WINDOWS\System32\profapi.dll

VM Arguments:
jvm_args: -Djava.awt.headless=true -Xmx4g -Dfile.encoding=GBK -Duser.country=CN -Duser.language=zh -Duser.variant 
java_command: com.android.dx.command.Main --dex --num-threads=4 --output D:\andriod-studio\workspace\wenhuaijun-SearchPictureTool-6e61917\app\build\intermediates\pre-dexed\build\debug\okhttp-3.0.1_02be5fcad6ef6a677933adf07c974b4c3c2717dc.jar C:\Users\raozhi\.gradle\caches\modules-2\files-2.1\com.squareup.okhttp3\okhttp\3.0.1\b34c1f2d993044656e87f88970b6818e99e886ba\okhttp-3.0.1.jar
java_class_path (initial): D:\androidstudio\Sdk\build-tools\24.0.0\lib\dx.jar
Launcher Type: SUN_STANDARD

Environment Variables:
JAVA_HOME=C:\Program Files\Java\jdk1.8.0_91
CLASSPATH=.;C:\Program Files\Java\jdk1.8.0_91\lib\dt.jar;C:\Program Files\Java\jdk1.8.0_91\lib\tools.jar
PATH=C:\Program Files\NVIDIA GPU Computing Toolkit\CUDA\v7.5\bin;C:\Program Files\NVIDIA GPU Computing Toolkit\CUDA\v7.5\libnvvp;C:;C:\Program Files\Java\jdk1.8.0_91\bin;C:\Program Files\Java\jdk1.8.0_91\jre\bin;\ProgramData\Oracle\Java\javapath;C:\Program Files (x86)\Intel\iCLS Client\;C:\Program Files\Intel\iCLS Client\;C:\windows\system32;C:\windows;C:\windows\System32\Wbem;C:\windows\System32\WindowsPowerShell\v1.0\;C:\Program Files (x86)\Intel\Intel(R) Management Engine Components\DAL;C:\Program Files\Intel\Intel(R) Management Engine Components\DAL;C:\Program Files (x86)\Intel\Intel(R) Management Engine Components\IPT;C:\Program Files\Intel\Intel(R) Management Engine Components\IPT;C:\Program Files (x86)\NVIDIA Corporation\PhysX\Common;C:\Program Files\Intel\IntelSGXPSW\bin\x64\Release\;C:\Program Files\Intel\IntelSGXPSW\bin\win32\Release\;C:\Program Files\Intel\WiFi\bin\;C:\Program Files\Common Files\Intel\WirelessCommon\;C:\WINDOWS\system32;C:\WINDOWS;C:\WINDOWS\System32\Wbem;C:\WINDOWS\System32\WindowsPowerShell\v1.0\;D:\mysql\bin;D:\openCV\Opencv\build\x64\vc12\bin;C:\Program Files (x86)\Windows Kits\8.1\Windows Performance Toolkit\;C:\Program Files (x86)\Microsoft SDKs\TypeScript\1.0\;D:\opencv\opencv\build\x86\vc12\bin;D:\opencv\opencv\build\x64\vc12\bin;C:\Program Files (x86)\Autodesk\Backburner\;C:\Program Files\Common Files\Autodesk Shared\;C:\Program Files\Microsoft SQL Server\Client SDK\ODBC\110\Tools\Binn\;C:\Program Files (x86)\Microsoft SQL Server\120\Tools\Binn\;C:\Program Files\Microsoft SQL Server\120\Tools\Binn\;C:\Program Files\Microsoft SQL Server\120\DTS\Binn\;C:\Program Files (x86)\Microsoft SQL Server\120\Tools\Binn\ManagementStudio\;C:\Program Files (x86)\Microsoft SQL Server\120\DTS\Binn\;C:\Program Files\Microsoft SQL Server\110\Tools\Binn\;D:\MATLAB\v901\runtime\win64;C:\Program Files (x86)\GtkSharp\2.12\bin;D:\SDK\android-studio\tools;D:\SDK\android-studio\platform-tools;C:\Users\raozhi\AppData\Local\Microsoft\WindowsApps;
USERNAME=raozhi
OS=Windows_NT
PROCESSOR_IDENTIFIER=Intel64 Family 6 Model 94 Stepping 3, GenuineIntel



---------------  S Y S T E M  ---------------

OS: Windows 10.0 , 64 bit Build 14393 (10.0.14393.0)

CPU:total 8 (4 cores per cpu, 2 threads per core) family 6 model 94 stepping 3, cmov, cx8, fxsr, mmx, sse, sse2, sse3, ssse3, sse4.1, sse4.2, popcnt, avx, avx2, aes, clmul, erms, rtm, 3dnowpref, lzcnt, ht, tsc, tscinvbit, bmi1, bmi2, adx

Memory: 4k page, physical 8223456k(1700412k free), swap 11400132k(1948k free)

vm_info: OpenJDK 64-Bit Server VM (25.76-b03) for windows-amd64 JRE (1.8.0_76-release-b03), built on Jun 29 2016 19:09:20 by "ralucas" with MS VC++ 10.0 (VS2010)

time: Fri May 26 19:17:28 2017
elapsed time: 0 seconds (0d 0h 0m 0s)

