#
# There is insufficient memory for the Java Runtime Environment to continue.
# Native memory allocation (malloc) failed to allocate 239856 bytes for Chunk::new
# Possible reasons:
#   The system is out of physical RAM or swap space
#   In 32 bit mode, the process size limit was hit
# Possible solutions:
#   Reduce memory load on the system
#   Increase physical memory or swap space
#   Check if swap backing store is full
#   Use 64 bit Java on a 64 bit OS
#   Decrease Java heap size (-Xmx/-Xms)
#   Decrease number of Java threads
#   Decrease Java thread stack sizes (-Xss)
#   Set larger code cache with -XX:ReservedCodeCacheSize=
# This output file may be truncated or incomplete.
#
#  Out of Memory Error (allocation.cpp:390), pid=18948, tid=0x00000000000048b0
#
# JRE version: OpenJDK Runtime Environment (8.0_76-b03) (build 1.8.0_76-release-b03)
# Java VM: OpenJDK 64-Bit Server VM (25.76-b03 mixed mode windows-amd64 compressed oops)
# Failed to write core dump. Minidumps are not enabled by default on client versions of Windows
#

---------------  T H R E A D  ---------------

Current thread (0x000000001ee3a800):  JavaThread "C2 CompilerThread1" daemon [_thread_in_native, id=18608, stack(0x000000001f5b0000,0x000000001f6b0000)]

Stack: [0x000000001f5b0000,0x000000001f6b0000]
[error occurred during error reporting (printing stack bounds), id 0xc0000005]

Native frames: (J=compiled Java code, j=interpreted, Vv=VM code, C=native code)


Current CompileTask:
C2:   1988  799       4       com.android.dx.ssa.SsaMethod::forEachInsn (36 bytes)


---------------  P R O C E S S  ---------------

Java Threads: ( => current thread )
  0x000000001efcf800 JavaThread "pool-1-thread-4" [_thread_in_Java, id=12348, stack(0x000000001feb0000,0x000000001ffb0000)]
  0x000000001efcc800 JavaThread "pool-1-thread-3" [_thread_blocked, id=17740, stack(0x000000001fdb0000,0x000000001feb0000)]
  0x000000001efbc000 JavaThread "pool-1-thread-2" [_thread_in_Java, id=5252, stack(0x000000001fcb0000,0x000000001fdb0000)]
  0x000000001efb4000 JavaThread "pool-2-thread-1" [_thread_blocked, id=18840, stack(0x000000001fbb0000,0x000000001fcb0000)]
  0x000000001ef49800 JavaThread "pool-1-thread-1" [_thread_blocked, id=15900, stack(0x000000001fab0000,0x000000001fbb0000)]
  0x000000001ee50000 JavaThread "Service Thread" daemon [_thread_blocked, id=3600, stack(0x000000001f8b0000,0x000000001f9b0000)]
  0x000000001ee41800 JavaThread "C1 CompilerThread3" daemon [_thread_blocked, id=12616, stack(0x000000001f7b0000,0x000000001f8b0000)]
  0x000000001ee3b800 JavaThread "C2 CompilerThread2" daemon [_thread_blocked, id=4072, stack(0x000000001f6b0000,0x000000001f7b0000)]
=>0x000000001ee3a800 JavaThread "C2 CompilerThread1" daemon [_thread_in_native, id=18608, stack(0x000000001f5b0000,0x000000001f6b0000)]
  0x000000001ee35000 JavaThread "C2 CompilerThread0" daemon [_thread_in_native, id=19056, stack(0x000000001f4b0000,0x000000001f5b0000)]
  0x000000001ee34000 JavaThread "Attach Listener" daemon [_thread_blocked, id=15984, stack(0x000000001f3b0000,0x000000001f4b0000)]
  0x000000001ee33800 JavaThread "Signal Dispatcher" daemon [_thread_blocked, id=7200, stack(0x000000001f2b0000,0x000000001f3b0000)]
  0x0000000003398800 JavaThread "Finalizer" daemon [_thread_blocked, id=7364, stack(0x000000001f1b0000,0x000000001f2b0000)]
  0x0000000003395000 JavaThread "Reference Handler" daemon [_thread_blocked, id=612, stack(0x000000001ecb0000,0x000000001edb0000)]
  0x000000000329e800 JavaThread "main" [_thread_in_Java, id=12256, stack(0x0000000003100000,0x0000000003200000)]

Other Threads:
  0x000000001ceb7000 VMThread [stack: 0x000000001ebb0000,0x000000001ecb0000] [id=19296]
  0x000000001ee51000 WatcherThread [stack: 0x000000001f9b0000,0x000000001fab0000] [id=19332]

VM state:not at safepoint (normal execution)

VM Mutex/Monitor currently owned by a thread: None

Heap:
 PSYoungGen      total 37888K, used 21635K [0x000000076ab00000, 0x000000076d500000, 0x00000007c0000000)
  eden space 32768K, 66% used [0x000000076ab00000,0x000000076c020db8,0x000000076cb00000)
  from space 5120K, 0% used [0x000000076d000000,0x000000076d000000,0x000000076d500000)
  to   space 5120K, 0% used [0x000000076cb00000,0x000000076cb00000,0x000000076d000000)
 ParOldGen       total 86016K, used 0K [0x00000006c0000000, 0x00000006c5400000, 0x000000076ab00000)
  object space 86016K, 0% used [0x00000006c0000000,0x00000006c0000000,0x00000006c5400000)
 Metaspace       used 5803K, capacity 6768K, committed 7040K, reserved 1056768K
  class space    used 576K, capacity 616K, committed 640K, reserved 1048576K

Card table byte_map: [0x0000000012760000,0x0000000012f70000] byte_map_base: 0x000000000f160000

Marking Bits: (ParMarkBitMap*) 0x0000000063b69d00
 Begin Bits: [0x0000000013cd0000, 0x0000000017cd0000)
 End Bits:   [0x0000000017cd0000, 0x000000001bcd0000)

Polling page: 0x00000000015c0000

CodeCache: size=245760Kb used=3290Kb max_used=3300Kb free=242469Kb
 bounds [0x00000000033a0000, 0x00000000036e0000, 0x00000000123a0000]
 total_blobs=1122 nmethods=854 adapters=182
 compilation: enabled

Compilation events (10 events):
Event: 1.981 Thread 0x000000001ee41800 nmethod 751 0x00000000036d8010 code [0x00000000036d8160, 0x00000000036d8270]
Event: 1.981 Thread 0x000000001ee41800  816       1       com.android.dx.cf.code.RopperMachine::getReturnOp (5 bytes)
Event: 1.981 Thread 0x000000001ee41800 nmethod 816 0x00000000036d7d50 code [0x00000000036d7ea0, 0x00000000036d7fb0]
Event: 1.981 Thread 0x000000001ee41800  817       1       com.android.dx.cf.code.RopperMachine::getReturnPosition (5 bytes)
Event: 1.981 Thread 0x000000001ee41800 nmethod 817 0x00000000036d7a90 code [0x00000000036d7be0, 0x00000000036d7cf0]
Event: 1.981 Thread 0x000000001ee41800  818       1       com.android.dx.rop.code.Rop::getSources (5 bytes)
Event: 1.981 Thread 0x000000001ee41800 nmethod 818 0x00000000036d77d0 code [0x00000000036d7920, 0x00000000036d7a30]
Event: 1.981 Thread 0x000000001ee41800  789       1       com.android.dx.dex.file.DexFile::getStringIds (5 bytes)
Event: 1.981 Thread 0x000000001ee41800 nmethod 789 0x00000000036d7510 code [0x00000000036d7660, 0x00000000036d7770]
Event: 1.985 Thread 0x000000001ee3b800 nmethod 840 0x00000000036d6a50 code [0x00000000036d6bc0, 0x00000000036d6f08]

GC Heap History (0 events):
No events

Deoptimization events (5 events):
Event: 1.398 Thread 0x000000000329e800 Uncommon trap: reason=unstable_if action=reinterpret pc=0x00000000034f6994 method=java.lang.String.indexOf(II)I @ 49
Event: 1.400 Thread 0x000000000329e800 Uncommon trap: reason=unstable_if action=reinterpret pc=0x00000000034f6e14 method=java.lang.String.indexOf(II)I @ 49
Event: 1.826 Thread 0x000000001efbc000 Uncommon trap: reason=unstable_if action=reinterpret pc=0x00000000035c5274 method=java.util.BitSet.nextSetBit(I)I @ 87
Event: 1.846 Thread 0x000000001ef49800 Uncommon trap: reason=unstable_if action=reinterpret pc=0x00000000035bdf80 method=java.util.HashMap.getNode(ILjava/lang/Object;)Ljava/util/HashMap$Node; @ 129
Event: 1.972 Thread 0x000000001efbc000 Uncommon trap: reason=unstable_if action=reinterpret pc=0x00000000035f655c method=java.util.HashMap.getNode(ILjava/lang/Object;)Ljava/util/HashMap$Node; @ 62

Internal exceptions (2 events):
Event: 0.298 Thread 0x000000000329e800 Exception <a 'java/lang/NoSuchMethodError': Method sun.misc.Unsafe.defineClass(Ljava/lang/String;[BII)Ljava/lang/Class; name or signature does not match> (0x000000076ab07cc0) thrown at [C:\src\android\AOSP-openjdk\external\jetbrains\jdk\hotspot\src\share\vc>,)Ó?
Event: 0.298 Thread 0x000000000329e800 Exception <a 'java/lang/NoSuchMethodError': Method sun.misc.Unsafe.prefetchRead(Ljava/lang/Object;J)V name or signature does not match> (0x000000076ab07fa8) thrown at [C:\src\android\AOSP-openjdk\external\jetbrains\jdk\hotspot\src\share\vm\prims\jni.cpp, l

Events (10 events):
Event: 1.876 loading class com/android/dx/dex/file/UniformListItem done
Event: 1.877 loading class com/android/dx/dex/file/AnnotationSetRefItem
Event: 1.877 loading class com/android/dx/dex/file/AnnotationSetRefItem done
Event: 1.879 loading class java/util/ArrayList$1
Event: 1.879 loading class java/util/ArrayList$1 done
Event: 1.972 Thread 0x000000001efbc000 Uncommon trap: trap_request=0xffffff65 fr.pc=0x00000000035f655c
Event: 1.972 Thread 0x000000001efbc000 DEOPT PACKING pc=0x00000000035f655c sp=0x000000001fdaed80
Event: 1.972 Thread 0x000000001efbc000 DEOPT UNPACKING pc=0x00000000033e556a sp=0x000000001fdaeca0 mode 2
Event: 1.976 loading class com/android/dx/cf/code/Ropper$ExceptionHandlerSetup
Event: 1.976 loading class com/android/dx/cf/code/Ropper$ExceptionHandlerSetup done


Dynamic libraries:
0x00007ff6f3b30000 - 0x00007ff6f3b61000 	D:\andriod-studio\Android Studio\jre\bin\java.exe
0x00007ffb5ab90000 - 0x00007ffb5ad61000 	C:\WINDOWS\SYSTEM32\ntdll.dll
0x00007ffb58490000 - 0x00007ffb5853b000 	C:\WINDOWS\System32\KERNEL32.DLL
0x00007ffb57b70000 - 0x00007ffb57d8d000 	C:\WINDOWS\System32\KERNELBASE.dll
0x00007ffb57fd0000 - 0x00007ffb58072000 	C:\WINDOWS\System32\ADVAPI32.dll
0x00007ffb58080000 - 0x00007ffb5811e000 	C:\WINDOWS\System32\msvcrt.dll
0x00007ffb58400000 - 0x00007ffb58459000 	C:\WINDOWS\System32\sechost.dll
0x00007ffb58a70000 - 0x00007ffb58b91000 	C:\WINDOWS\System32\RPCRT4.dll
0x00007ffb58220000 - 0x00007ffb58385000 	C:\WINDOWS\System32\USER32.dll
0x00007ffb579d0000 - 0x00007ffb579ee000 	C:\WINDOWS\System32\win32u.dll
0x00007ffb58640000 - 0x00007ffb58674000 	C:\WINDOWS\System32\GDI32.dll
0x00007ffb56f30000 - 0x00007ffb570b2000 	C:\WINDOWS\System32\gdi32full.dll
0x00007ffb4f630000 - 0x00007ffb4f8a9000 	C:\WINDOWS\WinSxS\amd64_microsoft.windows.common-controls_6595b64144ccf1df_6.0.14393.447_none_42191651c6827bb3\COMCTL32.dll
0x00007ffb58790000 - 0x00007ffb58a58000 	C:\WINDOWS\System32\combase.dll
0x00007ffb57110000 - 0x00007ffb57205000 	C:\WINDOWS\System32\ucrtbase.dll
0x00007ffb57aa0000 - 0x00007ffb57b0a000 	C:\WINDOWS\System32\bcryptPrimitives.dll
0x00007ffb58460000 - 0x00007ffb5848e000 	C:\WINDOWS\System32\IMM32.DLL
0x0000000064600000 - 0x00000000646d2000 	D:\andriod-studio\Android Studio\jre\jre\bin\msvcr100.dll
0x00000000633b0000 - 0x0000000063be4000 	D:\andriod-studio\Android Studio\jre\jre\bin\server\jvm.dll
0x00007ffb57210000 - 0x00007ffb57233000 	C:\WINDOWS\System32\WINMM.dll
0x00007ffb56dc0000 - 0x00007ffb56deb000 	C:\WINDOWS\System32\WINMMBASE.dll
0x00007ffb570c0000 - 0x00007ffb57102000 	C:\WINDOWS\System32\cfgmgr32.dll
0x00007ffb5a660000 - 0x00007ffb5a668000 	C:\WINDOWS\System32\PSAPI.DLL
0x00007ffb52ed0000 - 0x00007ffb52ed9000 	C:\WINDOWS\SYSTEM32\WSOCK32.dll
0x00007ffb57f60000 - 0x00007ffb57fca000 	C:\WINDOWS\System32\WS2_32.dll
0x00007ffb51fb0000 - 0x00007ffb51fba000 	C:\WINDOWS\SYSTEM32\VERSION.dll
0x00007ffb53770000 - 0x00007ffb5377f000 	D:\andriod-studio\Android Studio\jre\jre\bin\verify.dll
0x00007ffb4dbe0000 - 0x00007ffb4dc09000 	D:\andriod-studio\Android Studio\jre\jre\bin\java.dll
0x00007ffb521a0000 - 0x00007ffb521b6000 	D:\andriod-studio\Android Studio\jre\jre\bin\zip.dll
0x00007ffb58ba0000 - 0x00007ffb5a0a9000 	C:\WINDOWS\System32\SHELL32.dll
0x00007ffb57240000 - 0x00007ffb5791a000 	C:\WINDOWS\System32\windows.storage.dll
0x00007ffb56ee0000 - 0x00007ffb56f2c000 	C:\WINDOWS\System32\powrprof.dll
0x00007ffb5a0d0000 - 0x00007ffb5a122000 	C:\WINDOWS\System32\shlwapi.dll
0x00007ffb56df0000 - 0x00007ffb56dff000 	C:\WINDOWS\System32\kernel.appcore.dll
0x00007ffb56e30000 - 0x00007ffb56ed9000 	C:\WINDOWS\System32\shcore.dll
0x00007ffb56e00000 - 0x00007ffb56e14000 	C:\WINDOWS\System32\profapi.dll

VM Arguments:
jvm_args: -Djava.awt.headless=true -Xmx4g -Dfile.encoding=GBK -Duser.country=CN -Duser.language=zh -Duser.variant 
java_command: com.android.dx.command.Main --dex --force-jumbo --num-threads=4 --output D:\andriod-studio\workspace\wenhuaijun-SearchPictureTool-6e61917\app\build\intermediates\pre-dexed\build\debug\com.facebook.fresco-drawee-0.13.0_ec2caa8ac999c4ea090d1441e6cfcf208ad05ef6.jar D:\andriod-studio\workspace\wenhuaijun-SearchPictureTool-6e61917\app\build\intermediates\exploded-aar\com.facebook.fresco\drawee\0.13.0\jars\classes.jar
java_class_path (initial): D:\androidstudio\Sdk\build-tools\24.0.0\lib\dx.jar
Launcher Type: SUN_STANDARD

Environment Variables:
JAVA_HOME=C:\Program Files\Java\jdk1.8.0_91
CLASSPATH=.;C:\Program Files\Java\jdk1.8.0_91\lib\dt.jar;C:\Program Files\Java\jdk1.8.0_91\lib\tools.jar
PATH=C:\Program Files\NVIDIA GPU Computing Toolkit\CUDA\v7.5\bin;C:\Program Files\NVIDIA GPU Computing Toolkit\CUDA\v7.5\libnvvp;C:;C:\Program Files\Java\jdk1.8.0_91\bin;C:\Program Files\Java\jdk1.8.0_91\jre\bin;\ProgramData\Oracle\Java\javapath;C:\Program Files (x86)\Intel\iCLS Client\;C:\Program Files\Intel\iCLS Client\;C:\windows\system32;C:\windows;C:\windows\System32\Wbem;C:\windows\System32\WindowsPowerShell\v1.0\;C:\Program Files (x86)\Intel\Intel(R) Management Engine Components\DAL;C:\Program Files\Intel\Intel(R) Management Engine Components\DAL;C:\Program Files (x86)\Intel\Intel(R) Management Engine Components\IPT;C:\Program Files\Intel\Intel(R) Management Engine Components\IPT;C:\Program Files (x86)\NVIDIA Corporation\PhysX\Common;C:\Program Files\Intel\IntelSGXPSW\bin\x64\Release\;C:\Program Files\Intel\IntelSGXPSW\bin\win32\Release\;C:\Program Files\Intel\WiFi\bin\;C:\Program Files\Common Files\Intel\WirelessCommon\;C:\WINDOWS\system32;C:\WINDOWS;C:\WINDOWS\System32\Wbem;C:\WINDOWS\System32\WindowsPowerShell\v1.0\;D:\mysql\bin;D:\openCV\Opencv\build\x64\vc12\bin;C:\Program Files (x86)\Windows Kits\8.1\Windows Performance Toolkit\;C:\Program Files (x86)\Microsoft SDKs\TypeScript\1.0\;D:\opencv\opencv\build\x86\vc12\bin;D:\opencv\opencv\build\x64\vc12\bin;C:\Program Files (x86)\Autodesk\Backburner\;C:\Program Files\Common Files\Autodesk Shared\;C:\Program Files\Microsoft SQL Server\Client SDK\ODBC\110\Tools\Binn\;C:\Program Files (x86)\Microsoft SQL Server\120\Tools\Binn\;C:\Program Files\Microsoft SQL Server\120\Tools\Binn\;C:\Program Files\Microsoft SQL Server\120\DTS\Binn\;C:\Program Files (x86)\Microsoft SQL Server\120\Tools\Binn\ManagementStudio\;C:\Program Files (x86)\Microsoft SQL Server\120\DTS\Binn\;C:\Program Files\Microsoft SQL Server\110\Tools\Binn\;D:\MATLAB\v901\runtime\win64;C:\Program Files (x86)\GtkSharp\2.12\bin;D:\SDK\android-studio\tools;D:\SDK\android-studio\platform-tools;C:\Users\raozhi\AppData\Local\Microsoft\WindowsApps;
USERNAME=raozhi
OS=Windows_NT
PROCESSOR_IDENTIFIER=Intel64 Family 6 Model 94 Stepping 3, GenuineIntel



---------------  S Y S T E M  ---------------

OS: Windows 10.0 , 64 bit Build 14393 (10.0.14393.0)

CPU:total 8 (4 cores per cpu, 2 threads per core) family 6 model 94 stepping 3, cmov, cx8, fxsr, mmx, sse, sse2, sse3, ssse3, sse4.1, sse4.2, popcnt, avx, avx2, aes, clmul, erms, rtm, 3dnowpref, lzcnt, ht, tsc, tscinvbit, bmi1, bmi2, adx

Memory: 4k page, physical 8223456k(1497884k free), swap 11852924k(4096k free)

vm_info: OpenJDK 64-Bit Server VM (25.76-b03) for windows-amd64 JRE (1.8.0_76-release-b03), built on Jun 29 2016 19:09:20 by "ralucas" with MS VC++ 10.0 (VS2010)

time: Fri May 26 19:29:38 2017
elapsed time: 1 seconds (0d 0h 0m 1s)

