#
# There is insufficient memory for the Java Runtime Environment to continue.
# Native memory allocation (malloc) failed to allocate 32744 bytes for ChunkPool::allocate
# Possible reasons:
#   The system is out of physical RAM or swap space
#   In 32 bit mode, the process size limit was hit
# Possible solutions:
#   Reduce memory load on the system
#   Increase physical memory or swap space
#   Check if swap backing store is full
#   Use 64 bit Java on a 64 bit OS
#   Decrease Java heap size (-Xmx/-Xms)
#   Decrease number of Java threads
#   Decrease Java thread stack sizes (-Xss)
#   Set larger code cache with -XX:ReservedCodeCacheSize=
# This output file may be truncated or incomplete.
#
#  Out of Memory Error (allocation.cpp:273), pid=804, tid=0x0000000000001594
#
# JRE version: OpenJDK Runtime Environment (8.0_76-b03) (build 1.8.0_76-release-b03)
# Java VM: OpenJDK 64-Bit Server VM (25.76-b03 mixed mode windows-amd64 compressed oops)
# Failed to write core dump. Minidumps are not enabled by default on client versions of Windows
#

---------------  T H R E A D  ---------------

Current thread (0x000000001c8cb000):  JavaThread "C2 CompilerThread0" daemon [_thread_in_native, id=5524, stack(0x000000001ee90000,0x000000001ef90000)]

Stack: [0x000000001ee90000,0x000000001ef90000]
[error occurred during error reporting (printing stack bounds), id 0xc0000005]

Native frames: (J=compiled Java code, j=interpreted, Vv=VM code, C=native code)


Current CompileTask:
C2:   3156  605       4       java.lang.Long::bitCount (61 bytes)


---------------  P R O C E S S  ---------------

Java Threads: ( => current thread )
  0x000000001ea18000 JavaThread "pool-1-thread-4" [_thread_blocked, id=2304, stack(0x000000001f890000,0x000000001f990000)]
  0x000000001e9c2800 JavaThread "pool-1-thread-3" [_thread_in_Java, id=11228, stack(0x000000001f790000,0x000000001f890000)]
  0x000000001ead7800 JavaThread "pool-1-thread-2" [_thread_in_Java, id=13096, stack(0x000000001f690000,0x000000001f790000)]
  0x000000001ead5000 JavaThread "pool-2-thread-1" [_thread_blocked, id=8036, stack(0x000000001f590000,0x000000001f690000)]
  0x000000001eb60000 JavaThread "pool-1-thread-1" [_thread_in_Java, id=16248, stack(0x000000001f490000,0x000000001f590000)]
  0x000000001e830000 JavaThread "Service Thread" daemon [_thread_blocked, id=772, stack(0x000000001f290000,0x000000001f390000)]
  0x000000001e821800 JavaThread "C1 CompilerThread3" daemon [_thread_in_native, id=4056, stack(0x000000001f190000,0x000000001f290000)]
  0x000000001e81c000 JavaThread "C2 CompilerThread2" daemon [_thread_blocked, id=19112, stack(0x000000001f090000,0x000000001f190000)]
  0x000000001e81b000 JavaThread "C2 CompilerThread1" daemon [_thread_blocked, id=824, stack(0x000000001ef90000,0x000000001f090000)]
=>0x000000001c8cb000 JavaThread "C2 CompilerThread0" daemon [_thread_in_native, id=5524, stack(0x000000001ee90000,0x000000001ef90000)]
  0x000000001c8ca000 JavaThread "Attach Listener" daemon [_thread_blocked, id=8660, stack(0x000000001ed90000,0x000000001ee90000)]
  0x000000001e7ce000 JavaThread "Signal Dispatcher" daemon [_thread_blocked, id=9784, stack(0x000000001ec90000,0x000000001ed90000)]
  0x0000000002d98800 JavaThread "Finalizer" daemon [_thread_blocked, id=18756, stack(0x000000001eb90000,0x000000001ec90000)]
  0x0000000002d95000 JavaThread "Reference Handler" daemon [_thread_blocked, id=12820, stack(0x000000001e690000,0x000000001e790000)]
  0x0000000002a9e800 JavaThread "main" [_thread_in_Java, id=12896, stack(0x0000000002aa0000,0x0000000002ba0000)]

Other Threads:
  0x000000001c8b7000 VMThread [stack: 0x000000001e590000,0x000000001e690000] [id=19308]
  0x000000001e831000 WatcherThread [stack: 0x000000001f390000,0x000000001f490000] [id=14160]

VM state:not at safepoint (normal execution)

VM Mutex/Monitor currently owned by a thread: None

Heap:
 PSYoungGen      total 37888K, used 19302K [0x000000076ab00000, 0x000000076d500000, 0x00000007c0000000)
  eden space 32768K, 58% used [0x000000076ab00000,0x000000076bdd9b68,0x000000076cb00000)
  from space 5120K, 0% used [0x000000076d000000,0x000000076d000000,0x000000076d500000)
  to   space 5120K, 0% used [0x000000076cb00000,0x000000076cb00000,0x000000076d000000)
 ParOldGen       total 86016K, used 0K [0x00000006c0000000, 0x00000006c5400000, 0x000000076ab00000)
  object space 86016K, 0% used [0x00000006c0000000,0x00000006c0000000,0x00000006c5400000)
 Metaspace       used 5486K, capacity 6512K, committed 6784K, reserved 1056768K
  class space    used 569K, capacity 616K, committed 640K, reserved 1048576K

Card table byte_map: [0x0000000012160000,0x0000000012970000] byte_map_base: 0x000000000eb60000

Marking Bits: (ParMarkBitMap*) 0x0000000063b69d00
 Begin Bits: [0x00000000136d0000, 0x00000000176d0000)
 End Bits:   [0x00000000176d0000, 0x000000001b6d0000)

Polling page: 0x0000000000ea0000

CodeCache: size=245760Kb used=2277Kb max_used=2289Kb free=243482Kb
 bounds [0x0000000002da0000, 0x0000000003010000, 0x0000000011da0000]
 total_blobs=859 nmethods=591 adapters=182
 compilation: enabled

Compilation events (10 events):
Event: 3.133 Thread 0x000000001e821800  597       3       java.util.AbstractSet::<init> (5 bytes)
Event: 3.133 Thread 0x000000001e821800 nmethod 597 0x0000000002fd8210 code [0x0000000002fd8380, 0x0000000002fd8590]
Event: 3.133 Thread 0x000000001e821800  596       3       com.android.dx.util.LabeledList::set (45 bytes)
Event: 3.133 Thread 0x000000001c8cb000 nmethod 598 0x0000000002fdb390 code [0x0000000002fdb4e0, 0x0000000002fdb5e8]
Event: 3.133 Thread 0x000000001e821800 nmethod 596 0x0000000002fd9c10 code [0x0000000002fd9e40, 0x0000000002fdabc8]
Event: 3.133 Thread 0x000000001e821800  594   !   3       com.android.dx.cf.code.BytecodeArray::parseInstruction (2764 bytes)
Event: 3.136 Thread 0x000000001e81c000 nmethod 600 0x0000000002fdd210 code [0x0000000002fdd360, 0x0000000002fdd6d8]
Event: 3.136 Thread 0x000000001e81b000  601       4       com.android.dx.util.IntList::growIfNeeded (46 bytes)
Event: 3.139 Thread 0x000000001e81b000 nmethod 601 0x0000000002fdd8d0 code [0x0000000002fdda20, 0x0000000002fddc98]
Event: 3.154 Thread 0x000000001c8cb000  605       4       java.lang.Long::bitCount (61 bytes)

GC Heap History (0 events):
No events

Deoptimization events (2 events):
Event: 2.172 Thread 0x0000000002a9e800 Uncommon trap: reason=unstable_if action=reinterpret pc=0x0000000002ed0a68 method=java.lang.String.compareTo(Ljava/lang/String;)I @ 38
Event: 2.297 Thread 0x0000000002a9e800 Uncommon trap: reason=unstable_if action=reinterpret pc=0x0000000002ec8f1c method=java.lang.String.indexOf(II)I @ 49

Internal exceptions (2 events):
Event: 0.948 Thread 0x0000000002a9e800 Exception <a 'java/lang/NoSuchMethodError': Method sun.misc.Unsafe.defineClass(Ljava/lang/String;[BII)Ljava/lang/Class; name or signature does not match> (0x000000076ab07cc0) thrown at [C:\src\android\AOSP-openjdk\external\jetbrains\jdk\hotspot\src\share\vЗазXН?
Event: 0.948 Thread 0x0000000002a9e800 Exception <a 'java/lang/NoSuchMethodError': Method sun.misc.Unsafe.prefetchRead(Ljava/lang/Object;J)V name or signature does not match> (0x000000076ab07fa8) thrown at [C:\src\android\AOSP-openjdk\external\jetbrains\jdk\hotspot\src\share\vm\prims\jni.cpp, l

Events (10 events):
Event: 3.034 loading class java/util/HashMap$Values
Event: 3.034 loading class java/util/HashMap$Values done
Event: 3.035 loading class java/util/HashMap$ValueIterator
Event: 3.035 loading class java/util/HashMap$ValueIterator done
Event: 3.039 loading class com/android/dx/ssa/PhiInsn$Operand
Event: 3.039 loading class com/android/dx/ssa/PhiInsn$Operand done
Event: 3.063 loading class com/android/dx/ssa/back/FirstFitLocalCombiningAllocator$Multiset
Event: 3.063 loading class com/android/dx/ssa/back/FirstFitLocalCombiningAllocator$Multiset done
Event: 3.111 loading class com/android/dx/cf/code/BytecodeArray$ConstantParserVisitor
Event: 3.111 loading class com/android/dx/cf/code/BytecodeArray$ConstantParserVisitor done


Dynamic libraries:
0x00007ff6f3b30000 - 0x00007ff6f3b61000 	D:\andriod-studio\Android Studio\jre\bin\java.exe
0x00007ffb5ab90000 - 0x00007ffb5ad61000 	C:\WINDOWS\SYSTEM32\ntdll.dll
0x00007ffb58490000 - 0x00007ffb5853b000 	C:\WINDOWS\System32\KERNEL32.DLL
0x00007ffb57b70000 - 0x00007ffb57d8d000 	C:\WINDOWS\System32\KERNELBASE.dll
0x00007ffb57fd0000 - 0x00007ffb58072000 	C:\WINDOWS\System32\ADVAPI32.dll
0x00007ffb58080000 - 0x00007ffb5811e000 	C:\WINDOWS\System32\msvcrt.dll
0x00007ffb58400000 - 0x00007ffb58459000 	C:\WINDOWS\System32\sechost.dll
0x00007ffb58a70000 - 0x00007ffb58b91000 	C:\WINDOWS\System32\RPCRT4.dll
0x00007ffb58220000 - 0x00007ffb58385000 	C:\WINDOWS\System32\USER32.dll
0x00007ffb579d0000 - 0x00007ffb579ee000 	C:\WINDOWS\System32\win32u.dll
0x00007ffb58640000 - 0x00007ffb58674000 	C:\WINDOWS\System32\GDI32.dll
0x00007ffb56f30000 - 0x00007ffb570b2000 	C:\WINDOWS\System32\gdi32full.dll
0x00007ffb4f630000 - 0x00007ffb4f8a9000 	C:\WINDOWS\WinSxS\amd64_microsoft.windows.common-controls_6595b64144ccf1df_6.0.14393.447_none_42191651c6827bb3\COMCTL32.dll
0x00007ffb58790000 - 0x00007ffb58a58000 	C:\WINDOWS\System32\combase.dll
0x00007ffb57110000 - 0x00007ffb57205000 	C:\WINDOWS\System32\ucrtbase.dll
0x00007ffb57aa0000 - 0x00007ffb57b0a000 	C:\WINDOWS\System32\bcryptPrimitives.dll
0x00007ffb58460000 - 0x00007ffb5848e000 	C:\WINDOWS\System32\IMM32.DLL
0x0000000064600000 - 0x00000000646d2000 	D:\andriod-studio\Android Studio\jre\jre\bin\msvcr100.dll
0x00000000633b0000 - 0x0000000063be4000 	D:\andriod-studio\Android Studio\jre\jre\bin\server\jvm.dll
0x00007ffb57210000 - 0x00007ffb57233000 	C:\WINDOWS\System32\WINMM.dll
0x00007ffb56dc0000 - 0x00007ffb56deb000 	C:\WINDOWS\System32\WINMMBASE.dll
0x00007ffb570c0000 - 0x00007ffb57102000 	C:\WINDOWS\System32\cfgmgr32.dll
0x00007ffb5a660000 - 0x00007ffb5a668000 	C:\WINDOWS\System32\PSAPI.DLL
0x00007ffb52ed0000 - 0x00007ffb52ed9000 	C:\WINDOWS\SYSTEM32\WSOCK32.dll
0x00007ffb57f60000 - 0x00007ffb57fca000 	C:\WINDOWS\System32\WS2_32.dll
0x00007ffb51fb0000 - 0x00007ffb51fba000 	C:\WINDOWS\SYSTEM32\VERSION.dll
0x00007ffb53770000 - 0x00007ffb5377f000 	D:\andriod-studio\Android Studio\jre\jre\bin\verify.dll
0x00007ffb4dbe0000 - 0x00007ffb4dc09000 	D:\andriod-studio\Android Studio\jre\jre\bin\java.dll
0x00007ffb521a0000 - 0x00007ffb521b6000 	D:\andriod-studio\Android Studio\jre\jre\bin\zip.dll
0x00007ffb58ba0000 - 0x00007ffb5a0a9000 	C:\WINDOWS\System32\SHELL32.dll
0x00007ffb57240000 - 0x00007ffb5791a000 	C:\WINDOWS\System32\windows.storage.dll
0x00007ffb56ee0000 - 0x00007ffb56f2c000 	C:\WINDOWS\System32\powrprof.dll
0x00007ffb5a0d0000 - 0x00007ffb5a122000 	C:\WINDOWS\System32\shlwapi.dll
0x00007ffb56df0000 - 0x00007ffb56dff000 	C:\WINDOWS\System32\kernel.appcore.dll
0x00007ffb56e30000 - 0x00007ffb56ed9000 	C:\WINDOWS\System32\shcore.dll
0x00007ffb56e00000 - 0x00007ffb56e14000 	C:\WINDOWS\System32\profapi.dll

VM Arguments:
jvm_args: -Djava.awt.headless=true -Xmx4g -Dfile.encoding=GBK -Duser.country=CN -Duser.language=zh -Duser.variant 
java_command: com.android.dx.command.Main --dex --force-jumbo --num-threads=4 --output D:\andriod-studio\workspace\wenhuaijun-SearchPictureTool-6e61917\app\build\intermediates\pre-dexed\build\debug\internal_impl-24.1.1_fb119759fbf5daaed89cb8aa85fa2788751c58db.jar D:\andriod-studio\workspace\wenhuaijun-SearchPictureTool-6e61917\app\build\intermediates\exploded-aar\com.android.support\support-v4\24.1.1\jars\libs\internal_impl-24.1.1.jar
java_class_path (initial): D:\androidstudio\Sdk\build-tools\24.0.0\lib\dx.jar
Launcher Type: SUN_STANDARD

Environment Variables:
JAVA_HOME=C:\Program Files\Java\jdk1.8.0_91
CLASSPATH=.;C:\Program Files\Java\jdk1.8.0_91\lib\dt.jar;C:\Program Files\Java\jdk1.8.0_91\lib\tools.jar
PATH=C:\Program Files\NVIDIA GPU Computing Toolkit\CUDA\v7.5\bin;C:\Program Files\NVIDIA GPU Computing Toolkit\CUDA\v7.5\libnvvp;C:;C:\Program Files\Java\jdk1.8.0_91\bin;C:\Program Files\Java\jdk1.8.0_91\jre\bin;\ProgramData\Oracle\Java\javapath;C:\Program Files (x86)\Intel\iCLS Client\;C:\Program Files\Intel\iCLS Client\;C:\windows\system32;C:\windows;C:\windows\System32\Wbem;C:\windows\System32\WindowsPowerShell\v1.0\;C:\Program Files (x86)\Intel\Intel(R) Management Engine Components\DAL;C:\Program Files\Intel\Intel(R) Management Engine Components\DAL;C:\Program Files (x86)\Intel\Intel(R) Management Engine Components\IPT;C:\Program Files\Intel\Intel(R) Management Engine Components\IPT;C:\Program Files (x86)\NVIDIA Corporation\PhysX\Common;C:\Program Files\Intel\IntelSGXPSW\bin\x64\Release\;C:\Program Files\Intel\IntelSGXPSW\bin\win32\Release\;C:\Program Files\Intel\WiFi\bin\;C:\Program Files\Common Files\Intel\WirelessCommon\;C:\WINDOWS\system32;C:\WINDOWS;C:\WINDOWS\System32\Wbem;C:\WINDOWS\System32\WindowsPowerShell\v1.0\;D:\mysql\bin;D:\openCV\Opencv\build\x64\vc12\bin;C:\Program Files (x86)\Windows Kits\8.1\Windows Performance Toolkit\;C:\Program Files (x86)\Microsoft SDKs\TypeScript\1.0\;D:\opencv\opencv\build\x86\vc12\bin;D:\opencv\opencv\build\x64\vc12\bin;C:\Program Files (x86)\Autodesk\Backburner\;C:\Program Files\Common Files\Autodesk Shared\;C:\Program Files\Microsoft SQL Server\Client SDK\ODBC\110\Tools\Binn\;C:\Program Files (x86)\Microsoft SQL Server\120\Tools\Binn\;C:\Program Files\Microsoft SQL Server\120\Tools\Binn\;C:\Program Files\Microsoft SQL Server\120\DTS\Binn\;C:\Program Files (x86)\Microsoft SQL Server\120\Tools\Binn\ManagementStudio\;C:\Program Files (x86)\Microsoft SQL Server\120\DTS\Binn\;C:\Program Files\Microsoft SQL Server\110\Tools\Binn\;D:\MATLAB\v901\runtime\win64;C:\Program Files (x86)\GtkSharp\2.12\bin;D:\SDK\android-studio\tools;D:\SDK\android-studio\platform-tools;C:\Users\raozhi\AppData\Local\Microsoft\WindowsApps;
USERNAME=raozhi
OS=Windows_NT
PROCESSOR_IDENTIFIER=Intel64 Family 6 Model 94 Stepping 3, GenuineIntel



---------------  S Y S T E M  ---------------

OS: Windows 10.0 , 64 bit Build 14393 (10.0.14393.0)

CPU:total 8 (4 cores per cpu, 2 threads per core) family 6 model 94 stepping 3, cmov, cx8, fxsr, mmx, sse, sse2, sse3, ssse3, sse4.1, sse4.2, popcnt, avx, avx2, aes, clmul, erms, rtm, 3dnowpref, lzcnt, ht, tsc, tscinvbit, bmi1, bmi2, adx

Memory: 4k page, physical 8223456k(1656728k free), swap 11795664k(5120k free)

vm_info: OpenJDK 64-Bit Server VM (25.76-b03) for windows-amd64 JRE (1.8.0_76-release-b03), built on Jun 29 2016 19:09:20 by "ralucas" with MS VC++ 10.0 (VS2010)

time: Fri May 26 19:26:28 2017
elapsed time: 3 seconds (0d 0h 0m 3s)

